[info] Loading settings for project silver-gv-build from plugins.sbt ...
[info] Loading project definition from C:\Users\jacob\Desktop\REUSE\silver-gv\project
[info] Loading settings for project silver from build.sbt ...
[info] Set current project to silver (in build file:/C:/Users/jacob/Desktop/REUSE/silver-gv/)
ignoring all/assume/assume.vpr
ignoring all/assume/assume10.vpr
ignoring all/assume/assume10QP.vpr
ignoring all/assume/assume10QPpred.vpr
ignoring all/assume/assume10QPwand.vpr
ignoring all/basic/abstract_funcs_and_preds.vpr
ignoring all/basic/consistency1.vpr
ignoring all/basic/func.vpr
ignoring all/basic/func2.vpr
ignoring all/basic/func3.vpr
ignoring all/basic/funcpred.vpr
ignoring all/basic/goto.vpr
ignoring all/basic/inex.vpr
ignoring all/basic/let.vpr
ignoring all/basic/let_consistency_resolver.vpr
ignoring all/basic/let_consistency_typechecker.vpr
ignoring all/basic/many_conjuncts.vpr
ignoring all/basic/names.vpr
ignoring all/basic/quantifiers.vpr
ignoring all/basic/regression1.vpr
ignoring all/basic/syntax2.vpr
ignoring all/basic/unique.vpr
ignoring all/chalice/FoldUnfoldExperiments.vpr
ignoring all/chalice/framing-functions.vpr
ignoring all/chalice/internal-bug-6.vpr
ignoring all/chalice/internal-bug-7.vpr
ignoring all/chalice/nestedPredicates.vpr
ignoring all/chalice/RingBufferRd.vpr
ignoring all/chalice/setset.vpr
ignoring all/chalice/test1.vpr
ignoring all/chalice/test2.vpr
ignoring all/chalice/test3.vpr
ignoring all/chalice/test7.vpr
ignoring all/domains/domains.vpr
ignoring all/domains/domains2.vpr
ignoring all/domains/domains_threshold.vpr
ignoring all/domains/domains_underspecified.vpr
ignoring all/functions/basic.vpr
ignoring all/functions/basic2.vpr
ignoring all/functions/framing_abstract_functions.vpr
ignoring all/functions/functions.vpr
ignoring all/functions/heap_dependent_triggers.vpr
ignoring all/functions/linkedlists.vpr
ignoring all/functions/nested.vpr
ignoring all/functions/recursion.vpr
ignoring all/functions/recursive_unrolling.vpr
ignoring all/functions/unfolding.vpr
ignoring all/functions/unfolding_nonnull.vpr
ignoring all/heap-dependent_triggers/HeapTriggersForperm.vpr
ignoring all/heap-dependent_triggers/heapTriggersInhaleExhale.vpr
ignoring all/heap-dependent_triggers/heapTriggersNested.vpr
ignoring all/heap-dependent_triggers/testNonQuant.vpr
ignoring all/heap-dependent_triggers/triggerFoldPackage.vpr
ignoring all/heap-dependent_triggers/triggerNotInBody.vpr
ignoring all/heap-dependent_triggers/triggerPred.vpr
ignoring all/heap-dependent_triggers/triggerWand.vpr
ignoring all/import/demo/account.vpr
ignoring all/import/demo/demo.vpr
ignoring all/import/demo/list.vpr
ignoring all/import/init_past/liba.vpr
ignoring all/import/init_past/libb.vpr
ignoring all/import/init_past/main.vpr
ignoring all/import/loop/liba.vpr
ignoring all/import/loop/libb.vpr
ignoring all/import/loop/main.vpr
ignoring all/import/standard_import/basic.vpr
ignoring all/import/standard_import/loop_both.vpr
ignoring all/import/standard_import/loop_local.vpr
ignoring all/import/standard_import/loop_standard.vpr
ignoring all/inhale_exhale/basic.vpr
ignoring all/inhale_exhale/disjunction.vpr
ignoring all/inhale_exhale/loops.vpr
ignoring all/inhale_exhale/permissions.vpr
ignoring all/inhale_exhale/pure_expressions.vpr
ignoring all/inhale_exhale/wellformedness.vpr
ignoring all/invariants/loops1.vpr
ignoring all/invariants/loops2.vpr
ignoring all/invariants/while3.vpr
ignoring all/issues/carbon/0008.vpr
ignoring all/issues/carbon/0012.vpr
ignoring all/issues/carbon/0042.vpr
ignoring all/issues/carbon/0045.vpr
ignoring all/issues/carbon/0055.vpr
ignoring all/issues/carbon/0056.vpr
ignoring all/issues/carbon/0059-2.vpr
ignoring all/issues/carbon/0063-1.vpr
ignoring all/issues/carbon/0063.vpr
ignoring all/issues/carbon/0064.vpr
ignoring all/issues/carbon/0065.vpr
ignoring all/issues/carbon/0066.vpr
ignoring all/issues/carbon/0067.vpr
ignoring all/issues/carbon/0069.vpr
ignoring all/issues/carbon/0073.vpr
ignoring all/issues/carbon/0076.vpr
ignoring all/issues/carbon/0080.vpr
ignoring all/issues/carbon/0082.vpr
ignoring all/issues/carbon/0097.vpr
ignoring all/issues/carbon/0100.vpr
ignoring all/issues/carbon/0112.vpr
ignoring all/issues/carbon/0118.vpr
ignoring all/issues/carbon/0122.vpr
ignoring all/issues/carbon/0125.vpr
ignoring all/issues/carbon/0137.vpr
ignoring all/issues/carbon/0149.vpr
ignoring all/issues/carbon/0151.vpr
ignoring all/issues/carbon/0165.vpr
ignoring all/issues/carbon/0170.vpr
ignoring all/issues/carbon/0172.vpr
ignoring all/issues/carbon/0173.vpr
ignoring all/issues/carbon/0177.vpr
ignoring all/issues/carbon/0179.vpr
ignoring all/issues/carbon/0181.vpr
ignoring all/issues/carbon/0188.vpr
ignoring all/issues/carbon/0192.vpr
ignoring all/issues/carbon/0195.vpr
ignoring all/issues/carbon/0196.vpr
ignoring all/issues/carbon/0200.vpr
ignoring all/issues/carbon/0202.vpr
ignoring all/issues/carbon/0203.vpr
ignoring all/issues/carbon/0206.vpr
ignoring all/issues/carbon/0207.vpr
ignoring all/issues/carbon/0209.vpr
ignoring all/issues/carbon/0210.vpr
ignoring all/issues/carbon/0221.vpr
ignoring all/issues/carbon/0222.vpr
ignoring all/issues/carbon/0223.vpr
ignoring all/issues/carbon/0238.vpr
ignoring all/issues/carbon/0239.vpr
ignoring all/issues/carbon/0264.vpr
ignoring all/issues/carbon/0271.vpr
ignoring all/issues/carbon/0274.vpr
ignoring all/issues/carbon/0279.vpr
ignoring all/issues/carbon/0282.vpr
ignoring all/issues/silicon/0005a.vpr
ignoring all/issues/silicon/0005b.vpr
ignoring all/issues/silicon/0006.vpr
ignoring all/issues/silicon/0030.vpr
ignoring all/issues/silicon/0033.vpr
ignoring all/issues/silicon/0039a.vpr
ignoring all/issues/silicon/0039b.vpr
ignoring all/issues/silicon/0041.vpr
ignoring all/issues/silicon/0045.vpr
ignoring all/issues/silicon/0087.vpr
ignoring all/issues/silicon/0088.vpr
ignoring all/issues/silicon/0097.vpr
ignoring all/issues/silicon/0110.vpr
ignoring all/issues/silicon/0112.vpr
ignoring all/issues/silicon/0113.vpr
ignoring all/issues/silicon/0114.vpr
ignoring all/issues/silicon/0117.vpr
ignoring all/issues/silicon/0118-reduced.vpr
ignoring all/issues/silicon/0118.vpr
ignoring all/issues/silicon/0119.vpr
ignoring all/issues/silicon/0120a.vpr
ignoring all/issues/silicon/0120b.vpr
ignoring all/issues/silicon/0135.vpr
ignoring all/issues/silicon/0146.vpr
ignoring all/issues/silicon/0153.vpr
ignoring all/issues/silicon/0154.vpr
ignoring all/issues/silicon/0155.vpr
ignoring all/issues/silicon/0159.vpr
ignoring all/issues/silicon/0161.vpr
ignoring all/issues/silicon/0162.vpr
ignoring all/issues/silicon/0163.vpr
ignoring all/issues/silicon/0167.vpr
ignoring all/issues/silicon/0171.vpr
ignoring all/issues/silicon/0172.vpr
ignoring all/issues/silicon/0186.vpr
ignoring all/issues/silicon/0195.vpr
ignoring all/issues/silicon/0197.vpr
ignoring all/issues/silicon/0199.vpr
ignoring all/issues/silicon/0200.vpr
ignoring all/issues/silicon/0203.vpr
ignoring all/issues/silicon/0207.vpr
ignoring all/issues/silicon/0210.vpr
ignoring all/issues/silicon/0213.vpr
ignoring all/issues/silicon/0217.vpr
ignoring all/issues/silicon/0219.vpr
ignoring all/issues/silicon/0221.vpr
ignoring all/issues/silicon/0224.vpr
ignoring all/issues/silicon/0225.vpr
ignoring all/issues/silicon/0227.vpr
ignoring all/issues/silicon/0228a.vpr
ignoring all/issues/silicon/0228b.vpr
ignoring all/issues/silicon/0228c.vpr
ignoring all/issues/silicon/0229.vpr
ignoring all/issues/silicon/0231.vpr
ignoring all/issues/silicon/0232.vpr
ignoring all/issues/silicon/0237.vpr
ignoring all/issues/silicon/0240.vpr
ignoring all/issues/silicon/0242a.vpr
ignoring all/issues/silicon/0242b.vpr
ignoring all/issues/silicon/0249.vpr
ignoring all/issues/silicon/0252.vpr
ignoring all/issues/silicon/0263.vpr
ignoring all/issues/silicon/0264.vpr
ignoring all/issues/silicon/0267a.vpr
ignoring all/issues/silicon/0267b.vpr
ignoring all/issues/silicon/0269.vpr
ignoring all/issues/silicon/0270.vpr
ignoring all/issues/silicon/0271.vpr
ignoring all/issues/silicon/0276.vpr
ignoring all/issues/silicon/0279.vpr
ignoring all/issues/silicon/0281.vpr
ignoring all/issues/silicon/0282.vpr
ignoring all/issues/silicon/0285.vpr
ignoring all/issues/silicon/0286.vpr
ignoring all/issues/silicon/0288.vpr
ignoring all/issues/silicon/0291.vpr
ignoring all/issues/silicon/0292.vpr
ignoring all/issues/silicon/0294.vpr
ignoring all/issues/silicon/0299.vpr
ignoring all/issues/silicon/0302.vpr
ignoring all/issues/silicon/0310a.vpr
ignoring all/issues/silicon/0310b.vpr
ignoring all/issues/silicon/0312.vpr
ignoring all/issues/silicon/0313a.vpr
ignoring all/issues/silicon/0313b.vpr
ignoring all/issues/silicon/0314.vpr
ignoring all/issues/silicon/0314a.vpr
ignoring all/issues/silicon/0314b.vpr
ignoring all/issues/silicon/0314d.vpr
ignoring all/issues/silicon/0319.vpr
ignoring all/issues/silicon/0326.vpr
ignoring all/issues/silicon/0331.vpr
ignoring all/issues/silicon/0333.vpr
ignoring all/issues/silicon/0334.vpr
ignoring all/issues/silicon/0346.vpr
ignoring all/issues/silicon/0348.vpr
ignoring all/issues/silicon/0351.vpr
ignoring all/issues/silicon/0352.vpr
ignoring all/issues/silicon/0362.vpr
ignoring all/issues/silicon/0365.vpr
ignoring all/issues/silicon/0370.vpr
ignoring all/issues/silicon/0378a.vpr
ignoring all/issues/silicon/0378b.vpr
ignoring all/issues/silicon/0379a.vpr
ignoring all/issues/silicon/0379b.vpr
ignoring all/issues/silicon/0381.vpr
ignoring all/issues/silicon/0384.sil
ignoring all/issues/silicon/0384.vpr
ignoring all/issues/silicon/0385.vpr
ignoring all/issues/silicon/0393a.vpr
ignoring all/issues/silicon/0393b.vpr
ignoring all/issues/silicon/0395a.vpr
ignoring all/issues/silicon/0395b.vpr
ignoring all/issues/silicon/0409.vpr
ignoring all/issues/silicon/0483a.vpr
ignoring all/issues/silicon/0483b.vpr
ignoring all/issues/silicon/0491.vpr
ignoring all/issues/silicon/0493a.vpr
ignoring all/issues/silicon/0493b.vpr
ignoring all/issues/silicon/0493c.vpr
ignoring all/issues/silicon/0496.vpr
ignoring all/issues/silicon/unofficial001.vpr
ignoring all/issues/silicon/unofficial002.vpr
ignoring all/issues/silicon/unofficial003.vpr
ignoring all/issues/silicon/unofficial004.vpr
ignoring all/issues/silicon/unofficial005.vpr
ignoring all/issues/silicon/unofficial007.vpr
ignoring all/issues/silicon/unofficial008.vpr
ignoring all/issues/silver/0004.vpr
ignoring all/issues/silver/0008.vpr
ignoring all/issues/silver/0027.vpr
ignoring all/issues/silver/0030.vpr
ignoring all/issues/silver/0038-1.vpr
ignoring all/issues/silver/0039.vpr
ignoring all/issues/silver/0047b.vpr
ignoring all/issues/silver/0051.vpr
ignoring all/issues/silver/0069.vpr
ignoring all/issues/silver/0073-1.vpr
ignoring all/issues/silver/0073.vpr
ignoring all/issues/silver/0078.vpr
ignoring all/issues/silver/0106-1.vpr
ignoring all/issues/silver/0118.vpr
ignoring all/issues/silver/0126.vpr
ignoring all/issues/silver/0127-1.vpr
ignoring all/issues/silver/0127-2.vpr
ignoring all/issues/silver/0127.vpr
ignoring all/issues/silver/0128.vpr
ignoring all/issues/silver/0130.vpr
ignoring all/issues/silver/0131.vpr
ignoring all/issues/silver/0140.vpr
ignoring all/issues/silver/0151.vpr
ignoring all/issues/silver/0155.vpr
ignoring all/issues/silver/0175.vpr
ignoring all/issues/silver/0182.vpr
ignoring all/issues/silver/0189.vpr
ignoring all/issues/silver/0190.vpr
ignoring all/issues/silver/0200.vpr
ignoring all/issues/silver/0201.vpr
ignoring all/issues/silver/0204.vpr
ignoring all/issues/silver/0211.vpr
ignoring all/issues/silver/0213d.vpr
ignoring all/issues/silver/0215-1.vpr
ignoring all/issues/silver/0215-2.vpr
ignoring all/issues/silver/0222.vpr
ignoring all/issues/silver/0226.vpr
ignoring all/issues/silver/0227.vpr
ignoring all/issues/silver/0230.vpr
ignoring all/issues/silver/0233.vpr
ignoring all/issues/silver/0238.vpr
ignoring all/issues/silver/0251.vpr
ignoring all/issues/silver/0257.vpr
ignoring all/issues/silver/0260.vpr
ignoring all/issues/silver/0455.vpr
ignoring all/issues/silver/79.vpr
ignoring all/macros/capture_avoiding_substitution-1.vpr
ignoring all/macros/capture_avoiding_substitution-2.vpr
ignoring all/macros/capture_avoiding_substitution-3.vpr
ignoring all/macros/complex.vpr
ignoring all/macros/complexExp.vpr
ignoring all/macros/define.vpr
ignoring all/macros/define_consistency.vpr
ignoring all/macros/define_consistency_typechecker.vpr
ignoring all/macros/define_nested.vpr
ignoring all/macros/simple.vpr
ignoring all/macros/simple2Broken.vpr
ignoring all/old/branching_labelled_old.vpr
ignoring all/old/duplicate_label.vpr
ignoring all/old/labelled_old.vpr
ignoring all/permissions/aliasing.vpr
ignoring all/permissions/framing_none_perms.vpr
ignoring all/permission_introspection/forpermInhaleExhale.vpr
ignoring all/permission_introspection/forpermPredicatesAdvanced.vpr
ignoring all/permission_introspection/forpermQP.vpr
ignoring all/permission_introspection/forpermTypecheck.vpr
ignoring all/permission_introspection/forpermWands.vpr
ignoring all/permission_introspection/permWandAlias.vpr
ignoring all/permission_introspection/permWandApply.vpr
ignoring all/permission_introspection/permWandInhale.vpr
ignoring all/permission_introspection/permWandQP.vpr
ignoring all/predicates/lseg.vpr
ignoring all/predicates/non-aliasing.vpr
ignoring all/predicates/unfolding_exhale.vpr
ignoring all/sequences/sequence_incompletenesses.vpr
ignoring all/third_party/forward-dep.vpr
ignoring all/third_party/testHistoryApplication.vpr
ignoring all/third_party/testHistoryApplicationPVL.vpr
ignoring all/third_party/testHistoryAxioms.vpr
ignoring all/third_party/testHistoryProcesses.vpr
ignoring all/third_party/testHistoryProcessesPVL.vpr
ignoring all/third_party/testLoopInvariant.vpr
ignoring all/third_party/testLoopInvariantE1.vpr
ignoring all/third_party/stefan_recent/testGoto1.vpr
ignoring all/third_party/stefan_recent/testGoto2.vpr
ignoring all/third_party/stefan_recent/testHistoryApplication.vpr
ignoring all/third_party/stefan_recent/testHistoryLemmasPVL.vpr
ignoring all/third_party/stefan_recent/testHistoryLoop.vpr
ignoring all/third_party/stefan_recent/testHistoryProcessesPVL.vpr
ignoring all/third_party/stefan_recent/testHistoryThreadsApplication.vpr
ignoring all/third_party/stefan_recent/testHistoryThreadsLemmasPVL.vpr
ignoring all/third_party/stefan_recent/testHistoryThreadsProcessesPVL.vpr
ignoring all/third_party/stefan_recent/testListAppend.vpr
ignoring all/third_party/stefan_recent/testLockSetDemo.vpr
ignoring all/third_party/stefan_recent/testLoopInvariant.vpr
ignoring all/third_party/stefan_recent/testLoopInvariantE1.vpr
ignoring all/third_party/stefan_recent/testPVLLocks.vpr
ignoring all/third_party/stefan_recent/testThreadInheritance.vpr
ignoring all/third_party/stefan_recent/testThreadInheritanceE1.vpr
ignoring all/third_party/stefan_recent/testThreadInheritanceE2.vpr
ignoring all/third_party/stefan_recent/testThreadInheritanceReal.vpr
ignoring all/third_party/stefan_recent/testTreeRecursive.vpr
ignoring all/third_party/stefan_recent/testTreeWand.vpr
ignoring all/third_party/stefan_recent/testTreeWandE1.vpr
ignoring all/third_party/stefan_recent/testTreeWandE2.vpr
ignoring all/third_party/stefan_recent/testWandDemo.vpr
ignoring all/third_party/stefan_recent/test_example1.vpr
ignoring all/third_party/stefan_recent/test_example3.vpr
ignoring all/third_party/stefan_recent/test_example4.vpr
ignoring all/third_party/stefan_recent/test_fibonacci.vpr
ignoring all/third_party/stefan_recent/test_functions.vpr
ignoring all/third_party/stefan_recent/test_list.vpr
ignoring all/third_party/stefan_recent/test_vector_add_pvl.vpr
ignoring all/third_party/vercors/vercors_magic_wand_demo.encoded.chalice
ignoring all/third_party/vercors/vercors_magic_wand_demo.encoded.chalice.vpr
[info] FullSilverTests:
[info] - testing all/basic/abstract_funcs_and_preds_consistency.vpr *** FAILED ***
[info]   java.lang.RuntimeException: Error occurred during translating: List(abstract predicates cannot be folded (abstract_funcs_and_preds_consistency.vpr@10.12), abstract predicates cannot be unfolded (abstract_funcs_and_preds_consistency.vpr@12.14), abstract predicates cannot be unfolded (abstract_funcs_and_preds_consistency.vpr@17.24), abstract predicates cannot be unfolded (abstract_funcs_and_preds_consistency.vpr@30.20))
[info]   at scala.sys.package$.error(package.scala:26)
[info]   at FullSilverTests.parse(FullSilverTests.scala:77)
[info]   at FullSilverTests.$anonfun$testAFile$2(FullSilverTests.scala:46)
[info]   at scala.runtime.java8.JFunction0$mcV$sp.apply(JFunction0$mcV$sp.java:12)
[info]   at org.scalatest.OutcomeOf.outcomeOf(OutcomeOf.scala:85)
[info]   at org.scalatest.OutcomeOf.outcomeOf$(OutcomeOf.scala:83)
[info]   at org.scalatest.OutcomeOf$.outcomeOf(OutcomeOf.scala:104)
[info]   at org.scalatest.Transformer.apply(Transformer.scala:22)
[info]   at org.scalatest.Transformer.apply(Transformer.scala:20)
[info]   at org.scalatest.FunSuiteLike$$anon$1.apply(FunSuiteLike.scala:186)
[info]   ...
[info] - testing all/basic/arithmetic.vpr
[info] - testing all/basic/assert.vpr
[info] - testing all/basic/disjunction_fast_20.vpr
[info] - testing all/basic/disjunction_slow_20.vpr
[info] - testing all/basic/elsif.vpr
[info] - testing all/basic/fold.vpr
[info] - testing all/basic/heap.vpr
[info] - testing all/basic/methods.vpr
[info] - testing all/basic/new.vpr
[info] - testing all/basic/syntax.vpr *** FAILED ***
[info]   java.lang.RuntimeException: Error occurred during translating: List(Duplicate identifier `this' at syntax.vpr@40.12 and at syntax.vpr@40.32 (syntax.vpr@40.12))
[info]   at scala.sys.package$.error(package.scala:26)
[info]   at FullSilverTests.parse(FullSilverTests.scala:77)
[info]   at FullSilverTests.$anonfun$testAFile$2(FullSilverTests.scala:46)
[info]   at scala.runtime.java8.JFunction0$mcV$sp.apply(JFunction0$mcV$sp.java:12)
[info]   at org.scalatest.OutcomeOf.outcomeOf(OutcomeOf.scala:85)
[info]   at org.scalatest.OutcomeOf.outcomeOf$(OutcomeOf.scala:83)
[info]   at org.scalatest.OutcomeOf$.outcomeOf(OutcomeOf.scala:104)
[info]   at org.scalatest.Transformer.apply(Transformer.scala:22)
[info]   at org.scalatest.Transformer.apply(Transformer.scala:20)
[info]   at org.scalatest.FunSuiteLike$$anon$1.apply(FunSuiteLike.scala:186)
[info]   ...
[info] - testing all/basic/unfolding.vpr
[info] - testing all/basic/welldef.vpr
[info] - testing all/basic/while.vpr
[info] - testing all/chalice/AVLTree.iterative.vpr
[info] - testing all/chalice/cyclic-list.vpr
[info] - testing all/chalice/framing-fields.vpr
[info] - testing all/chalice/internal-bug-1.vpr
[info] - testing all/chalice/internal-bug-2.vpr
[info] - testing all/chalice/swap.vpr
[info] - testing all/chalice/test10.vpr
[info] - testing all/chalice/test8.vpr
[info] - testing all/import/issue203/main.vpr
[info] - testing all/import/issue203/sub/libA.vpr
[info] - testing all/import/issue203/sub/libB.vpr
[info] - testing all/import/standard_import/failing.vpr *** FAILED ***
[info]   java.lang.RuntimeException: Error occurred during translating: List(Parse error: file <cpubquzspu\xvjpwyonmf\pmndfkmmqb.vpr> does not exist (failing.vpr@5.8))
[info]   at scala.sys.package$.error(package.scala:26)
[info]   at FullSilverTests.parse(FullSilverTests.scala:77)
[info]   at FullSilverTests.$anonfun$testAFile$2(FullSilverTests.scala:46)
[info]   at scala.runtime.java8.JFunction0$mcV$sp.apply(JFunction0$mcV$sp.java:12)
[info]   at org.scalatest.OutcomeOf.outcomeOf(OutcomeOf.scala:85)
[info]   at org.scalatest.OutcomeOf.outcomeOf$(OutcomeOf.scala:83)
[info]   at org.scalatest.OutcomeOf$.outcomeOf(OutcomeOf.scala:104)
[info]   at org.scalatest.Transformer.apply(Transformer.scala:22)
[info]   at org.scalatest.Transformer.apply(Transformer.scala:20)
[info]   at org.scalatest.FunSuiteLike$$anon$1.apply(FunSuiteLike.scala:186)
[info]   ...
[info] - testing all/import/standard_import/local_and_standard.vpr *** FAILED ***
[info]   java.lang.RuntimeException: Error occurred during translating: List(Parse error: Expected found "domain BasicAxiom {\n", expected Fail | preambleImport | fieldDecl | predicateDecl | methodDecl | Fail | End at index 1
[info] domain BasicAxiom {
[info] ^ (basic.vpr@2.1))
[info]   at scala.sys.package$.error(package.scala:26)
[info]   at FullSilverTests.parse(FullSilverTests.scala:77)
[info]   at FullSilverTests.$anonfun$testAFile$2(FullSilverTests.scala:46)
[info]   at scala.runtime.java8.JFunction0$mcV$sp.apply(JFunction0$mcV$sp.java:12)
[info]   at org.scalatest.OutcomeOf.outcomeOf(OutcomeOf.scala:85)
[info]   at org.scalatest.OutcomeOf.outcomeOf$(OutcomeOf.scala:83)
[info]   at org.scalatest.OutcomeOf$.outcomeOf(OutcomeOf.scala:104)
[info]   at org.scalatest.Transformer.apply(Transformer.scala:22)
[info]   at org.scalatest.Transformer.apply(Transformer.scala:20)
[info]   at org.scalatest.FunSuiteLike$$anon$1.apply(FunSuiteLike.scala:186)
[info]   ...
[info] - testing all/import/standard_import/local_then_standard.vpr *** FAILED ***
[info]   java.lang.RuntimeException: Error occurred during translating: List(Parse error: Expected found "domain BasicAxiom {\n", expected Fail | preambleImport | fieldDecl | predicateDecl | methodDecl | Fail | End at index 1
[info] domain BasicAxiom {
[info] ^ (basic.vpr@2.1))
[info]   at scala.sys.package$.error(package.scala:26)
[info]   at FullSilverTests.parse(FullSilverTests.scala:77)
[info]   at FullSilverTests.$anonfun$testAFile$2(FullSilverTests.scala:46)
[info]   at scala.runtime.java8.JFunction0$mcV$sp.apply(JFunction0$mcV$sp.java:12)
[info]   at org.scalatest.OutcomeOf.outcomeOf(OutcomeOf.scala:85)
[info]   at org.scalatest.OutcomeOf.outcomeOf$(OutcomeOf.scala:83)
[info]   at org.scalatest.OutcomeOf$.outcomeOf(OutcomeOf.scala:104)
[info]   at org.scalatest.Transformer.apply(Transformer.scala:22)
[info]   at org.scalatest.Transformer.apply(Transformer.scala:20)
[info]   at org.scalatest.FunSuiteLike$$anon$1.apply(FunSuiteLike.scala:186)
[info]   ...
[info] - testing all/inhale_exhale/functions.vpr *** FAILED ***
[info]   java.lang.RuntimeException: Error occurred during translating: List(Parse error: Expected found "function inhaleTrue1", expected Fail | preambleImport | fieldDecl | predicateDecl | methodDecl | Fail | End at index 161
[info] function inhaleTrue1
[info] ^ (functions.vpr@8.1))
[info]   at scala.sys.package$.error(package.scala:26)
[info]   at FullSilverTests.parse(FullSilverTests.scala:77)
[info]   at FullSilverTests.$anonfun$testAFile$2(FullSilverTests.scala:46)
[info]   at scala.runtime.java8.JFunction0$mcV$sp.apply(JFunction0$mcV$sp.java:12)
[info]   at org.scalatest.OutcomeOf.outcomeOf(OutcomeOf.scala:85)
[info]   at org.scalatest.OutcomeOf.outcomeOf$(OutcomeOf.scala:83)
[info]   at org.scalatest.OutcomeOf$.outcomeOf(OutcomeOf.scala:104)
[info]   at org.scalatest.Transformer.apply(Transformer.scala:22)
[info]   at org.scalatest.Transformer.apply(Transformer.scala:20)
[info]   at org.scalatest.FunSuiteLike$$anon$1.apply(FunSuiteLike.scala:186)
[info]   ...
[info] - testing all/inhale_exhale/function_wellformedness.vpr *** FAILED ***
[info]   java.lang.RuntimeException: Error occurred during translating: List(Parse error: Expected found "function s0(this: Re", expected Fail | preambleImport | fieldDecl | predicateDecl | methodDecl | Fail | End at index 182
[info] function s0(this: Re
[info] ^ (function_wellformedness.vpr@11.1))
[info]   at scala.sys.package$.error(package.scala:26)
[info]   at FullSilverTests.parse(FullSilverTests.scala:77)
[info]   at FullSilverTests.$anonfun$testAFile$2(FullSilverTests.scala:46)
[info]   at scala.runtime.java8.JFunction0$mcV$sp.apply(JFunction0$mcV$sp.java:12)
[info]   at org.scalatest.OutcomeOf.outcomeOf(OutcomeOf.scala:85)
[info]   at org.scalatest.OutcomeOf.outcomeOf$(OutcomeOf.scala:83)
[info]   at org.scalatest.OutcomeOf$.outcomeOf(OutcomeOf.scala:104)
[info]   at org.scalatest.Transformer.apply(Transformer.scala:22)
[info]   at org.scalatest.Transformer.apply(Transformer.scala:20)
[info]   at org.scalatest.FunSuiteLike$$anon$1.apply(FunSuiteLike.scala:186)
[info]   ...
[info] - testing all/invariants/while1.vpr
[info] - testing all/invariants/while2.vpr
[info] - testing all/issues/carbon/0002.vpr *** FAILED ***
[info]   java.lang.RuntimeException: Error occurred during translating: List(Parse error: Expected found "Seq[Int]\r\n", expected invalid identifier (could be a keyword) | "Rational" ~ !(CharIn("0123456789ABCDEFGHIJKLMNOPQRSTUVWXYZabcdefghijklmnopqrstuvwxyz$_")) | StringIn("Int", "Bool", "Perm", "Ref") ~ !(CharIn("0123456789ABCDEFGHIJKLMNOPQRSTUVWXYZabcdefghijklmnopqrstuvwxyz$_")) at index 122
[info] field keys : Seq[Int]
[info]              ^ (0002.vpr@4.14))
[info]   at scala.sys.package$.error(package.scala:26)
[info]   at FullSilverTests.parse(FullSilverTests.scala:77)
[info]   at FullSilverTests.$anonfun$testAFile$2(FullSilverTests.scala:46)
[info]   at scala.runtime.java8.JFunction0$mcV$sp.apply(JFunction0$mcV$sp.java:12)
[info]   at org.scalatest.OutcomeOf.outcomeOf(OutcomeOf.scala:85)
[info]   at org.scalatest.OutcomeOf.outcomeOf$(OutcomeOf.scala:83)
[info]   at org.scalatest.OutcomeOf$.outcomeOf(OutcomeOf.scala:104)
[info]   at org.scalatest.Transformer.apply(Transformer.scala:22)
[info]   at org.scalatest.Transformer.apply(Transformer.scala:20)
[info]   at org.scalatest.FunSuiteLike$$anon$1.apply(FunSuiteLike.scala:186)
[info]   ...
[info] - testing all/issues/carbon/0004.vpr *** FAILED ***
[info]   java.lang.RuntimeException: Error occurred during translating: List(Parse error: Expected found ", b ? (1/5) : none)\n", expected invalid identifier (could be a keyword) | "." | ")" at index 169
[info] 	requires acc(x.f, b ? (1/5) : none)
[info]                  ^ (0004.vpr@7.18))
[info]   at scala.sys.package$.error(package.scala:26)
[info]   at FullSilverTests.parse(FullSilverTests.scala:77)
[info]   at FullSilverTests.$anonfun$testAFile$2(FullSilverTests.scala:46)
[info]   at scala.runtime.java8.JFunction0$mcV$sp.apply(JFunction0$mcV$sp.java:12)
[info]   at org.scalatest.OutcomeOf.outcomeOf(OutcomeOf.scala:85)
[info]   at org.scalatest.OutcomeOf.outcomeOf$(OutcomeOf.scala:83)
[info]   at org.scalatest.OutcomeOf$.outcomeOf(OutcomeOf.scala:104)
[info]   at org.scalatest.Transformer.apply(Transformer.scala:22)
[info]   at org.scalatest.Transformer.apply(Transformer.scala:20)
[info]   at org.scalatest.FunSuiteLike$$anon$1.apply(FunSuiteLike.scala:186)
[info]   ...
[info] - testing all/issues/carbon/0005.vpr *** FAILED ***
[info]   java.lang.RuntimeException: Error occurred during translating: List(Parse error: Expected found ", none)\n{}\n", expected invalid identifier (could be a keyword) | "." | ")" at index 160
[info] 	requires acc(x.f, none)
[info]                  ^ (0005.vpr@7.18))
[info]   at scala.sys.package$.error(package.scala:26)
[info]   at FullSilverTests.parse(FullSilverTests.scala:77)
[info]   at FullSilverTests.$anonfun$testAFile$2(FullSilverTests.scala:46)
[info]   at scala.runtime.java8.JFunction0$mcV$sp.apply(JFunction0$mcV$sp.java:12)
[info]   at org.scalatest.OutcomeOf.outcomeOf(OutcomeOf.scala:85)
[info]   at org.scalatest.OutcomeOf.outcomeOf$(OutcomeOf.scala:83)
[info]   at org.scalatest.OutcomeOf$.outcomeOf(OutcomeOf.scala:104)
[info]   at org.scalatest.Transformer.apply(Transformer.scala:22)
[info]   at org.scalatest.Transformer.apply(Transformer.scala:20)
[info]   at org.scalatest.FunSuiteLike$$anon$1.apply(FunSuiteLike.scala:186)
[info]   ...
[info] - testing all/issues/carbon/0006.vpr
[info] - testing all/issues/carbon/0030.vpr
[info] - testing all/issues/carbon/0049.vpr *** FAILED ***
[info]   java.lang.RuntimeException: Error occurred during translating: List(Parse error: Expected found "domain GlobalKPermis", expected Fail | preambleImport | fieldDecl | predicateDecl | methodDecl | Fail | End at index 145
[info] domain GlobalKPermis
[info] ^ (0049.vpr@5.1))
[info]   at scala.sys.package$.error(package.scala:26)
[info]   at FullSilverTests.parse(FullSilverTests.scala:77)
[info]   at FullSilverTests.$anonfun$testAFile$2(FullSilverTests.scala:46)
[info]   at scala.runtime.java8.JFunction0$mcV$sp.apply(JFunction0$mcV$sp.java:12)
[info]   at org.scalatest.OutcomeOf.outcomeOf(OutcomeOf.scala:85)
[info]   at org.scalatest.OutcomeOf.outcomeOf$(OutcomeOf.scala:83)
[info]   at org.scalatest.OutcomeOf$.outcomeOf(OutcomeOf.scala:104)
[info]   at org.scalatest.Transformer.apply(Transformer.scala:22)
[info]   at org.scalatest.Transformer.apply(Transformer.scala:20)
[info]   at org.scalatest.FunSuiteLike$$anon$1.apply(FunSuiteLike.scala:186)
[info]   ...
[info] - testing all/issues/carbon/0052.vpr
[info] - testing all/issues/carbon/0053.vpr *** FAILED ***
[info]   java.lang.RuntimeException: Error occurred during translating: List(Parse error: Expected found "> none\n  requires wr", expected Fail | preambleImport | fieldDecl | predicateDecl | methodDecl | Fail | End at index 308
[info]   requires k$ > none
[info]               ^ (0053.vpr@13.15))
[info]   at scala.sys.package$.error(package.scala:26)
[info]   at FullSilverTests.parse(FullSilverTests.scala:77)
[info]   at FullSilverTests.$anonfun$testAFile$2(FullSilverTests.scala:46)
[info]   at scala.runtime.java8.JFunction0$mcV$sp.apply(JFunction0$mcV$sp.java:12)
[info]   at org.scalatest.OutcomeOf.outcomeOf(OutcomeOf.scala:85)
[info]   at org.scalatest.OutcomeOf.outcomeOf$(OutcomeOf.scala:83)
[info]   at org.scalatest.OutcomeOf$.outcomeOf(OutcomeOf.scala:104)
[info]   at org.scalatest.Transformer.apply(Transformer.scala:22)
[info]   at org.scalatest.Transformer.apply(Transformer.scala:20)
[info]   at org.scalatest.FunSuiteLike$$anon$1.apply(FunSuiteLike.scala:186)
[info]   ...
[info] - testing all/issues/carbon/0054.vpr *** FAILED ***
[info]   java.lang.RuntimeException: Error occurred during translating: List(Parse error: Expected found ", wildcard)\n{\n  unfo", expected invalid identifier (could be a keyword) | "." | ")" at index 410
[info]   ensures acc(this.f, wildcard)
[info]                     ^ (0054.vpr@16.21))
[info]   at scala.sys.package$.error(package.scala:26)
[info]   at FullSilverTests.parse(FullSilverTests.scala:77)
[info]   at FullSilverTests.$anonfun$testAFile$2(FullSilverTests.scala:46)
[info]   at scala.runtime.java8.JFunction0$mcV$sp.apply(JFunction0$mcV$sp.java:12)
[info]   at org.scalatest.OutcomeOf.outcomeOf(OutcomeOf.scala:85)
[info]   at org.scalatest.OutcomeOf.outcomeOf$(OutcomeOf.scala:83)
[info]   at org.scalatest.OutcomeOf$.outcomeOf(OutcomeOf.scala:104)
[info]   at org.scalatest.Transformer.apply(Transformer.scala:22)
[info]   at org.scalatest.Transformer.apply(Transformer.scala:20)
[info]   at org.scalatest.FunSuiteLike$$anon$1.apply(FunSuiteLike.scala:186)
[info]   ...
[info] - testing all/issues/carbon/0059-1.vpr
[info] - testing all/issues/carbon/0059-3.vpr
[info] - testing all/issues/carbon/0059.vpr *** FAILED ***
[info]   java.lang.RuntimeException: Error occurred during translating: List(Parse error: Expected found "domain GlobalKPermis", expected Fail | preambleImport | fieldDecl | predicateDecl | methodDecl | Fail | End at index 160
[info] domain GlobalKPermis
[info] ^ (0059.vpr@5.1))
[info]   at scala.sys.package$.error(package.scala:26)
[info]   at FullSilverTests.parse(FullSilverTests.scala:77)
[info]   at FullSilverTests.$anonfun$testAFile$2(FullSilverTests.scala:46)
[info]   at scala.runtime.java8.JFunction0$mcV$sp.apply(JFunction0$mcV$sp.java:12)
[info]   at org.scalatest.OutcomeOf.outcomeOf(OutcomeOf.scala:85)
[info]   at org.scalatest.OutcomeOf.outcomeOf$(OutcomeOf.scala:83)
[info]   at org.scalatest.OutcomeOf$.outcomeOf(OutcomeOf.scala:104)
[info]   at org.scalatest.Transformer.apply(Transformer.scala:22)
[info]   at org.scalatest.Transformer.apply(Transformer.scala:20)
[info]   at org.scalatest.FunSuiteLike$$anon$1.apply(FunSuiteLike.scala:186)
[info]   ...
[info] - testing all/issues/carbon/0060.vpr *** FAILED ***
[info]   java.lang.RuntimeException: Error occurred during translating: List(Parse error: Expected found "00 / 100)\n\n  unfold ", expected invalid identifier (could be a keyword) | ")" at index 411
[info] sert acc(ZZ(this), 100 / 100)
[info]                     ^ (0060.vpr@20.25))
[info]   at scala.sys.package$.error(package.scala:26)
[info]   at FullSilverTests.parse(FullSilverTests.scala:77)
[info]   at FullSilverTests.$anonfun$testAFile$2(FullSilverTests.scala:46)
[info]   at scala.runtime.java8.JFunction0$mcV$sp.apply(JFunction0$mcV$sp.java:12)
[info]   at org.scalatest.OutcomeOf.outcomeOf(OutcomeOf.scala:85)
[info]   at org.scalatest.OutcomeOf.outcomeOf$(OutcomeOf.scala:83)
[info]   at org.scalatest.OutcomeOf$.outcomeOf(OutcomeOf.scala:104)
[info]   at org.scalatest.Transformer.apply(Transformer.scala:22)
[info]   at org.scalatest.Transformer.apply(Transformer.scala:20)
[info]   at org.scalatest.FunSuiteLike$$anon$1.apply(FunSuiteLike.scala:186)
[info]   ...
[info] - testing all/issues/carbon/0061.vpr *** FAILED ***
[info]   java.lang.RuntimeException: Error occurred during translating: List(Parse error: Expected found "domain GlobalKPermis", expected Fail | preambleImport | fieldDecl | predicateDecl | methodDecl | Fail | End at index 161
[info] domain GlobalKPermis
[info] ^ (0061.vpr@5.1))
[info]   at scala.sys.package$.error(package.scala:26)
[info]   at FullSilverTests.parse(FullSilverTests.scala:77)
[info]   at FullSilverTests.$anonfun$testAFile$2(FullSilverTests.scala:46)
[info]   at scala.runtime.java8.JFunction0$mcV$sp.apply(JFunction0$mcV$sp.java:12)
[info]   at org.scalatest.OutcomeOf.outcomeOf(OutcomeOf.scala:85)
[info]   at org.scalatest.OutcomeOf.outcomeOf$(OutcomeOf.scala:83)
[info]   at org.scalatest.OutcomeOf$.outcomeOf(OutcomeOf.scala:104)
[info]   at org.scalatest.Transformer.apply(Transformer.scala:22)
[info]   at org.scalatest.Transformer.apply(Transformer.scala:20)
[info]   at org.scalatest.FunSuiteLike$$anon$1.apply(FunSuiteLike.scala:186)
[info]   ...
[info] - testing all/issues/carbon/0070.vpr
[info] - testing all/issues/carbon/0072.vpr *** FAILED ***
[info]   java.lang.RuntimeException: Error occurred during translating: List(Parse error: Expected found ", this.frac)\r\n{\r\n  a", expected invalid identifier (could be a keyword) | "." | ")" at index 280
[info] nsures acc(this.data, this.frac)
[info]                     ^ (0072.vpr@10.24))
[info]   at scala.sys.package$.error(package.scala:26)
[info]   at FullSilverTests.parse(FullSilverTests.scala:77)
[info]   at FullSilverTests.$anonfun$testAFile$2(FullSilverTests.scala:46)
[info]   at scala.runtime.java8.JFunction0$mcV$sp.apply(JFunction0$mcV$sp.java:12)
[info]   at org.scalatest.OutcomeOf.outcomeOf(OutcomeOf.scala:85)
[info]   at org.scalatest.OutcomeOf.outcomeOf$(OutcomeOf.scala:83)
[info]   at org.scalatest.OutcomeOf$.outcomeOf(OutcomeOf.scala:104)
[info]   at org.scalatest.Transformer.apply(Transformer.scala:22)
[info]   at org.scalatest.Transformer.apply(Transformer.scala:20)
[info]   at org.scalatest.FunSuiteLike$$anon$1.apply(FunSuiteLike.scala:186)
[info]   ...
[info] - testing all/issues/carbon/0074.vpr
[info] - testing all/issues/carbon/0081.vpr *** FAILED ***
[info]   java.lang.RuntimeException: Error occurred during translating: List(Parse error: Expected found "perm(a.f) == none /*", expected predicateInstance | strInteger.filter(viper.silver.parser.FastParser$$$Lambda$517/0x0000000800542840@578f6550) | booltrue | boolfalse | nul | old | result | unExp | fapp | typedFapp | "(" ~ exp ~ ")" | accessPred | unfolding | applying | idnuse | Fail at index 298
[info]     assert perm(a.f) == none /*
[info]            ^ (0081.vpr@15.12))
[info]   at scala.sys.package$.error(package.scala:26)
[info]   at FullSilverTests.parse(FullSilverTests.scala:77)
[info]   at FullSilverTests.$anonfun$testAFile$2(FullSilverTests.scala:46)
[info]   at scala.runtime.java8.JFunction0$mcV$sp.apply(JFunction0$mcV$sp.java:12)
[info]   at org.scalatest.OutcomeOf.outcomeOf(OutcomeOf.scala:85)
[info]   at org.scalatest.OutcomeOf.outcomeOf$(OutcomeOf.scala:83)
[info]   at org.scalatest.OutcomeOf$.outcomeOf(OutcomeOf.scala:104)
[info]   at org.scalatest.Transformer.apply(Transformer.scala:22)
[info]   at org.scalatest.Transformer.apply(Transformer.scala:20)
[info]   at org.scalatest.FunSuiteLike$$anon$1.apply(FunSuiteLike.scala:186)
[info]   ...
[info] - testing all/issues/carbon/0092.vpr *** FAILED ***
[info]   java.lang.RuntimeException: Error occurred during translating: List(Parse error: Expected found ", wildcard)\n}\n\nmetho", expected invalid identifier (could be a keyword) | "." | ")" at index 230
[info]   acc(this.x, wildcard)
[info]             ^ (0092.vpr@9.13))
[info]   at scala.sys.package$.error(package.scala:26)
[info]   at FullSilverTests.parse(FullSilverTests.scala:77)
[info]   at FullSilverTests.$anonfun$testAFile$2(FullSilverTests.scala:46)
[info]   at scala.runtime.java8.JFunction0$mcV$sp.apply(JFunction0$mcV$sp.java:12)
[info]   at org.scalatest.OutcomeOf.outcomeOf(OutcomeOf.scala:85)
[info]   at org.scalatest.OutcomeOf.outcomeOf$(OutcomeOf.scala:83)
[info]   at org.scalatest.OutcomeOf$.outcomeOf(OutcomeOf.scala:104)
[info]   at org.scalatest.Transformer.apply(Transformer.scala:22)
[info]   at org.scalatest.Transformer.apply(Transformer.scala:20)
[info]   at org.scalatest.FunSuiteLike$$anon$1.apply(FunSuiteLike.scala:186)
[info]   ...
[info] - testing all/issues/carbon/0095.vpr
[info] - testing all/issues/carbon/0150.vpr *** FAILED ***
[info]   java.lang.RuntimeException: Error occurred during translating: List(Parse error: Expected found "/ 10)\n}\n\nmethod call", expected invalid identifier (could be a keyword) | ")" at index 193
[info] self.Tree_height, 1 / 10)
[info]                     ^ (0150.vpr@7.27))
[info]   at scala.sys.package$.error(package.scala:26)
[info]   at FullSilverTests.parse(FullSilverTests.scala:77)
[info]   at FullSilverTests.$anonfun$testAFile$2(FullSilverTests.scala:46)
[info]   at scala.runtime.java8.JFunction0$mcV$sp.apply(JFunction0$mcV$sp.java:12)
[info]   at org.scalatest.OutcomeOf.outcomeOf(OutcomeOf.scala:85)
[info]   at org.scalatest.OutcomeOf.outcomeOf$(OutcomeOf.scala:83)
[info]   at org.scalatest.OutcomeOf$.outcomeOf(OutcomeOf.scala:104)
[info]   at org.scalatest.Transformer.apply(Transformer.scala:22)
[info]   at org.scalatest.Transformer.apply(Transformer.scala:20)
[info]   at org.scalatest.FunSuiteLike$$anon$1.apply(FunSuiteLike.scala:186)
[info]   ...
[info] - testing all/issues/carbon/0157.vpr *** FAILED ***
[info]   java.lang.RuntimeException: Error occurred during translating: List(Parse error: Expected found "domain List[T] {\r\n  ", expected Fail | preambleImport | fieldDecl | predicateDecl | methodDecl | Fail | End at index 0
[info] domain List[T] {
[info] ^ (0157.vpr@1.1))
[info]   at scala.sys.package$.error(package.scala:26)
[info]   at FullSilverTests.parse(FullSilverTests.scala:77)
[info]   at FullSilverTests.$anonfun$testAFile$2(FullSilverTests.scala:46)
[info]   at scala.runtime.java8.JFunction0$mcV$sp.apply(JFunction0$mcV$sp.java:12)
[info]   at org.scalatest.OutcomeOf.outcomeOf(OutcomeOf.scala:85)
[info]   at org.scalatest.OutcomeOf.outcomeOf$(OutcomeOf.scala:83)
[info]   at org.scalatest.OutcomeOf$.outcomeOf(OutcomeOf.scala:104)
[info]   at org.scalatest.Transformer.apply(Transformer.scala:22)
[info]   at org.scalatest.Transformer.apply(Transformer.scala:20)
[info]   at org.scalatest.FunSuiteLike$$anon$1.apply(FunSuiteLike.scala:186)
[info]   ...
[info] - testing all/issues/carbon/0160.vpr *** FAILED ***
[info]   java.lang.RuntimeException: Error occurred during translating: List(Parse error: Expected found "arr1: Array, arr2: A", expected invalid identifier (could be a keyword) | "/*" ~ (!(StringIn("*/")) ~ AnyChar).rep ~ "*/" | "//" ~ CharsWhile(viper.silver.parser.FastParser$$$Lambda$333/0x000000080046e840@3449573d).? ~ ("\n" | End) | " " | "\t" | "\n" | "\r" | ")" at index 132
[info] hod multiple_arrays(arr1: Array, arr2: A
[info]                     ^ (0160.vpr@4.24))
[info]   at scala.sys.package$.error(package.scala:26)
[info]   at FullSilverTests.parse(FullSilverTests.scala:77)
[info]   at FullSilverTests.$anonfun$testAFile$2(FullSilverTests.scala:46)
[info]   at scala.runtime.java8.JFunction0$mcV$sp.apply(JFunction0$mcV$sp.java:12)
[info]   at org.scalatest.OutcomeOf.outcomeOf(OutcomeOf.scala:85)
[info]   at org.scalatest.OutcomeOf.outcomeOf$(OutcomeOf.scala:83)
[info]   at org.scalatest.OutcomeOf$.outcomeOf(OutcomeOf.scala:104)
[info]   at org.scalatest.Transformer.apply(Transformer.scala:22)
[info]   at org.scalatest.Transformer.apply(Transformer.scala:20)
[info]   at org.scalatest.FunSuiteLike$$anon$1.apply(FunSuiteLike.scala:186)
[info]   ...
[info] - testing all/issues/carbon/0178.vpr *** FAILED ***
[info]   java.lang.RuntimeException: Error occurred during translating: List(Parse error: Expected found ", wset: Set[Ref]) {\r", expected invalid identifier (could be a keyword) | "/*" ~ (!(StringIn("*/")) ~ AnyChar).rep ~ "*/" | "//" ~ CharsWhile(viper.silver.parser.FastParser$$$Lambda$333/0x000000080046e840@3449573d).? ~ ("\n" | End) | " " | "\t" | "\n" | "\r" | ")" at index 161
[info] e__isolated(ref: Ref, wset: Set[Ref]) {
[info]                     ^ (0178.vpr@6.34))
[info]   at scala.sys.package$.error(package.scala:26)
[info]   at FullSilverTests.parse(FullSilverTests.scala:77)
[info]   at FullSilverTests.$anonfun$testAFile$2(FullSilverTests.scala:46)
[info]   at scala.runtime.java8.JFunction0$mcV$sp.apply(JFunction0$mcV$sp.java:12)
[info]   at org.scalatest.OutcomeOf.outcomeOf(OutcomeOf.scala:85)
[info]   at org.scalatest.OutcomeOf.outcomeOf$(OutcomeOf.scala:83)
[info]   at org.scalatest.OutcomeOf$.outcomeOf(OutcomeOf.scala:104)
[info]   at org.scalatest.Transformer.apply(Transformer.scala:22)
[info]   at org.scalatest.Transformer.apply(Transformer.scala:20)
[info]   at org.scalatest.FunSuiteLike$$anon$1.apply(FunSuiteLike.scala:186)
[info]   ...
[info] - testing all/issues/carbon/0204.vpr *** FAILED ***
[info]   java.lang.RuntimeException: Error occurred during translating: List(Parse error: Expected found "s: Seq[Ref])\r\n    en", expected invalid identifier (could be a keyword) | "/*" ~ (!(StringIn("*/")) ~ AnyChar).rep ~ "*/" | "//" ~ CharsWhile(viper.silver.parser.FastParser$$$Lambda$333/0x000000080046e840@3449573d).? ~ ("\n" | End) | " " | "\t" | "\n" | "\r" | ")" at index 191
[info] method foo(s: Seq[Ref])
[info]            ^ (0204.vpr@10.12))
[info]   at scala.sys.package$.error(package.scala:26)
[info]   at FullSilverTests.parse(FullSilverTests.scala:77)
[info]   at FullSilverTests.$anonfun$testAFile$2(FullSilverTests.scala:46)
[info]   at scala.runtime.java8.JFunction0$mcV$sp.apply(JFunction0$mcV$sp.java:12)
[info]   at org.scalatest.OutcomeOf.outcomeOf(OutcomeOf.scala:85)
[info]   at org.scalatest.OutcomeOf.outcomeOf$(OutcomeOf.scala:83)
[info]   at org.scalatest.OutcomeOf$.outcomeOf(OutcomeOf.scala:104)
[info]   at org.scalatest.Transformer.apply(Transformer.scala:22)
[info]   at org.scalatest.Transformer.apply(Transformer.scala:20)
[info]   at org.scalatest.FunSuiteLike$$anon$1.apply(FunSuiteLike.scala:186)
[info]   ...
[info] - testing all/issues/carbon/0211.vpr
[info] - testing all/issues/carbon/0213.vpr *** FAILED ***
[info]   java.lang.RuntimeException: Error occurred during translating: List(Parse error: Expected found "perm(r.next) == none", expected predicateInstance | strInteger.filter(viper.silver.parser.FastParser$$$Lambda$517/0x0000000800542840@578f6550) | booltrue | boolfalse | nul | old | result | unExp | fapp | typedFapp | "(" ~ exp ~ ")" | accessPred | unfolding | applying | idnuse | Fail at index 224
[info]       assert perm(r.next) == none
[info]              ^ (0213.vpr@13.14))
[info]   at scala.sys.package$.error(package.scala:26)
[info]   at FullSilverTests.parse(FullSilverTests.scala:77)
[info]   at FullSilverTests.$anonfun$testAFile$2(FullSilverTests.scala:46)
[info]   at scala.runtime.java8.JFunction0$mcV$sp.apply(JFunction0$mcV$sp.java:12)
[info]   at org.scalatest.OutcomeOf.outcomeOf(OutcomeOf.scala:85)
[info]   at org.scalatest.OutcomeOf.outcomeOf$(OutcomeOf.scala:83)
[info]   at org.scalatest.OutcomeOf$.outcomeOf(OutcomeOf.scala:104)
[info]   at org.scalatest.Transformer.apply(Transformer.scala:22)
[info]   at org.scalatest.Transformer.apply(Transformer.scala:20)
[info]   at org.scalatest.FunSuiteLike$$anon$1.apply(FunSuiteLike.scala:186)
[info]   ...
[info] - testing all/issues/carbon/0219.vpr *** FAILED ***
[info]   java.lang.RuntimeException: Error occurred during translating: List(Parse error: Expected found "m: Matrix)\r\n  requir", expected invalid identifier (could be a keyword) | "/*" ~ (!(StringIn("*/")) ~ AnyChar).rep ~ "*/" | "//" ~ CharsWhile(viper.silver.parser.FastParser$$$Lambda$333/0x000000080046e840@3449573d).? ~ ("\n" | End) | " " | "\t" | "\n" | "\r" | ")" at index 127
[info] method identity(m: Matrix)
[info]                 ^ (0219.vpr@5.17))
[info]   at scala.sys.package$.error(package.scala:26)
[info]   at FullSilverTests.parse(FullSilverTests.scala:77)
[info]   at FullSilverTests.$anonfun$testAFile$2(FullSilverTests.scala:46)
[info]   at scala.runtime.java8.JFunction0$mcV$sp.apply(JFunction0$mcV$sp.java:12)
[info]   at org.scalatest.OutcomeOf.outcomeOf(OutcomeOf.scala:85)
[info]   at org.scalatest.OutcomeOf.outcomeOf$(OutcomeOf.scala:83)
[info]   at org.scalatest.OutcomeOf$.outcomeOf(OutcomeOf.scala:104)
[info]   at org.scalatest.Transformer.apply(Transformer.scala:22)
[info]   at org.scalatest.Transformer.apply(Transformer.scala:20)
[info]   at org.scalatest.FunSuiteLike$$anon$1.apply(FunSuiteLike.scala:186)
[info]   ...
[info] - testing all/issues/carbon/0236.vpr *** FAILED ***
[info]   java.lang.RuntimeException: Error occurred during translating: List(Parse error: Expected found "domain Array {\r\n    ", expected Fail | preambleImport | fieldDecl | predicateDecl | methodDecl | Fail | End at index 188
[info] domain Array {
[info] ^ (0236.vpr@10.1))
[info]   at scala.sys.package$.error(package.scala:26)
[info]   at FullSilverTests.parse(FullSilverTests.scala:77)
[info]   at FullSilverTests.$anonfun$testAFile$2(FullSilverTests.scala:46)
[info]   at scala.runtime.java8.JFunction0$mcV$sp.apply(JFunction0$mcV$sp.java:12)
[info]   at org.scalatest.OutcomeOf.outcomeOf(OutcomeOf.scala:85)
[info]   at org.scalatest.OutcomeOf.outcomeOf$(OutcomeOf.scala:83)
[info]   at org.scalatest.OutcomeOf$.outcomeOf(OutcomeOf.scala:104)
[info]   at org.scalatest.Transformer.apply(Transformer.scala:22)
[info]   at org.scalatest.Transformer.apply(Transformer.scala:20)
[info]   at org.scalatest.FunSuiteLike$$anon$1.apply(FunSuiteLike.scala:186)
[info]   ...
[info] - testing all/issues/carbon/0237.vpr *** FAILED ***
[info]   java.lang.RuntimeException: Error occurred during translating: List(Parse error: Expected found "b: Set[Ref]) {\r\n  fo", expected invalid identifier (could be a keyword) | "/*" ~ (!(StringIn("*/")) ~ AnyChar).rep ~ "*/" | "//" ~ CharsWhile(viper.silver.parser.FastParser$$$Lambda$333/0x000000080046e840@3449573d).? ~ ("\n" | End) | " " | "\t" | "\n" | "\r" | ")" at index 137
[info] predicate P(b: Set[Ref]) {
[info]             ^ (0237.vpr@6.13))
[info]   at scala.sys.package$.error(package.scala:26)
[info]   at FullSilverTests.parse(FullSilverTests.scala:77)
[info]   at FullSilverTests.$anonfun$testAFile$2(FullSilverTests.scala:46)
[info]   at scala.runtime.java8.JFunction0$mcV$sp.apply(JFunction0$mcV$sp.java:12)
[info]   at org.scalatest.OutcomeOf.outcomeOf(OutcomeOf.scala:85)
[info]   at org.scalatest.OutcomeOf.outcomeOf$(OutcomeOf.scala:83)
[info]   at org.scalatest.OutcomeOf$.outcomeOf(OutcomeOf.scala:104)
[info]   at org.scalatest.Transformer.apply(Transformer.scala:22)
[info]   at org.scalatest.Transformer.apply(Transformer.scala:20)
[info]   at org.scalatest.FunSuiteLike$$anon$1.apply(FunSuiteLike.scala:186)
[info]   ...
[info] - testing all/issues/carbon/0240.vpr
[info] - testing all/issues/carbon/0241.vpr *** FAILED ***
[info]   java.lang.RuntimeException: Error occurred during translating: List(Parse error: Expected found "domain Array {\n    f", expected Fail | preambleImport | fieldDecl | predicateDecl | methodDecl | Fail | End at index 125
[info] domain Array {
[info] ^ (0241.vpr@6.1))
[info]   at scala.sys.package$.error(package.scala:26)
[info]   at FullSilverTests.parse(FullSilverTests.scala:77)
[info]   at FullSilverTests.$anonfun$testAFile$2(FullSilverTests.scala:46)
[info]   at scala.runtime.java8.JFunction0$mcV$sp.apply(JFunction0$mcV$sp.java:12)
[info]   at org.scalatest.OutcomeOf.outcomeOf(OutcomeOf.scala:85)
[info]   at org.scalatest.OutcomeOf.outcomeOf$(OutcomeOf.scala:83)
[info]   at org.scalatest.OutcomeOf$.outcomeOf(OutcomeOf.scala:104)
[info]   at org.scalatest.Transformer.apply(Transformer.scala:22)
[info]   at org.scalatest.Transformer.apply(Transformer.scala:20)
[info]   at org.scalatest.FunSuiteLike$$anon$1.apply(FunSuiteLike.scala:186)
[info]   ...
[info] - testing all/issues/carbon/0251.vpr *** FAILED ***
[info]   java.lang.RuntimeException: Error occurred during translating: List(Parse error: Expected found "r2 == (r) in (acc(r2", expected Fail | preambleImport | fieldDecl | predicateDecl | methodDecl | Fail | End at index 155
[info]  requires let r2 == (r) in (acc(r2
[info]               ^ (0251.vpr@7.15))
[info]   at scala.sys.package$.error(package.scala:26)
[info]   at FullSilverTests.parse(FullSilverTests.scala:77)
[info]   at FullSilverTests.$anonfun$testAFile$2(FullSilverTests.scala:46)
[info]   at scala.runtime.java8.JFunction0$mcV$sp.apply(JFunction0$mcV$sp.java:12)
[info]   at org.scalatest.OutcomeOf.outcomeOf(OutcomeOf.scala:85)
[info]   at org.scalatest.OutcomeOf.outcomeOf$(OutcomeOf.scala:83)
[info]   at org.scalatest.OutcomeOf$.outcomeOf(OutcomeOf.scala:104)
[info]   at org.scalatest.Transformer.apply(Transformer.scala:22)
[info]   at org.scalatest.Transformer.apply(Transformer.scala:20)
[info]   at org.scalatest.FunSuiteLike$$anon$1.apply(FunSuiteLike.scala:186)
[info]   ...
[info] - testing all/issues/carbon/0259.vpr *** FAILED ***
[info]   java.lang.RuntimeException: Error occurred during translating: List(Parse error: Expected found "/2) && acc(P(y), 1/2", expected invalid identifier (could be a keyword) | ")" at index 424
[info] nvariant acc(P(x), 1/2) && acc(P(y), 1/2
[info]                     ^ (0259.vpr@15.30))
[info]   at scala.sys.package$.error(package.scala:26)
[info]   at FullSilverTests.parse(FullSilverTests.scala:77)
[info]   at FullSilverTests.$anonfun$testAFile$2(FullSilverTests.scala:46)
[info]   at scala.runtime.java8.JFunction0$mcV$sp.apply(JFunction0$mcV$sp.java:12)
[info]   at org.scalatest.OutcomeOf.outcomeOf(OutcomeOf.scala:85)
[info]   at org.scalatest.OutcomeOf.outcomeOf$(OutcomeOf.scala:83)
[info]   at org.scalatest.OutcomeOf$.outcomeOf(OutcomeOf.scala:104)
[info]   at org.scalatest.Transformer.apply(Transformer.scala:22)
[info]   at org.scalatest.Transformer.apply(Transformer.scala:20)
[info]   at org.scalatest.FunSuiteLike$$anon$1.apply(FunSuiteLike.scala:186)
[info]   ...
[info] - testing all/issues/carbon/0262.vpr *** FAILED ***
[info]   java.lang.RuntimeException: Error occurred during translating: List(Parse error: Expected found "domain Functions {\r\n", expected Fail | preambleImport | fieldDecl | predicateDecl | methodDecl | Fail | End at index 0
[info] domain Functions {
[info] ^ (0262.vpr@1.1))
[info]   at scala.sys.package$.error(package.scala:26)
[info]   at FullSilverTests.parse(FullSilverTests.scala:77)
[info]   at FullSilverTests.$anonfun$testAFile$2(FullSilverTests.scala:46)
[info]   at scala.runtime.java8.JFunction0$mcV$sp.apply(JFunction0$mcV$sp.java:12)
[info]   at org.scalatest.OutcomeOf.outcomeOf(OutcomeOf.scala:85)
[info]   at org.scalatest.OutcomeOf.outcomeOf$(OutcomeOf.scala:83)
[info]   at org.scalatest.OutcomeOf$.outcomeOf(OutcomeOf.scala:104)
[info]   at org.scalatest.Transformer.apply(Transformer.scala:22)
[info]   at org.scalatest.Transformer.apply(Transformer.scala:20)
[info]   at org.scalatest.FunSuiteLike$$anon$1.apply(FunSuiteLike.scala:186)
[info]   ...
[info] - testing all/issues/carbon/0265.vpr *** FAILED ***
[info]   java.lang.RuntimeException: Error occurred during translating: List(Parse error: Expected found "assume forall b:Bool", expected Fail | methodCall | fieldassign | localassign | fold | unfold | assertP | ifthnels | whle | varDecl | starredNewstmt | regularNewstmt | block | Fail | "}" at index 182
[info]   assume forall b:Bool
[info]   ^ (0265.vpr@6.3))
[info]   at scala.sys.package$.error(package.scala:26)
[info]   at FullSilverTests.parse(FullSilverTests.scala:77)
[info]   at FullSilverTests.$anonfun$testAFile$2(FullSilverTests.scala:46)
[info]   at scala.runtime.java8.JFunction0$mcV$sp.apply(JFunction0$mcV$sp.java:12)
[info]   at org.scalatest.OutcomeOf.outcomeOf(OutcomeOf.scala:85)
[info]   at org.scalatest.OutcomeOf.outcomeOf$(OutcomeOf.scala:83)
[info]   at org.scalatest.OutcomeOf$.outcomeOf(OutcomeOf.scala:104)
[info]   at org.scalatest.Transformer.apply(Transformer.scala:22)
[info]   at org.scalatest.Transformer.apply(Transformer.scala:20)
[info]   at org.scalatest.FunSuiteLike$$anon$1.apply(FunSuiteLike.scala:186)
[info]   ...
[info] - testing all/issues/carbon/0349.vpr *** FAILED ***
[info]   java.lang.RuntimeException: Error occurred during translating: List(Parse error: Expected found "s: Seq[Int])\r\n  requ", expected invalid identifier (could be a keyword) | "/*" ~ (!(StringIn("*/")) ~ AnyChar).rep ~ "*/" | "//" ~ CharsWhile(viper.silver.parser.FastParser$$$Lambda$333/0x000000080046e840@3449573d).? ~ ("\n" | End) | " " | "\t" | "\n" | "\r" | ")" at index 11
[info] method wow(s: Seq[Int])
[info]            ^ (0349.vpr@1.12))
[info]   at scala.sys.package$.error(package.scala:26)
[info]   at FullSilverTests.parse(FullSilverTests.scala:77)
[info]   at FullSilverTests.$anonfun$testAFile$2(FullSilverTests.scala:46)
[info]   at scala.runtime.java8.JFunction0$mcV$sp.apply(JFunction0$mcV$sp.java:12)
[info]   at org.scalatest.OutcomeOf.outcomeOf(OutcomeOf.scala:85)
[info]   at org.scalatest.OutcomeOf.outcomeOf$(OutcomeOf.scala:83)
[info]   at org.scalatest.OutcomeOf$.outcomeOf(OutcomeOf.scala:104)
[info]   at org.scalatest.Transformer.apply(Transformer.scala:22)
[info]   at org.scalatest.Transformer.apply(Transformer.scala:20)
[info]   at org.scalatest.FunSuiteLike$$anon$1.apply(FunSuiteLike.scala:186)
[info]   ...
[info] - testing all/issues/silicon/0008.vpr *** FAILED ***
[info]   java.lang.RuntimeException: Error occurred during translating: List(Parse error: Expected found ", k) && acc(y.f, k)\n", expected invalid identifier (could be a keyword) | "." | ")" at index 181
[info]   requires acc(x.f, k) && acc(y.f, k)
[info]                   ^ (0008.vpr@7.19))
[info]   at scala.sys.package$.error(package.scala:26)
[info]   at FullSilverTests.parse(FullSilverTests.scala:77)
[info]   at FullSilverTests.$anonfun$testAFile$2(FullSilverTests.scala:46)
[info]   at scala.runtime.java8.JFunction0$mcV$sp.apply(JFunction0$mcV$sp.java:12)
[info]   at org.scalatest.OutcomeOf.outcomeOf(OutcomeOf.scala:85)
[info]   at org.scalatest.OutcomeOf.outcomeOf$(OutcomeOf.scala:83)
[info]   at org.scalatest.OutcomeOf$.outcomeOf(OutcomeOf.scala:104)
[info]   at org.scalatest.Transformer.apply(Transformer.scala:22)
[info]   at org.scalatest.Transformer.apply(Transformer.scala:20)
[info]   at org.scalatest.FunSuiteLike$$anon$1.apply(FunSuiteLike.scala:186)
[info]   ...
[info] - testing all/issues/silicon/0011.vpr *** FAILED ***
[info]   java.lang.RuntimeException: Error occurred during translating: List(Parse error: Expected found "> none\n  requires ac", expected Fail | preambleImport | fieldDecl | predicateDecl | methodDecl | Fail | End at index 228
[info]   requires k > none
[info]              ^ (0011.vpr@10.14))
[info]   at scala.sys.package$.error(package.scala:26)
[info]   at FullSilverTests.parse(FullSilverTests.scala:77)
[info]   at FullSilverTests.$anonfun$testAFile$2(FullSilverTests.scala:46)
[info]   at scala.runtime.java8.JFunction0$mcV$sp.apply(JFunction0$mcV$sp.java:12)
[info]   at org.scalatest.OutcomeOf.outcomeOf(OutcomeOf.scala:85)
[info]   at org.scalatest.OutcomeOf.outcomeOf$(OutcomeOf.scala:83)
[info]   at org.scalatest.OutcomeOf$.outcomeOf(OutcomeOf.scala:104)
[info]   at org.scalatest.Transformer.apply(Transformer.scala:22)
[info]   at org.scalatest.Transformer.apply(Transformer.scala:20)
[info]   at org.scalatest.FunSuiteLike$$anon$1.apply(FunSuiteLike.scala:186)
[info]   ...
[info] - testing all/issues/silicon/0034.vpr
[info] - testing all/issues/silicon/0037.vpr *** FAILED ***
[info]   java.lang.RuntimeException: Error occurred during translating: List(Parse error: Expected found "domain Natural {\n  f", expected Fail | preambleImport | fieldDecl | predicateDecl | methodDecl | Fail | End at index 109
[info] domain Natural {
[info] ^ (0037.vpr@4.1))
[info]   at scala.sys.package$.error(package.scala:26)
[info]   at FullSilverTests.parse(FullSilverTests.scala:77)
[info]   at FullSilverTests.$anonfun$testAFile$2(FullSilverTests.scala:46)
[info]   at scala.runtime.java8.JFunction0$mcV$sp.apply(JFunction0$mcV$sp.java:12)
[info]   at org.scalatest.OutcomeOf.outcomeOf(OutcomeOf.scala:85)
[info]   at org.scalatest.OutcomeOf.outcomeOf$(OutcomeOf.scala:83)
[info]   at org.scalatest.OutcomeOf$.outcomeOf(OutcomeOf.scala:104)
[info]   at org.scalatest.Transformer.apply(Transformer.scala:22)
[info]   at org.scalatest.Transformer.apply(Transformer.scala:20)
[info]   at org.scalatest.FunSuiteLike$$anon$1.apply(FunSuiteLike.scala:186)
[info]   ...
[info] - testing all/issues/silicon/0042.vpr *** FAILED ***
[info]   java.lang.RuntimeException: Error occurred during translating: List(Parse error: Expected found "&& (list.next != nul", expected "}" | invalid identifier (could be a keyword) | StringIn("+", "-") | "." | StringIn("*", "/", "\\", "%") at index 181
[info] 	&& (list.next != nul
[info]  ^ (0042.vpr@8.2))
[info]   at scala.sys.package$.error(package.scala:26)
[info]   at FullSilverTests.parse(FullSilverTests.scala:77)
[info]   at FullSilverTests.$anonfun$testAFile$2(FullSilverTests.scala:46)
[info]   at scala.runtime.java8.JFunction0$mcV$sp.apply(JFunction0$mcV$sp.java:12)
[info]   at org.scalatest.OutcomeOf.outcomeOf(OutcomeOf.scala:85)
[info]   at org.scalatest.OutcomeOf.outcomeOf$(OutcomeOf.scala:83)
[info]   at org.scalatest.OutcomeOf$.outcomeOf(OutcomeOf.scala:104)
[info]   at org.scalatest.Transformer.apply(Transformer.scala:22)
[info]   at org.scalatest.Transformer.apply(Transformer.scala:20)
[info]   at org.scalatest.FunSuiteLike$$anon$1.apply(FunSuiteLike.scala:186)
[info]   ...
[info] - testing all/issues/silicon/0043.vpr
[info] - testing all/issues/silicon/0046.vpr
[info] - testing all/issues/silicon/0047.vpr
[info] - testing all/issues/silicon/0053.vpr *** FAILED ***
[info]   java.lang.RuntimeException: Error occurred during translating: List(Parse error: Expected found "&&\r\n  (this.next != ", expected "}" | invalid identifier (could be a keyword) | StringIn("+", "-") | "." | StringIn("*", "/", "\\", "%") at index 208
[info] t) && acc(this.val) &&
[info]                     ^ (0053.vpr@8.35))
[info]   at scala.sys.package$.error(package.scala:26)
[info]   at FullSilverTests.parse(FullSilverTests.scala:77)
[info]   at FullSilverTests.$anonfun$testAFile$2(FullSilverTests.scala:46)
[info]   at scala.runtime.java8.JFunction0$mcV$sp.apply(JFunction0$mcV$sp.java:12)
[info]   at org.scalatest.OutcomeOf.outcomeOf(OutcomeOf.scala:85)
[info]   at org.scalatest.OutcomeOf.outcomeOf$(OutcomeOf.scala:83)
[info]   at org.scalatest.OutcomeOf$.outcomeOf(OutcomeOf.scala:104)
[info]   at org.scalatest.Transformer.apply(Transformer.scala:22)
[info]   at org.scalatest.Transformer.apply(Transformer.scala:20)
[info]   at org.scalatest.FunSuiteLike$$anon$1.apply(FunSuiteLike.scala:186)
[info]   ...
[info] - testing all/issues/silicon/0054.vpr
[info] - testing all/issues/silicon/0057.vpr
[info] - testing all/issues/silicon/0072.vpr *** FAILED ***
[info]   java.lang.RuntimeException: Error occurred during translating: List(Parse error: Expected found "s: Seq[Ref])\r\n requi", expected invalid identifier (could be a keyword) | "/*" ~ (!(StringIn("*/")) ~ AnyChar).rep ~ "*/" | "//" ~ CharsWhile(viper.silver.parser.FastParser$$$Lambda$333/0x000000080046e840@3449573d).? ~ ("\n" | End) | " " | "\t" | "\n" | "\r" | ")" at index 139
[info] method test01(s: Seq[Ref])
[info]               ^ (0072.vpr@6.15))
[info]   at scala.sys.package$.error(package.scala:26)
[info]   at FullSilverTests.parse(FullSilverTests.scala:77)
[info]   at FullSilverTests.$anonfun$testAFile$2(FullSilverTests.scala:46)
[info]   at scala.runtime.java8.JFunction0$mcV$sp.apply(JFunction0$mcV$sp.java:12)
[info]   at org.scalatest.OutcomeOf.outcomeOf(OutcomeOf.scala:85)
[info]   at org.scalatest.OutcomeOf.outcomeOf$(OutcomeOf.scala:83)
[info]   at org.scalatest.OutcomeOf$.outcomeOf(OutcomeOf.scala:104)
[info]   at org.scalatest.Transformer.apply(Transformer.scala:22)
[info]   at org.scalatest.Transformer.apply(Transformer.scala:20)
[info]   at org.scalatest.FunSuiteLike$$anon$1.apply(FunSuiteLike.scala:186)
[info]   ...
[info] - testing all/issues/silicon/0075_AVLTree.nokeys.vpr *** FAILED ***
[info]   java.lang.RuntimeException: Error occurred during translating: List(Parse error: Expected found "&& (this.root!=null ", expected "}" | invalid identifier (could be a keyword) | StringIn("+", "-") | "." | StringIn("*", "/", "\\", "%") at index 191
[info] 		&& (this.root!=null
[info]   ^ (0075_AVLTree.nokeys.vpr@8.3))
[info]   at scala.sys.package$.error(package.scala:26)
[info]   at FullSilverTests.parse(FullSilverTests.scala:77)
[info]   at FullSilverTests.$anonfun$testAFile$2(FullSilverTests.scala:46)
[info]   at scala.runtime.java8.JFunction0$mcV$sp.apply(JFunction0$mcV$sp.java:12)
[info]   at org.scalatest.OutcomeOf.outcomeOf(OutcomeOf.scala:85)
[info]   at org.scalatest.OutcomeOf.outcomeOf$(OutcomeOf.scala:83)
[info]   at org.scalatest.OutcomeOf$.outcomeOf(OutcomeOf.scala:104)
[info]   at org.scalatest.Transformer.apply(Transformer.scala:22)
[info]   at org.scalatest.Transformer.apply(Transformer.scala:20)
[info]   at org.scalatest.FunSuiteLike$$anon$1.apply(FunSuiteLike.scala:186)
[info]   ...
[info] - testing all/issues/silicon/0083.vpr *** FAILED ***
[info]   java.lang.RuntimeException: Error occurred during translating: List(Parse error: Expected found "xs: Seq[Int])\r\n  //:", expected invalid identifier (could be a keyword) | "/*" ~ (!(StringIn("*/")) ~ AnyChar).rep ~ "*/" | "//" ~ CharsWhile(viper.silver.parser.FastParser$$$Lambda$333/0x000000080046e840@3449573d).? ~ ("\n" | End) | " " | "\t" | "\n" | "\r" | ")" at index 138
[info] method test1(xs: Seq[Int])
[info]              ^ (0083.vpr@6.14))
[info]   at scala.sys.package$.error(package.scala:26)
[info]   at FullSilverTests.parse(FullSilverTests.scala:77)
[info]   at FullSilverTests.$anonfun$testAFile$2(FullSilverTests.scala:46)
[info]   at scala.runtime.java8.JFunction0$mcV$sp.apply(JFunction0$mcV$sp.java:12)
[info]   at org.scalatest.OutcomeOf.outcomeOf(OutcomeOf.scala:85)
[info]   at org.scalatest.OutcomeOf.outcomeOf$(OutcomeOf.scala:83)
[info]   at org.scalatest.OutcomeOf$.outcomeOf(OutcomeOf.scala:104)
[info]   at org.scalatest.Transformer.apply(Transformer.scala:22)
[info]   at org.scalatest.Transformer.apply(Transformer.scala:20)
[info]   at org.scalatest.FunSuiteLike$$anon$1.apply(FunSuiteLike.scala:186)
[info]   ...
[info] - testing all/issues/silicon/0084.vpr *** FAILED ***
[info]   java.lang.RuntimeException: Error occurred during translating: List(Parse error: Expected found "/2) }\r\n\r\nmethod test", expected invalid identifier (could be a keyword) | ")" at index 165
[info] Ref) { acc(this.f, 1/2) }
[info]                     ^ (0084.vpr@6.41))
[info]   at scala.sys.package$.error(package.scala:26)
[info]   at FullSilverTests.parse(FullSilverTests.scala:77)
[info]   at FullSilverTests.$anonfun$testAFile$2(FullSilverTests.scala:46)
[info]   at scala.runtime.java8.JFunction0$mcV$sp.apply(JFunction0$mcV$sp.java:12)
[info]   at org.scalatest.OutcomeOf.outcomeOf(OutcomeOf.scala:85)
[info]   at org.scalatest.OutcomeOf.outcomeOf$(OutcomeOf.scala:83)
[info]   at org.scalatest.OutcomeOf$.outcomeOf(OutcomeOf.scala:104)
[info]   at org.scalatest.Transformer.apply(Transformer.scala:22)
[info]   at org.scalatest.Transformer.apply(Transformer.scala:20)
[info]   at org.scalatest.FunSuiteLike$$anon$1.apply(FunSuiteLike.scala:186)
[info]   ...
[info] - testing all/issues/silicon/0091.vpr *** FAILED ***
[info]   java.lang.RuntimeException: Error occurred during translating: List(Parse error: Expected found "domain A {}\ndomain B", expected Fail | preambleImport | fieldDecl | predicateDecl | methodDecl | Fail | End at index 109
[info] domain A {}
[info] ^ (0091.vpr@4.1))
[info]   at scala.sys.package$.error(package.scala:26)
[info]   at FullSilverTests.parse(FullSilverTests.scala:77)
[info]   at FullSilverTests.$anonfun$testAFile$2(FullSilverTests.scala:46)
[info]   at scala.runtime.java8.JFunction0$mcV$sp.apply(JFunction0$mcV$sp.java:12)
[info]   at org.scalatest.OutcomeOf.outcomeOf(OutcomeOf.scala:85)
[info]   at org.scalatest.OutcomeOf.outcomeOf$(OutcomeOf.scala:83)
[info]   at org.scalatest.OutcomeOf$.outcomeOf(OutcomeOf.scala:104)
[info]   at org.scalatest.Transformer.apply(Transformer.scala:22)
[info]   at org.scalatest.Transformer.apply(Transformer.scala:20)
[info]   at org.scalatest.FunSuiteLike$$anon$1.apply(FunSuiteLike.scala:186)
[info]   ...
[info] - testing all/issues/silicon/0092.vpr *** FAILED ***
[info]   java.lang.RuntimeException: Error occurred during translating: List(Parse error: Expected found "&& (x.g != null ==> ", expected "}" | invalid identifier (could be a keyword) | StringIn("+", "-") | "." | StringIn("*", "/", "\\", "%") at index 447
[info] cc(x.f) && acc(x.g) && (x.g != null ==>
[info]                     ^ (0092.vpr@24.24))
[info]   at scala.sys.package$.error(package.scala:26)
[info]   at FullSilverTests.parse(FullSilverTests.scala:77)
[info]   at FullSilverTests.$anonfun$testAFile$2(FullSilverTests.scala:46)
[info]   at scala.runtime.java8.JFunction0$mcV$sp.apply(JFunction0$mcV$sp.java:12)
[info]   at org.scalatest.OutcomeOf.outcomeOf(OutcomeOf.scala:85)
[info]   at org.scalatest.OutcomeOf.outcomeOf$(OutcomeOf.scala:83)
[info]   at org.scalatest.OutcomeOf$.outcomeOf(OutcomeOf.scala:104)
[info]   at org.scalatest.Transformer.apply(Transformer.scala:22)
[info]   at org.scalatest.Transformer.apply(Transformer.scala:20)
[info]   at org.scalatest.FunSuiteLike$$anon$1.apply(FunSuiteLike.scala:186)
[info]   ...
[info] - testing all/issues/silicon/0094.vpr
[info] - testing all/issues/silicon/0127.vpr *** FAILED ***
[info]   java.lang.RuntimeException: Error occurred during translating: List(Parse error: Expected found "domain IMap[K, V] {\n", expected Fail | preambleImport | fieldDecl | predicateDecl | methodDecl | Fail | End at index 109
[info] domain IMap[K, V] {
[info] ^ (0127.vpr@4.1))
[info]   at scala.sys.package$.error(package.scala:26)
[info]   at FullSilverTests.parse(FullSilverTests.scala:77)
[info]   at FullSilverTests.$anonfun$testAFile$2(FullSilverTests.scala:46)
[info]   at scala.runtime.java8.JFunction0$mcV$sp.apply(JFunction0$mcV$sp.java:12)
[info]   at org.scalatest.OutcomeOf.outcomeOf(OutcomeOf.scala:85)
[info]   at org.scalatest.OutcomeOf.outcomeOf$(OutcomeOf.scala:83)
[info]   at org.scalatest.OutcomeOf$.outcomeOf(OutcomeOf.scala:104)
[info]   at org.scalatest.Transformer.apply(Transformer.scala:22)
[info]   at org.scalatest.Transformer.apply(Transformer.scala:20)
[info]   at org.scalatest.FunSuiteLike$$anon$1.apply(FunSuiteLike.scala:186)
[info]   ...
[info] - testing all/issues/silicon/0134.vpr *** FAILED ***
[info]   java.lang.RuntimeException: Error occurred during translating: List(Parse error: Expected found ", wildcard)\r\n  requi", expected invalid identifier (could be a keyword) | "." | ")" at index 242
[info] requires acc(t1.next, wildcard)
[info]                     ^ (0134.vpr@10.23))
[info]   at scala.sys.package$.error(package.scala:26)
[info]   at FullSilverTests.parse(FullSilverTests.scala:77)
[info]   at FullSilverTests.$anonfun$testAFile$2(FullSilverTests.scala:46)
[info]   at scala.runtime.java8.JFunction0$mcV$sp.apply(JFunction0$mcV$sp.java:12)
[info]   at org.scalatest.OutcomeOf.outcomeOf(OutcomeOf.scala:85)
[info]   at org.scalatest.OutcomeOf.outcomeOf$(OutcomeOf.scala:83)
[info]   at org.scalatest.OutcomeOf$.outcomeOf(OutcomeOf.scala:104)
[info]   at org.scalatest.Transformer.apply(Transformer.scala:22)
[info]   at org.scalatest.Transformer.apply(Transformer.scala:20)
[info]   at org.scalatest.FunSuiteLike$$anon$1.apply(FunSuiteLike.scala:186)
[info]   ...
[info] - testing all/issues/silicon/0138.vpr
[info] - testing all/issues/silicon/0144.vpr
[info] - testing all/issues/silicon/0152.vpr
[info] - testing all/issues/silicon/0154-1.vpr *** FAILED ***
[info]   java.lang.RuntimeException: Error occurred during translating: List(Parse error: Expected found ", wildcard) && acc(t", expected invalid identifier (could be a keyword) | "." | ")" at index 441
[info]   acc(this.Nodenext$, wildcard) && acc(t
[info]                     ^ (0154-1.vpr@17.21))
[info]   at scala.sys.package$.error(package.scala:26)
[info]   at FullSilverTests.parse(FullSilverTests.scala:77)
[info]   at FullSilverTests.$anonfun$testAFile$2(FullSilverTests.scala:46)
[info]   at scala.runtime.java8.JFunction0$mcV$sp.apply(JFunction0$mcV$sp.java:12)
[info]   at org.scalatest.OutcomeOf.outcomeOf(OutcomeOf.scala:85)
[info]   at org.scalatest.OutcomeOf.outcomeOf$(OutcomeOf.scala:83)
[info]   at org.scalatest.OutcomeOf$.outcomeOf(OutcomeOf.scala:104)
[info]   at org.scalatest.Transformer.apply(Transformer.scala:22)
[info]   at org.scalatest.Transformer.apply(Transformer.scala:20)
[info]   at org.scalatest.FunSuiteLike$$anon$1.apply(FunSuiteLike.scala:186)
[info]   ...
[info] - testing all/issues/silicon/0157-1.vpr *** FAILED ***
[info]   java.lang.RuntimeException: Error occurred during translating: List(Parse error: Expected found "> none\r\n  requires w", expected Fail | preambleImport | fieldDecl | predicateDecl | methodDecl | Fail | End at index 616
[info]   requires k$ > none
[info]               ^ (0157-1.vpr@31.15))
[info]   at scala.sys.package$.error(package.scala:26)
[info]   at FullSilverTests.parse(FullSilverTests.scala:77)
[info]   at FullSilverTests.$anonfun$testAFile$2(FullSilverTests.scala:46)
[info]   at scala.runtime.java8.JFunction0$mcV$sp.apply(JFunction0$mcV$sp.java:12)
[info]   at org.scalatest.OutcomeOf.outcomeOf(OutcomeOf.scala:85)
[info]   at org.scalatest.OutcomeOf.outcomeOf$(OutcomeOf.scala:83)
[info]   at org.scalatest.OutcomeOf$.outcomeOf(OutcomeOf.scala:104)
[info]   at org.scalatest.Transformer.apply(Transformer.scala:22)
[info]   at org.scalatest.Transformer.apply(Transformer.scala:20)
[info]   at org.scalatest.FunSuiteLike$$anon$1.apply(FunSuiteLike.scala:186)
[info]   ...
[info] - testing all/issues/silicon/0157.vpr *** FAILED ***
[info]   java.lang.RuntimeException: Error occurred during translating: List(Parse error: Expected found "/2) && x.f != null &", expected invalid identifier (could be a keyword) | ")" at index 543
[info]  requires acc(x.f, 1/2) && x.f != null &
[info]                     ^ (0157.vpr@22.22))
[info]   at scala.sys.package$.error(package.scala:26)
[info]   at FullSilverTests.parse(FullSilverTests.scala:77)
[info]   at FullSilverTests.$anonfun$testAFile$2(FullSilverTests.scala:46)
[info]   at scala.runtime.java8.JFunction0$mcV$sp.apply(JFunction0$mcV$sp.java:12)
[info]   at org.scalatest.OutcomeOf.outcomeOf(OutcomeOf.scala:85)
[info]   at org.scalatest.OutcomeOf.outcomeOf$(OutcomeOf.scala:83)
[info]   at org.scalatest.OutcomeOf$.outcomeOf(OutcomeOf.scala:104)
[info]   at org.scalatest.Transformer.apply(Transformer.scala:22)
[info]   at org.scalatest.Transformer.apply(Transformer.scala:20)
[info]   at org.scalatest.FunSuiteLike$$anon$1.apply(FunSuiteLike.scala:186)
[info]   ...
[info] - testing all/issues/silicon/0164.vpr
[info] - testing all/issues/silicon/0165.vpr
[info] - testing all/issues/silicon/0166.vpr *** FAILED ***
[info]   java.lang.RuntimeException: Error occurred during translating: List(Parse error: Expected found "(forall i: Int :: (i", expected predicateInstance | strInteger.filter(viper.silver.parser.FastParser$$$Lambda$517/0x0000000800542840@578f6550) | booltrue | boolfalse | nul | old | result | unExp | fapp | typedFapp | "(" ~ exp ~ ")" | accessPred | unfolding | applying | idnuse | Fail at index 155
[info]   requires (forall i: Int :: (i
[info]            ^ (0166.vpr@5.12))
[info]   at scala.sys.package$.error(package.scala:26)
[info]   at FullSilverTests.parse(FullSilverTests.scala:77)
[info]   at FullSilverTests.$anonfun$testAFile$2(FullSilverTests.scala:46)
[info]   at scala.runtime.java8.JFunction0$mcV$sp.apply(JFunction0$mcV$sp.java:12)
[info]   at org.scalatest.OutcomeOf.outcomeOf(OutcomeOf.scala:85)
[info]   at org.scalatest.OutcomeOf.outcomeOf$(OutcomeOf.scala:83)
[info]   at org.scalatest.OutcomeOf$.outcomeOf(OutcomeOf.scala:104)
[info]   at org.scalatest.Transformer.apply(Transformer.scala:22)
[info]   at org.scalatest.Transformer.apply(Transformer.scala:20)
[info]   at org.scalatest.FunSuiteLike$$anon$1.apply(FunSuiteLike.scala:186)
[info]   ...
[info] - testing all/issues/silicon/0183.vpr *** FAILED ***
[info]   java.lang.RuntimeException: Error occurred during translating: List(Parse error: Expected found ", rd)\n}\n\nmethod foo_", expected invalid identifier (could be a keyword) | "." | ")" at index 180
[info]   acc(self.v, rd)
[info]             ^ (0183.vpr@7.13))
[info]   at scala.sys.package$.error(package.scala:26)
[info]   at FullSilverTests.parse(FullSilverTests.scala:77)
[info]   at FullSilverTests.$anonfun$testAFile$2(FullSilverTests.scala:46)
[info]   at scala.runtime.java8.JFunction0$mcV$sp.apply(JFunction0$mcV$sp.java:12)
[info]   at org.scalatest.OutcomeOf.outcomeOf(OutcomeOf.scala:85)
[info]   at org.scalatest.OutcomeOf.outcomeOf$(OutcomeOf.scala:83)
[info]   at org.scalatest.OutcomeOf$.outcomeOf(OutcomeOf.scala:104)
[info]   at org.scalatest.Transformer.apply(Transformer.scala:22)
[info]   at org.scalatest.Transformer.apply(Transformer.scala:20)
[info]   at org.scalatest.FunSuiteLike$$anon$1.apply(FunSuiteLike.scala:186)
[info]   ...
[info] - testing all/issues/silicon/0209.vpr *** FAILED ***
[info]   java.lang.RuntimeException: Error occurred during translating: List(Parse error: Expected found "domain List {\n    un", expected Fail | preambleImport | fieldDecl | predicateDecl | methodDecl | Fail | End at index 109
[info] domain List {
[info] ^ (0209.vpr@4.1))
[info]   at scala.sys.package$.error(package.scala:26)
[info]   at FullSilverTests.parse(FullSilverTests.scala:77)
[info]   at FullSilverTests.$anonfun$testAFile$2(FullSilverTests.scala:46)
[info]   at scala.runtime.java8.JFunction0$mcV$sp.apply(JFunction0$mcV$sp.java:12)
[info]   at org.scalatest.OutcomeOf.outcomeOf(OutcomeOf.scala:85)
[info]   at org.scalatest.OutcomeOf.outcomeOf$(OutcomeOf.scala:83)
[info]   at org.scalatest.OutcomeOf$.outcomeOf(OutcomeOf.scala:104)
[info]   at org.scalatest.Transformer.apply(Transformer.scala:22)
[info]   at org.scalatest.Transformer.apply(Transformer.scala:20)
[info]   at org.scalatest.FunSuiteLike$$anon$1.apply(FunSuiteLike.scala:186)
[info]   ...
[info] - testing all/issues/silicon/0215.vpr *** FAILED ***
[info]   java.lang.RuntimeException: Error occurred during translating: List(identifier temp$1 not defined. (0215.vpr@11.19), identifier nul not defined. (0215.vpr@11.29))
[info]   at scala.sys.package$.error(package.scala:26)
[info]   at FullSilverTests.parse(FullSilverTests.scala:77)
[info]   at FullSilverTests.$anonfun$testAFile$2(FullSilverTests.scala:46)
[info]   at scala.runtime.java8.JFunction0$mcV$sp.apply(JFunction0$mcV$sp.java:12)
[info]   at org.scalatest.OutcomeOf.outcomeOf(OutcomeOf.scala:85)
[info]   at org.scalatest.OutcomeOf.outcomeOf$(OutcomeOf.scala:83)
[info]   at org.scalatest.OutcomeOf$.outcomeOf(OutcomeOf.scala:104)
[info]   at org.scalatest.Transformer.apply(Transformer.scala:22)
[info]   at org.scalatest.Transformer.apply(Transformer.scala:20)
[info]   at org.scalatest.FunSuiteLike$$anon$1.apply(FunSuiteLike.scala:186)
[info]   ...
[info] - testing all/issues/silicon/0216.vpr *** FAILED ***
[info]   java.lang.RuntimeException: Error occurred during translating: List(Parse error: Expected found "domain MultiSet[T] {", expected Fail | preambleImport | fieldDecl | predicateDecl | methodDecl | Fail | End at index 163
[info] domain MultiSet[T] {
[info] ^ (0216.vpr@5.1))
[info]   at scala.sys.package$.error(package.scala:26)
[info]   at FullSilverTests.parse(FullSilverTests.scala:77)
[info]   at FullSilverTests.$anonfun$testAFile$2(FullSilverTests.scala:46)
[info]   at scala.runtime.java8.JFunction0$mcV$sp.apply(JFunction0$mcV$sp.java:12)
[info]   at org.scalatest.OutcomeOf.outcomeOf(OutcomeOf.scala:85)
[info]   at org.scalatest.OutcomeOf.outcomeOf$(OutcomeOf.scala:83)
[info]   at org.scalatest.OutcomeOf$.outcomeOf(OutcomeOf.scala:104)
[info]   at org.scalatest.Transformer.apply(Transformer.scala:22)
[info]   at org.scalatest.Transformer.apply(Transformer.scala:20)
[info]   at org.scalatest.FunSuiteLike$$anon$1.apply(FunSuiteLike.scala:186)
[info]   ...
[info] - testing all/issues/silicon/0222.vpr *** FAILED ***
[info]   java.lang.RuntimeException: Error occurred during translating: List(Parse error: Expected found "domain D1 {\n  unique", expected Fail | preambleImport | fieldDecl | predicateDecl | methodDecl | Fail | End at index 109
[info] domain D1 {
[info] ^ (0222.vpr@4.1))
[info]   at scala.sys.package$.error(package.scala:26)
[info]   at FullSilverTests.parse(FullSilverTests.scala:77)
[info]   at FullSilverTests.$anonfun$testAFile$2(FullSilverTests.scala:46)
[info]   at scala.runtime.java8.JFunction0$mcV$sp.apply(JFunction0$mcV$sp.java:12)
[info]   at org.scalatest.OutcomeOf.outcomeOf(OutcomeOf.scala:85)
[info]   at org.scalatest.OutcomeOf.outcomeOf$(OutcomeOf.scala:83)
[info]   at org.scalatest.OutcomeOf$.outcomeOf(OutcomeOf.scala:104)
[info]   at org.scalatest.Transformer.apply(Transformer.scala:22)
[info]   at org.scalatest.Transformer.apply(Transformer.scala:20)
[info]   at org.scalatest.FunSuiteLike$$anon$1.apply(FunSuiteLike.scala:186)
[info]   ...
[info] - testing all/issues/silicon/0236.vpr *** FAILED ***
[info]   java.lang.RuntimeException: Error occurred during translating: List(Parse error: Expected found "s: Set[Int]) /* Exce", expected invalid identifier (could be a keyword) | "/*" ~ (!(StringIn("*/")) ~ AnyChar).rep ~ "*/" | "//" ~ CharsWhile(viper.silver.parser.FastParser$$$Lambda$333/0x000000080046e840@3449573d).? ~ ("\n" | End) | " " | "\t" | "\n" | "\r" | ")" at index 121
[info] predicate P(s: Set[Int]) /* Exce
[info]             ^ (0236.vpr@4.13))
[info]   at scala.sys.package$.error(package.scala:26)
[info]   at FullSilverTests.parse(FullSilverTests.scala:77)
[info]   at FullSilverTests.$anonfun$testAFile$2(FullSilverTests.scala:46)
[info]   at scala.runtime.java8.JFunction0$mcV$sp.apply(JFunction0$mcV$sp.java:12)
[info]   at org.scalatest.OutcomeOf.outcomeOf(OutcomeOf.scala:85)
[info]   at org.scalatest.OutcomeOf.outcomeOf$(OutcomeOf.scala:83)
[info]   at org.scalatest.OutcomeOf$.outcomeOf(OutcomeOf.scala:104)
[info]   at org.scalatest.Transformer.apply(Transformer.scala:22)
[info]   at org.scalatest.Transformer.apply(Transformer.scala:20)
[info]   at org.scalatest.FunSuiteLike$$anon$1.apply(FunSuiteLike.scala:186)
[info]   ...
[info] - testing all/issues/silicon/0241.vpr *** FAILED ***
[info]   java.lang.RuntimeException: Error occurred during translating: List(Parse error: Expected found "assume b == true\r\n\r\n", expected Fail | methodCall | fieldassign | localassign | fold | unfold | assertP | ifthnels | whle | varDecl | starredNewstmt | regularNewstmt | block | Fail | "}" at index 156
[info]   assume b == true
[info]   ^ (0241.vpr@6.3))
[info]   at scala.sys.package$.error(package.scala:26)
[info]   at FullSilverTests.parse(FullSilverTests.scala:77)
[info]   at FullSilverTests.$anonfun$testAFile$2(FullSilverTests.scala:46)
[info]   at scala.runtime.java8.JFunction0$mcV$sp.apply(JFunction0$mcV$sp.java:12)
[info]   at org.scalatest.OutcomeOf.outcomeOf(OutcomeOf.scala:85)
[info]   at org.scalatest.OutcomeOf.outcomeOf$(OutcomeOf.scala:83)
[info]   at org.scalatest.OutcomeOf$.outcomeOf(OutcomeOf.scala:104)
[info]   at org.scalatest.Transformer.apply(Transformer.scala:22)
[info]   at org.scalatest.Transformer.apply(Transformer.scala:20)
[info]   at org.scalatest.FunSuiteLike$$anon$1.apply(FunSuiteLike.scala:186)
[info]   ...
[info] - testing all/issues/silicon/0277.vpr
[info] - testing all/issues/silicon/0283.vpr *** FAILED ***
[info]   java.lang.RuntimeException: Error occurred during translating: List(Parse error: Expected found "xs: Seq[Int])\r\n  //:", expected invalid identifier (could be a keyword) | "/*" ~ (!(StringIn("*/")) ~ AnyChar).rep ~ "*/" | "//" ~ CharsWhile(viper.silver.parser.FastParser$$$Lambda$333/0x000000080046e840@3449573d).? ~ ("\n" | End) | " " | "\t" | "\n" | "\r" | ")" at index 122
[info] method test1(xs: Seq[Int])
[info]              ^ (0283.vpr@4.14))
[info]   at scala.sys.package$.error(package.scala:26)
[info]   at FullSilverTests.parse(FullSilverTests.scala:77)
[info]   at FullSilverTests.$anonfun$testAFile$2(FullSilverTests.scala:46)
[info]   at scala.runtime.java8.JFunction0$mcV$sp.apply(JFunction0$mcV$sp.java:12)
[info]   at org.scalatest.OutcomeOf.outcomeOf(OutcomeOf.scala:85)
[info]   at org.scalatest.OutcomeOf.outcomeOf$(OutcomeOf.scala:83)
[info]   at org.scalatest.OutcomeOf$.outcomeOf(OutcomeOf.scala:104)
[info]   at org.scalatest.Transformer.apply(Transformer.scala:22)
[info]   at org.scalatest.Transformer.apply(Transformer.scala:20)
[info]   at org.scalatest.FunSuiteLike$$anon$1.apply(FunSuiteLike.scala:186)
[info]   ...
[info] - testing all/issues/silicon/0287.vpr *** FAILED ***
[info]   java.lang.RuntimeException: Error occurred during translating: List(Parse error: Expected found "{\r\n    forall i:Int ", expected Fail | preambleImport | fieldDecl | predicateDecl | methodDecl | Fail | End at index 153
[info] {
[info] ^ (0287.vpr@7.1))
[info]   at scala.sys.package$.error(package.scala:26)
[info]   at FullSilverTests.parse(FullSilverTests.scala:77)
[info]   at FullSilverTests.$anonfun$testAFile$2(FullSilverTests.scala:46)
[info]   at scala.runtime.java8.JFunction0$mcV$sp.apply(JFunction0$mcV$sp.java:12)
[info]   at org.scalatest.OutcomeOf.outcomeOf(OutcomeOf.scala:85)
[info]   at org.scalatest.OutcomeOf.outcomeOf$(OutcomeOf.scala:83)
[info]   at org.scalatest.OutcomeOf$.outcomeOf(OutcomeOf.scala:104)
[info]   at org.scalatest.Transformer.apply(Transformer.scala:22)
[info]   at org.scalatest.Transformer.apply(Transformer.scala:20)
[info]   at org.scalatest.FunSuiteLike$$anon$1.apply(FunSuiteLike.scala:186)
[info]   ...
[info] - testing all/issues/silicon/0290.vpr *** FAILED ***
[info]   java.lang.RuntimeException: Error occurred during translating: List(Parse error: Expected found ", wildcard)\r\n\r\n  //:", expected invalid identifier (could be a keyword) | ")" at index 315
[info]   unfold acc(P(r), wildcard)
[info]                  ^ (0290.vpr@17.18))
[info]   at scala.sys.package$.error(package.scala:26)
[info]   at FullSilverTests.parse(FullSilverTests.scala:77)
[info]   at FullSilverTests.$anonfun$testAFile$2(FullSilverTests.scala:46)
[info]   at scala.runtime.java8.JFunction0$mcV$sp.apply(JFunction0$mcV$sp.java:12)
[info]   at org.scalatest.OutcomeOf.outcomeOf(OutcomeOf.scala:85)
[info]   at org.scalatest.OutcomeOf.outcomeOf$(OutcomeOf.scala:83)
[info]   at org.scalatest.OutcomeOf$.outcomeOf(OutcomeOf.scala:104)
[info]   at org.scalatest.Transformer.apply(Transformer.scala:22)
[info]   at org.scalatest.Transformer.apply(Transformer.scala:20)
[info]   at org.scalatest.FunSuiteLike$$anon$1.apply(FunSuiteLike.scala:186)
[info]   ...
[info] - testing all/issues/silicon/0293.vpr *** FAILED ***
[info]   java.lang.RuntimeException: Error occurred during translating: List(Parse error: Expected found "Set[Ref]\r\n  var a: R", expected invalid identifier (could be a keyword) | "Rational" ~ !(CharIn("0123456789ABCDEFGHIJKLMNOPQRSTUVWXYZabcdefghijklmnopqrstuvwxyz$_")) | StringIn("Int", "Bool", "Perm", "Ref") ~ !(CharIn("0123456789ABCDEFGHIJKLMNOPQRSTUVWXYZabcdefghijklmnopqrstuvwxyz$_")) at index 162
[info]   var refSet_b1: Set[Ref]
[info]                  ^ (0293.vpr@7.18))
[info]   at scala.sys.package$.error(package.scala:26)
[info]   at FullSilverTests.parse(FullSilverTests.scala:77)
[info]   at FullSilverTests.$anonfun$testAFile$2(FullSilverTests.scala:46)
[info]   at scala.runtime.java8.JFunction0$mcV$sp.apply(JFunction0$mcV$sp.java:12)
[info]   at org.scalatest.OutcomeOf.outcomeOf(OutcomeOf.scala:85)
[info]   at org.scalatest.OutcomeOf.outcomeOf$(OutcomeOf.scala:83)
[info]   at org.scalatest.OutcomeOf$.outcomeOf(OutcomeOf.scala:104)
[info]   at org.scalatest.Transformer.apply(Transformer.scala:22)
[info]   at org.scalatest.Transformer.apply(Transformer.scala:20)
[info]   at org.scalatest.FunSuiteLike$$anon$1.apply(FunSuiteLike.scala:186)
[info]   ...
[info] - testing all/issues/silicon/0297.vpr *** FAILED ***
[info]   java.lang.RuntimeException: Error occurred during translating: List(Parse error: Expected found "domain Loc[T] {\r\n  f", expected Fail | preambleImport | fieldDecl | predicateDecl | methodDecl | Fail | End at index 0
[info] domain Loc[T] {
[info] ^ (0297.vpr@1.1))
[info]   at scala.sys.package$.error(package.scala:26)
[info]   at FullSilverTests.parse(FullSilverTests.scala:77)
[info]   at FullSilverTests.$anonfun$testAFile$2(FullSilverTests.scala:46)
[info]   at scala.runtime.java8.JFunction0$mcV$sp.apply(JFunction0$mcV$sp.java:12)
[info]   at org.scalatest.OutcomeOf.outcomeOf(OutcomeOf.scala:85)
[info]   at org.scalatest.OutcomeOf.outcomeOf$(OutcomeOf.scala:83)
[info]   at org.scalatest.OutcomeOf$.outcomeOf(OutcomeOf.scala:104)
[info]   at org.scalatest.Transformer.apply(Transformer.scala:22)
[info]   at org.scalatest.Transformer.apply(Transformer.scala:20)
[info]   at org.scalatest.FunSuiteLike$$anon$1.apply(FunSuiteLike.scala:186)
[info]   ...
[info] - testing all/issues/silicon/0324.vpr *** FAILED ***
[info]   java.lang.RuntimeException: Error occurred during translating: List(Parse error: Expected found "&& (x != y ==> acc(y", expected Fail | preambleImport | fieldDecl | predicateDecl | methodDecl | Fail | End at index 179
[info] requires acc(x.val) && (x != y ==> acc(y
[info]                     ^ (0324.vpr@7.23))
[info]   at scala.sys.package$.error(package.scala:26)
[info]   at FullSilverTests.parse(FullSilverTests.scala:77)
[info]   at FullSilverTests.$anonfun$testAFile$2(FullSilverTests.scala:46)
[info]   at scala.runtime.java8.JFunction0$mcV$sp.apply(JFunction0$mcV$sp.java:12)
[info]   at org.scalatest.OutcomeOf.outcomeOf(OutcomeOf.scala:85)
[info]   at org.scalatest.OutcomeOf.outcomeOf$(OutcomeOf.scala:83)
[info]   at org.scalatest.OutcomeOf$.outcomeOf(OutcomeOf.scala:104)
[info]   at org.scalatest.Transformer.apply(Transformer.scala:22)
[info]   at org.scalatest.Transformer.apply(Transformer.scala:20)
[info]   at org.scalatest.FunSuiteLike$$anon$1.apply(FunSuiteLike.scala:186)
[info]   ...
[info] - testing all/issues/silicon/0328a.vpr *** FAILED ***
[info]   java.lang.RuntimeException: Error occurred during translating: List(Parse error: Expected found "domain Vector9D {\r\n ", expected Fail | preambleImport | fieldDecl | predicateDecl | methodDecl | Fail | End at index 109
[info] domain Vector9D {
[info] ^ (0328a.vpr@4.1))
[info]   at scala.sys.package$.error(package.scala:26)
[info]   at FullSilverTests.parse(FullSilverTests.scala:77)
[info]   at FullSilverTests.$anonfun$testAFile$2(FullSilverTests.scala:46)
[info]   at scala.runtime.java8.JFunction0$mcV$sp.apply(JFunction0$mcV$sp.java:12)
[info]   at org.scalatest.OutcomeOf.outcomeOf(OutcomeOf.scala:85)
[info]   at org.scalatest.OutcomeOf.outcomeOf$(OutcomeOf.scala:83)
[info]   at org.scalatest.OutcomeOf$.outcomeOf(OutcomeOf.scala:104)
[info]   at org.scalatest.Transformer.apply(Transformer.scala:22)
[info]   at org.scalatest.Transformer.apply(Transformer.scala:20)
[info]   at org.scalatest.FunSuiteLike$$anon$1.apply(FunSuiteLike.scala:186)
[info]   ...
[info] - testing all/issues/silicon/0328b.vpr *** FAILED ***
[info]   java.lang.RuntimeException: Error occurred during translating: List(Parse error: Expected found "domain Vector9D {\r\n\r", expected Fail | preambleImport | fieldDecl | predicateDecl | methodDecl | Fail | End at index 109
[info] domain Vector9D {
[info] ^ (0328b.vpr@4.1))
[info]   at scala.sys.package$.error(package.scala:26)
[info]   at FullSilverTests.parse(FullSilverTests.scala:77)
[info]   at FullSilverTests.$anonfun$testAFile$2(FullSilverTests.scala:46)
[info]   at scala.runtime.java8.JFunction0$mcV$sp.apply(JFunction0$mcV$sp.java:12)
[info]   at org.scalatest.OutcomeOf.outcomeOf(OutcomeOf.scala:85)
[info]   at org.scalatest.OutcomeOf.outcomeOf$(OutcomeOf.scala:83)
[info]   at org.scalatest.OutcomeOf$.outcomeOf(OutcomeOf.scala:104)
[info]   at org.scalatest.Transformer.apply(Transformer.scala:22)
[info]   at org.scalatest.Transformer.apply(Transformer.scala:20)
[info]   at org.scalatest.FunSuiteLike$$anon$1.apply(FunSuiteLike.scala:186)
[info]   ...
[info] - testing all/issues/silicon/0335.vpr *** FAILED ***
[info]   java.lang.RuntimeException: Error occurred during translating: List(Parse error: Expected found "domain Array {\n    f", expected Fail | preambleImport | fieldDecl | predicateDecl | methodDecl | Fail | End at index 125
[info] domain Array {
[info] ^ (0335.vpr@6.1))
[info]   at scala.sys.package$.error(package.scala:26)
[info]   at FullSilverTests.parse(FullSilverTests.scala:77)
[info]   at FullSilverTests.$anonfun$testAFile$2(FullSilverTests.scala:46)
[info]   at scala.runtime.java8.JFunction0$mcV$sp.apply(JFunction0$mcV$sp.java:12)
[info]   at org.scalatest.OutcomeOf.outcomeOf(OutcomeOf.scala:85)
[info]   at org.scalatest.OutcomeOf.outcomeOf$(OutcomeOf.scala:83)
[info]   at org.scalatest.OutcomeOf$.outcomeOf(OutcomeOf.scala:104)
[info]   at org.scalatest.Transformer.apply(Transformer.scala:22)
[info]   at org.scalatest.Transformer.apply(Transformer.scala:20)
[info]   at org.scalatest.FunSuiteLike$$anon$1.apply(FunSuiteLike.scala:186)
[info]   ...
[info] - testing all/issues/silicon/0336a.vpr *** FAILED ***
[info]   java.lang.RuntimeException: Error occurred during translating: List(Parse error: Expected found "b:Set[Ref])\n{ (foral", expected invalid identifier (could be a keyword) | "/*" ~ (!(StringIn("*/")) ~ AnyChar).rep ~ "*/" | "//" ~ CharsWhile(viper.silver.parser.FastParser$$$Lambda$333/0x000000080046e840@3449573d).? ~ ("\n" | End) | " " | "\t" | "\n" | "\r" | ")" at index 164
[info] predicate uf_bank(b:Set[Ref])
[info]                   ^ (0336a.vpr@7.19))
[info]   at scala.sys.package$.error(package.scala:26)
[info]   at FullSilverTests.parse(FullSilverTests.scala:77)
[info]   at FullSilverTests.$anonfun$testAFile$2(FullSilverTests.scala:46)
[info]   at scala.runtime.java8.JFunction0$mcV$sp.apply(JFunction0$mcV$sp.java:12)
[info]   at org.scalatest.OutcomeOf.outcomeOf(OutcomeOf.scala:85)
[info]   at org.scalatest.OutcomeOf.outcomeOf$(OutcomeOf.scala:83)
[info]   at org.scalatest.OutcomeOf$.outcomeOf(OutcomeOf.scala:104)
[info]   at org.scalatest.Transformer.apply(Transformer.scala:22)
[info]   at org.scalatest.Transformer.apply(Transformer.scala:20)
[info]   at org.scalatest.FunSuiteLike$$anon$1.apply(FunSuiteLike.scala:186)
[info]   ...
[info] - testing all/issues/silicon/0336b.vpr *** FAILED ***
[info]   java.lang.RuntimeException: Error occurred during translating: List(Parse error: Expected found "b:Set[Ref])\r\n{ (fora", expected invalid identifier (could be a keyword) | "/*" ~ (!(StringIn("*/")) ~ AnyChar).rep ~ "*/" | "//" ~ CharsWhile(viper.silver.parser.FastParser$$$Lambda$333/0x000000080046e840@3449573d).? ~ ("\n" | End) | " " | "\t" | "\n" | "\r" | ")" at index 169
[info] predicate uf_bank(b:Set[Ref])
[info]                   ^ (0336b.vpr@8.19))
[info]   at scala.sys.package$.error(package.scala:26)
[info]   at FullSilverTests.parse(FullSilverTests.scala:77)
[info]   at FullSilverTests.$anonfun$testAFile$2(FullSilverTests.scala:46)
[info]   at scala.runtime.java8.JFunction0$mcV$sp.apply(JFunction0$mcV$sp.java:12)
[info]   at org.scalatest.OutcomeOf.outcomeOf(OutcomeOf.scala:85)
[info]   at org.scalatest.OutcomeOf.outcomeOf$(OutcomeOf.scala:83)
[info]   at org.scalatest.OutcomeOf$.outcomeOf(OutcomeOf.scala:104)
[info]   at org.scalatest.Transformer.apply(Transformer.scala:22)
[info]   at org.scalatest.Transformer.apply(Transformer.scala:20)
[info]   at org.scalatest.FunSuiteLike$$anon$1.apply(FunSuiteLike.scala:186)
[info]   ...
[info] - testing all/issues/silicon/0340.vpr *** FAILED ***
[info]   java.lang.RuntimeException: Error occurred during translating: List(Parse error: Expected found "r: Ref :: { r.next }", expected Fail | preambleImport | fieldDecl | predicateDecl | methodDecl | Fail | End at index 162
[info]   requires forall r: Ref :: { r.next }
[info]                   ^ (0340.vpr@7.19))
[info]   at scala.sys.package$.error(package.scala:26)
[info]   at FullSilverTests.parse(FullSilverTests.scala:77)
[info]   at FullSilverTests.$anonfun$testAFile$2(FullSilverTests.scala:46)
[info]   at scala.runtime.java8.JFunction0$mcV$sp.apply(JFunction0$mcV$sp.java:12)
[info]   at org.scalatest.OutcomeOf.outcomeOf(OutcomeOf.scala:85)
[info]   at org.scalatest.OutcomeOf.outcomeOf$(OutcomeOf.scala:83)
[info]   at org.scalatest.OutcomeOf$.outcomeOf(OutcomeOf.scala:104)
[info]   at org.scalatest.Transformer.apply(Transformer.scala:22)
[info]   at org.scalatest.Transformer.apply(Transformer.scala:20)
[info]   at org.scalatest.FunSuiteLike$$anon$1.apply(FunSuiteLike.scala:186)
[info]   ...
[info] - testing all/issues/silicon/0345.vpr
[info] - testing all/issues/silicon/0368.vpr *** FAILED ***
[info]   java.lang.RuntimeException: Error occurred during translating: List(Parse error: Expected found "assume forall b:Bool", expected Fail | methodCall | fieldassign | localassign | fold | unfold | assertP | ifthnels | whle | varDecl | starredNewstmt | regularNewstmt | block | Fail | "}" at index 180
[info]   assume forall b:Bool
[info]   ^ (0368.vpr@6.3))
[info]   at scala.sys.package$.error(package.scala:26)
[info]   at FullSilverTests.parse(FullSilverTests.scala:77)
[info]   at FullSilverTests.$anonfun$testAFile$2(FullSilverTests.scala:46)
[info]   at scala.runtime.java8.JFunction0$mcV$sp.apply(JFunction0$mcV$sp.java:12)
[info]   at org.scalatest.OutcomeOf.outcomeOf(OutcomeOf.scala:85)
[info]   at org.scalatest.OutcomeOf.outcomeOf$(OutcomeOf.scala:83)
[info]   at org.scalatest.OutcomeOf$.outcomeOf(OutcomeOf.scala:104)
[info]   at org.scalatest.Transformer.apply(Transformer.scala:22)
[info]   at org.scalatest.Transformer.apply(Transformer.scala:20)
[info]   at org.scalatest.FunSuiteLike$$anon$1.apply(FunSuiteLike.scala:186)
[info]   ...
[info] - testing all/issues/silicon/0383a.vpr *** FAILED ***
[info]   java.lang.RuntimeException: Error occurred during translating: List(Parse error: Expected found ", all_nodes: Set[Ref", expected invalid identifier (could be a keyword) | "/*" ~ (!(StringIn("*/")) ~ AnyChar).rep ~ "*/" | "//" ~ CharsWhile(viper.silver.parser.FastParser$$$Lambda$333/0x000000080046e840@3449573d).? ~ ("\n" | End) | " " | "\t" | "\n" | "\r" | ")" at index 246
[info] d foo(curr_node: Ref, all_nodes: Set[Ref
[info]                     ^ (0383a.vpr@11.26))
[info]   at scala.sys.package$.error(package.scala:26)
[info]   at FullSilverTests.parse(FullSilverTests.scala:77)
[info]   at FullSilverTests.$anonfun$testAFile$2(FullSilverTests.scala:46)
[info]   at scala.runtime.java8.JFunction0$mcV$sp.apply(JFunction0$mcV$sp.java:12)
[info]   at org.scalatest.OutcomeOf.outcomeOf(OutcomeOf.scala:85)
[info]   at org.scalatest.OutcomeOf.outcomeOf$(OutcomeOf.scala:83)
[info]   at org.scalatest.OutcomeOf$.outcomeOf(OutcomeOf.scala:104)
[info]   at org.scalatest.Transformer.apply(Transformer.scala:22)
[info]   at org.scalatest.Transformer.apply(Transformer.scala:20)
[info]   at org.scalatest.FunSuiteLike$$anon$1.apply(FunSuiteLike.scala:186)
[info]   ...
[info] - testing all/issues/silicon/0383b.vpr *** FAILED ***
[info]   java.lang.RuntimeException: Error occurred during translating: List(Parse error: Expected found "all_nodes: Set[Ref])", expected invalid identifier (could be a keyword) | "/*" ~ (!(StringIn("*/")) ~ AnyChar).rep ~ "*/" | "//" ~ CharsWhile(viper.silver.parser.FastParser$$$Lambda$333/0x000000080046e840@3449573d).? ~ ("\n" | End) | " " | "\t" | "\n" | "\r" | ")" at index 116
[info] predicate acc_graph(all_nodes: Set[Ref])
[info]                     ^ (0383b.vpr@8.21))
[info]   at scala.sys.package$.error(package.scala:26)
[info]   at FullSilverTests.parse(FullSilverTests.scala:77)
[info]   at FullSilverTests.$anonfun$testAFile$2(FullSilverTests.scala:46)
[info]   at scala.runtime.java8.JFunction0$mcV$sp.apply(JFunction0$mcV$sp.java:12)
[info]   at org.scalatest.OutcomeOf.outcomeOf(OutcomeOf.scala:85)
[info]   at org.scalatest.OutcomeOf.outcomeOf$(OutcomeOf.scala:83)
[info]   at org.scalatest.OutcomeOf$.outcomeOf(OutcomeOf.scala:104)
[info]   at org.scalatest.Transformer.apply(Transformer.scala:22)
[info]   at org.scalatest.Transformer.apply(Transformer.scala:20)
[info]   at org.scalatest.FunSuiteLike$$anon$1.apply(FunSuiteLike.scala:186)
[info]   ...
[info] - testing all/issues/silicon/0388.vpr *** FAILED ***
[info]   java.lang.RuntimeException: Error occurred during translating: List(Parse error: Expected found "i: Int :: i == 0 ==>", expected Fail | preambleImport | fieldDecl | predicateDecl | methodDecl | Fail | End at index 91
[info]   requires forall i: Int :: i == 0 ==>
[info]                   ^ (0388.vpr@6.19))
[info]   at scala.sys.package$.error(package.scala:26)
[info]   at FullSilverTests.parse(FullSilverTests.scala:77)
[info]   at FullSilverTests.$anonfun$testAFile$2(FullSilverTests.scala:46)
[info]   at scala.runtime.java8.JFunction0$mcV$sp.apply(JFunction0$mcV$sp.java:12)
[info]   at org.scalatest.OutcomeOf.outcomeOf(OutcomeOf.scala:85)
[info]   at org.scalatest.OutcomeOf.outcomeOf$(OutcomeOf.scala:83)
[info]   at org.scalatest.OutcomeOf$.outcomeOf(OutcomeOf.scala:104)
[info]   at org.scalatest.Transformer.apply(Transformer.scala:22)
[info]   at org.scalatest.Transformer.apply(Transformer.scala:20)
[info]   at org.scalatest.FunSuiteLike$$anon$1.apply(FunSuiteLike.scala:186)
[info]   ...
[info] - testing all/issues/silicon/0394.vpr *** FAILED ***
[info]   java.lang.RuntimeException: Error occurred during translating: List(Parse error: Expected found "domain test10 {\r\n  f", expected Fail | preambleImport | fieldDecl | predicateDecl | methodDecl | Fail | End at index 0
[info] domain test10 {
[info] ^ (0394.vpr@1.1))
[info]   at scala.sys.package$.error(package.scala:26)
[info]   at FullSilverTests.parse(FullSilverTests.scala:77)
[info]   at FullSilverTests.$anonfun$testAFile$2(FullSilverTests.scala:46)
[info]   at scala.runtime.java8.JFunction0$mcV$sp.apply(JFunction0$mcV$sp.java:12)
[info]   at org.scalatest.OutcomeOf.outcomeOf(OutcomeOf.scala:85)
[info]   at org.scalatest.OutcomeOf.outcomeOf$(OutcomeOf.scala:83)
[info]   at org.scalatest.OutcomeOf$.outcomeOf(OutcomeOf.scala:104)
[info]   at org.scalatest.Transformer.apply(Transformer.scala:22)
[info]   at org.scalatest.Transformer.apply(Transformer.scala:20)
[info]   at org.scalatest.FunSuiteLike$$anon$1.apply(FunSuiteLike.scala:186)
[info]   ...
[info] - testing all/issues/silicon/0400.vpr *** FAILED ***
[info]   java.lang.RuntimeException: Error occurred during translating: List(Parse error: Expected found "Seq[Int]\r\n  a := Seq", expected invalid identifier (could be a keyword) | "Rational" ~ !(CharIn("0123456789ABCDEFGHIJKLMNOPQRSTUVWXYZabcdefghijklmnopqrstuvwxyz$_")) | StringIn("Int", "Bool", "Perm", "Ref") ~ !(CharIn("0123456789ABCDEFGHIJKLMNOPQRSTUVWXYZabcdefghijklmnopqrstuvwxyz$_")) at index 240
[info]   var a: Seq[Int]
[info]          ^ (0400.vpr@11.10))
[info]   at scala.sys.package$.error(package.scala:26)
[info]   at FullSilverTests.parse(FullSilverTests.scala:77)
[info]   at FullSilverTests.$anonfun$testAFile$2(FullSilverTests.scala:46)
[info]   at scala.runtime.java8.JFunction0$mcV$sp.apply(JFunction0$mcV$sp.java:12)
[info]   at org.scalatest.OutcomeOf.outcomeOf(OutcomeOf.scala:85)
[info]   at org.scalatest.OutcomeOf.outcomeOf$(OutcomeOf.scala:83)
[info]   at org.scalatest.OutcomeOf$.outcomeOf(OutcomeOf.scala:104)
[info]   at org.scalatest.Transformer.apply(Transformer.scala:22)
[info]   at org.scalatest.Transformer.apply(Transformer.scala:20)
[info]   at org.scalatest.FunSuiteLike$$anon$1.apply(FunSuiteLike.scala:186)
[info]   ...
[info] - testing all/issues/silicon/0484.vpr *** FAILED ***
[info]   java.lang.RuntimeException: Error occurred during translating: List(Parse error: Expected found "{\r\n  current != null", expected Fail | preambleImport | fieldDecl | predicateDecl | methodDecl | Fail | End at index 78
[info] mpler(current: Ref) {
[info]                     ^ (0484.vpr@4.42))
[info]   at scala.sys.package$.error(package.scala:26)
[info]   at FullSilverTests.parse(FullSilverTests.scala:77)
[info]   at FullSilverTests.$anonfun$testAFile$2(FullSilverTests.scala:46)
[info]   at scala.runtime.java8.JFunction0$mcV$sp.apply(JFunction0$mcV$sp.java:12)
[info]   at org.scalatest.OutcomeOf.outcomeOf(OutcomeOf.scala:85)
[info]   at org.scalatest.OutcomeOf.outcomeOf$(OutcomeOf.scala:83)
[info]   at org.scalatest.OutcomeOf$.outcomeOf(OutcomeOf.scala:104)
[info]   at org.scalatest.Transformer.apply(Transformer.scala:22)
[info]   at org.scalatest.Transformer.apply(Transformer.scala:20)
[info]   at org.scalatest.FunSuiteLike$$anon$1.apply(FunSuiteLike.scala:186)
[info]   ...
[info] - testing all/issues/silicon/unofficial006.vpr *** FAILED ***
[info]   java.lang.RuntimeException: Error occurred during translating: List(Parse error: Expected found "assume 0 <= j /* Cra", expected Fail | methodCall | fieldassign | localassign | fold | unfold | assertP | ifthnels | whle | varDecl | starredNewstmt | regularNewstmt | block | Fail | "}" at index 522
[info]     assume 0 <= j /* Cra
[info]     ^ (unofficial006.vpr@13.5))
[info]   at scala.sys.package$.error(package.scala:26)
[info]   at FullSilverTests.parse(FullSilverTests.scala:77)
[info]   at FullSilverTests.$anonfun$testAFile$2(FullSilverTests.scala:46)
[info]   at scala.runtime.java8.JFunction0$mcV$sp.apply(JFunction0$mcV$sp.java:12)
[info]   at org.scalatest.OutcomeOf.outcomeOf(OutcomeOf.scala:85)
[info]   at org.scalatest.OutcomeOf.outcomeOf$(OutcomeOf.scala:83)
[info]   at org.scalatest.OutcomeOf$.outcomeOf(OutcomeOf.scala:104)
[info]   at org.scalatest.Transformer.apply(Transformer.scala:22)
[info]   at org.scalatest.Transformer.apply(Transformer.scala:20)
[info]   at org.scalatest.FunSuiteLike$$anon$1.apply(FunSuiteLike.scala:186)
[info]   ...
[info] - testing all/issues/silver/0003.vpr
[info] - testing all/issues/silver/0007.vpr *** FAILED ***
[info]   java.lang.RuntimeException: Error occurred during translating: List(Parse error: Expected found "&& (this.next != nul", expected "}" | invalid identifier (could be a keyword) | StringIn("+", "-") | "." | StringIn("*", "/", "\\", "%") at index 275
[info]   && (this.next != nul
[info]   ^ (0007.vpr@11.3))
[info]   at scala.sys.package$.error(package.scala:26)
[info]   at FullSilverTests.parse(FullSilverTests.scala:77)
[info]   at FullSilverTests.$anonfun$testAFile$2(FullSilverTests.scala:46)
[info]   at scala.runtime.java8.JFunction0$mcV$sp.apply(JFunction0$mcV$sp.java:12)
[info]   at org.scalatest.OutcomeOf.outcomeOf(OutcomeOf.scala:85)
[info]   at org.scalatest.OutcomeOf.outcomeOf$(OutcomeOf.scala:83)
[info]   at org.scalatest.OutcomeOf$.outcomeOf(OutcomeOf.scala:104)
[info]   at org.scalatest.Transformer.apply(Transformer.scala:22)
[info]   at org.scalatest.Transformer.apply(Transformer.scala:20)
[info]   at org.scalatest.FunSuiteLike$$anon$1.apply(FunSuiteLike.scala:186)
[info]   ...
[info] - testing all/issues/silver/0009.vpr
[info] - testing all/issues/silver/0010.vpr *** FAILED ***
[info]   java.lang.RuntimeException: Error occurred during translating: List(Parse error: Expected found "&& (this.b ==> acc(t", expected "}" | invalid identifier (could be a keyword) | StringIn("+", "-") | "." | StringIn("*", "/", "\\", "%") at index 188
[info]   && (this.b ==> acc(t
[info]   ^ (0010.vpr@9.3))
[info]   at scala.sys.package$.error(package.scala:26)
[info]   at FullSilverTests.parse(FullSilverTests.scala:77)
[info]   at FullSilverTests.$anonfun$testAFile$2(FullSilverTests.scala:46)
[info]   at scala.runtime.java8.JFunction0$mcV$sp.apply(JFunction0$mcV$sp.java:12)
[info]   at org.scalatest.OutcomeOf.outcomeOf(OutcomeOf.scala:85)
[info]   at org.scalatest.OutcomeOf.outcomeOf$(OutcomeOf.scala:83)
[info]   at org.scalatest.OutcomeOf$.outcomeOf(OutcomeOf.scala:104)
[info]   at org.scalatest.Transformer.apply(Transformer.scala:22)
[info]   at org.scalatest.Transformer.apply(Transformer.scala:20)
[info]   at org.scalatest.FunSuiteLike$$anon$1.apply(FunSuiteLike.scala:186)
[info]   ...
[info] - testing all/issues/silver/0011.vpr *** FAILED ***
[info]   java.lang.RuntimeException: Error occurred during translating: List(Parse error: Expected found "domain List1[T] {\n  ", expected Fail | preambleImport | fieldDecl | predicateDecl | methodDecl | Fail | End at index 109
[info] domain List1[T] {
[info] ^ (0011.vpr@4.1))
[info]   at scala.sys.package$.error(package.scala:26)
[info]   at FullSilverTests.parse(FullSilverTests.scala:77)
[info]   at FullSilverTests.$anonfun$testAFile$2(FullSilverTests.scala:46)
[info]   at scala.runtime.java8.JFunction0$mcV$sp.apply(JFunction0$mcV$sp.java:12)
[info]   at org.scalatest.OutcomeOf.outcomeOf(OutcomeOf.scala:85)
[info]   at org.scalatest.OutcomeOf.outcomeOf$(OutcomeOf.scala:83)
[info]   at org.scalatest.OutcomeOf$.outcomeOf(OutcomeOf.scala:104)
[info]   at org.scalatest.Transformer.apply(Transformer.scala:22)
[info]   at org.scalatest.Transformer.apply(Transformer.scala:20)
[info]   at org.scalatest.FunSuiteLike$$anon$1.apply(FunSuiteLike.scala:186)
[info]   ...
[info] - testing all/issues/silver/0012.vpr *** FAILED ***
[info]   java.lang.RuntimeException: Error occurred during translating: List(Parse error: Expected found "/2)\r\n}\r\n\r\npredicate ", expected invalid identifier (could be a keyword) | ")" at index 214
[info] c((this.root).root,1/2)
[info]                     ^ (0012.vpr@8.28))
[info]   at scala.sys.package$.error(package.scala:26)
[info]   at FullSilverTests.parse(FullSilverTests.scala:77)
[info]   at FullSilverTests.$anonfun$testAFile$2(FullSilverTests.scala:46)
[info]   at scala.runtime.java8.JFunction0$mcV$sp.apply(JFunction0$mcV$sp.java:12)
[info]   at org.scalatest.OutcomeOf.outcomeOf(OutcomeOf.scala:85)
[info]   at org.scalatest.OutcomeOf.outcomeOf$(OutcomeOf.scala:83)
[info]   at org.scalatest.OutcomeOf$.outcomeOf(OutcomeOf.scala:104)
[info]   at org.scalatest.Transformer.apply(Transformer.scala:22)
[info]   at org.scalatest.Transformer.apply(Transformer.scala:20)
[info]   at org.scalatest.FunSuiteLike$$anon$1.apply(FunSuiteLike.scala:186)
[info]   ...
[info] - testing all/issues/silver/0013.vpr
[info] - testing all/issues/silver/0014.vpr *** FAILED ***
[info]   java.lang.RuntimeException: Error occurred during translating: List(Parse error: Expected found "{\r\n  (true <==> true", expected Fail | preambleImport | fieldDecl | predicateDecl | methodDecl | Fail | End at index 123
[info] predicate v() {
[info]               ^ (0014.vpr@4.15))
[info]   at scala.sys.package$.error(package.scala:26)
[info]   at FullSilverTests.parse(FullSilverTests.scala:77)
[info]   at FullSilverTests.$anonfun$testAFile$2(FullSilverTests.scala:46)
[info]   at scala.runtime.java8.JFunction0$mcV$sp.apply(JFunction0$mcV$sp.java:12)
[info]   at org.scalatest.OutcomeOf.outcomeOf(OutcomeOf.scala:85)
[info]   at org.scalatest.OutcomeOf.outcomeOf$(OutcomeOf.scala:83)
[info]   at org.scalatest.OutcomeOf$.outcomeOf(OutcomeOf.scala:104)
[info]   at org.scalatest.Transformer.apply(Transformer.scala:22)
[info]   at org.scalatest.Transformer.apply(Transformer.scala:20)
[info]   at org.scalatest.FunSuiteLike$$anon$1.apply(FunSuiteLike.scala:186)
[info]   ...
[info] - testing all/issues/silver/0015.vpr *** FAILED ***
[info]   java.lang.RuntimeException: Error occurred during translating: List(Parse error: Expected found "==> acc(x.f,write)\n{", expected Fail | preambleImport | fieldDecl | predicateDecl | methodDecl | Fail | End at index 193
[info]   requires !x.b ==> acc(x.f,write)
[info]                 ^ (0015.vpr@9.17))
[info]   at scala.sys.package$.error(package.scala:26)
[info]   at FullSilverTests.parse(FullSilverTests.scala:77)
[info]   at FullSilverTests.$anonfun$testAFile$2(FullSilverTests.scala:46)
[info]   at scala.runtime.java8.JFunction0$mcV$sp.apply(JFunction0$mcV$sp.java:12)
[info]   at org.scalatest.OutcomeOf.outcomeOf(OutcomeOf.scala:85)
[info]   at org.scalatest.OutcomeOf.outcomeOf$(OutcomeOf.scala:83)
[info]   at org.scalatest.OutcomeOf$.outcomeOf(OutcomeOf.scala:104)
[info]   at org.scalatest.Transformer.apply(Transformer.scala:22)
[info]   at org.scalatest.Transformer.apply(Transformer.scala:20)
[info]   at org.scalatest.FunSuiteLike$$anon$1.apply(FunSuiteLike.scala:186)
[info]   ...
[info] - testing all/issues/silver/0017.vpr *** FAILED ***
[info]   java.lang.RuntimeException: Error occurred during translating: List(expected field (0017.vpr@6.12))
[info]   at scala.sys.package$.error(package.scala:26)
[info]   at FullSilverTests.parse(FullSilverTests.scala:77)
[info]   at FullSilverTests.$anonfun$testAFile$2(FullSilverTests.scala:46)
[info]   at scala.runtime.java8.JFunction0$mcV$sp.apply(JFunction0$mcV$sp.java:12)
[info]   at org.scalatest.OutcomeOf.outcomeOf(OutcomeOf.scala:85)
[info]   at org.scalatest.OutcomeOf.outcomeOf$(OutcomeOf.scala:83)
[info]   at org.scalatest.OutcomeOf$.outcomeOf(OutcomeOf.scala:104)
[info]   at org.scalatest.Transformer.apply(Transformer.scala:22)
[info]   at org.scalatest.Transformer.apply(Transformer.scala:20)
[info]   at org.scalatest.FunSuiteLike$$anon$1.apply(FunSuiteLike.scala:186)
[info]   ...
[info] - testing all/issues/silver/0018.vpr *** FAILED ***
[info]   java.lang.RuntimeException: Error occurred during translating: List(Parse error: Expected found "Seq[Int] := Seq()\r\n ", expected invalid identifier (could be a keyword) | "Rational" ~ !(CharIn("0123456789ABCDEFGHIJKLMNOPQRSTUVWXYZabcdefghijklmnopqrstuvwxyz$_")) | StringIn("Int", "Bool", "Perm", "Ref") ~ !(CharIn("0123456789ABCDEFGHIJKLMNOPQRSTUVWXYZabcdefghijklmnopqrstuvwxyz$_")) at index 141
[info]   var x: Seq[Int] := Seq()
[info]          ^ (0018.vpr@5.10))
[info]   at scala.sys.package$.error(package.scala:26)
[info]   at FullSilverTests.parse(FullSilverTests.scala:77)
[info]   at FullSilverTests.$anonfun$testAFile$2(FullSilverTests.scala:46)
[info]   at scala.runtime.java8.JFunction0$mcV$sp.apply(JFunction0$mcV$sp.java:12)
[info]   at org.scalatest.OutcomeOf.outcomeOf(OutcomeOf.scala:85)
[info]   at org.scalatest.OutcomeOf.outcomeOf$(OutcomeOf.scala:83)
[info]   at org.scalatest.OutcomeOf$.outcomeOf(OutcomeOf.scala:104)
[info]   at org.scalatest.Transformer.apply(Transformer.scala:22)
[info]   at org.scalatest.Transformer.apply(Transformer.scala:20)
[info]   at org.scalatest.FunSuiteLike$$anon$1.apply(FunSuiteLike.scala:186)
[info]   ...
[info] - testing all/issues/silver/0019.vpr *** FAILED ***
[info]   java.lang.RuntimeException: Error occurred during translating: List(Parse error: Expected found "i:Int :: true;\r\n\t\tre", expected Fail | preambleImport | fieldDecl | predicateDecl | methodDecl | Fail | End at index 151
[info] 		requires forall i:Int :: true;
[info]                   ^ (0019.vpr@5.19))
[info]   at scala.sys.package$.error(package.scala:26)
[info]   at FullSilverTests.parse(FullSilverTests.scala:77)
[info]   at FullSilverTests.$anonfun$testAFile$2(FullSilverTests.scala:46)
[info]   at scala.runtime.java8.JFunction0$mcV$sp.apply(JFunction0$mcV$sp.java:12)
[info]   at org.scalatest.OutcomeOf.outcomeOf(OutcomeOf.scala:85)
[info]   at org.scalatest.OutcomeOf.outcomeOf$(OutcomeOf.scala:83)
[info]   at org.scalatest.OutcomeOf$.outcomeOf(OutcomeOf.scala:104)
[info]   at org.scalatest.Transformer.apply(Transformer.scala:22)
[info]   at org.scalatest.Transformer.apply(Transformer.scala:20)
[info]   at org.scalatest.FunSuiteLike$$anon$1.apply(FunSuiteLike.scala:186)
[info]   ...
[info] - testing all/issues/silver/0021.vpr *** FAILED ***
[info]   java.lang.RuntimeException: Error occurred during translating: List(Parse error: Expected found ", S: Set[Int])\r\n  re", expected invalid identifier (could be a keyword) | "/*" ~ (!(StringIn("*/")) ~ AnyChar).rep ~ "*/" | "//" ~ CharsWhile(viper.silver.parser.FastParser$$$Lambda$333/0x000000080046e840@3449573d).? ~ ("\n" | End) | " " | "\t" | "\n" | "\r" | ")" at index 127
[info] method test(x: Int, S: Set[Int])
[info]                   ^ (0021.vpr@4.19))
[info]   at scala.sys.package$.error(package.scala:26)
[info]   at FullSilverTests.parse(FullSilverTests.scala:77)
[info]   at FullSilverTests.$anonfun$testAFile$2(FullSilverTests.scala:46)
[info]   at scala.runtime.java8.JFunction0$mcV$sp.apply(JFunction0$mcV$sp.java:12)
[info]   at org.scalatest.OutcomeOf.outcomeOf(OutcomeOf.scala:85)
[info]   at org.scalatest.OutcomeOf.outcomeOf$(OutcomeOf.scala:83)
[info]   at org.scalatest.OutcomeOf$.outcomeOf(OutcomeOf.scala:104)
[info]   at org.scalatest.Transformer.apply(Transformer.scala:22)
[info]   at org.scalatest.Transformer.apply(Transformer.scala:20)
[info]   at org.scalatest.FunSuiteLike$$anon$1.apply(FunSuiteLike.scala:186)
[info]   ...
[info] - testing all/issues/silver/0022.vpr *** FAILED ***
[info]   java.lang.RuntimeException: Error occurred during translating: List(Parse error: Expected found "Seq[Int]\r\n\r\nmethod t", expected invalid identifier (could be a keyword) | "Rational" ~ !(CharIn("0123456789ABCDEFGHIJKLMNOPQRSTUVWXYZabcdefghijklmnopqrstuvwxyz$_")) | StringIn("Int", "Bool", "Perm", "Ref") ~ !(CharIn("0123456789ABCDEFGHIJKLMNOPQRSTUVWXYZabcdefghijklmnopqrstuvwxyz$_")) at index 121
[info] field keys: Seq[Int]
[info]             ^ (0022.vpr@4.13))
[info]   at scala.sys.package$.error(package.scala:26)
[info]   at FullSilverTests.parse(FullSilverTests.scala:77)
[info]   at FullSilverTests.$anonfun$testAFile$2(FullSilverTests.scala:46)
[info]   at scala.runtime.java8.JFunction0$mcV$sp.apply(JFunction0$mcV$sp.java:12)
[info]   at org.scalatest.OutcomeOf.outcomeOf(OutcomeOf.scala:85)
[info]   at org.scalatest.OutcomeOf.outcomeOf$(OutcomeOf.scala:83)
[info]   at org.scalatest.OutcomeOf$.outcomeOf(OutcomeOf.scala:104)
[info]   at org.scalatest.Transformer.apply(Transformer.scala:22)
[info]   at org.scalatest.Transformer.apply(Transformer.scala:20)
[info]   at org.scalatest.FunSuiteLike$$anon$1.apply(FunSuiteLike.scala:186)
[info]   ...
[info] - testing all/issues/silver/0024.vpr *** FAILED ***
[info]   java.lang.RuntimeException: Error occurred during translating: List(expected expression but found field f (0024.vpr@8.12), expected expression but found field f (0024.vpr@13.27))
[info]   at scala.sys.package$.error(package.scala:26)
[info]   at FullSilverTests.parse(FullSilverTests.scala:77)
[info]   at FullSilverTests.$anonfun$testAFile$2(FullSilverTests.scala:46)
[info]   at scala.runtime.java8.JFunction0$mcV$sp.apply(JFunction0$mcV$sp.java:12)
[info]   at org.scalatest.OutcomeOf.outcomeOf(OutcomeOf.scala:85)
[info]   at org.scalatest.OutcomeOf.outcomeOf$(OutcomeOf.scala:83)
[info]   at org.scalatest.OutcomeOf$.outcomeOf(OutcomeOf.scala:104)
[info]   at org.scalatest.Transformer.apply(Transformer.scala:22)
[info]   at org.scalatest.Transformer.apply(Transformer.scala:20)
[info]   at org.scalatest.FunSuiteLike$$anon$1.apply(FunSuiteLike.scala:186)
[info]   ...
[info] - testing all/issues/silver/0025.vpr *** FAILED ***
[info]   java.lang.RuntimeException: Error occurred during translating: List(Parse error: Expected found "x: Int :: (x + 1 > 4", expected Fail | preambleImport | fieldDecl | predicateDecl | methodDecl | Fail | End at index 169
[info]   requires forall x: Int :: (x + 1 > 4
[info]                   ^ (0025.vpr@7.19))
[info]   at scala.sys.package$.error(package.scala:26)
[info]   at FullSilverTests.parse(FullSilverTests.scala:77)
[info]   at FullSilverTests.$anonfun$testAFile$2(FullSilverTests.scala:46)
[info]   at scala.runtime.java8.JFunction0$mcV$sp.apply(JFunction0$mcV$sp.java:12)
[info]   at org.scalatest.OutcomeOf.outcomeOf(OutcomeOf.scala:85)
[info]   at org.scalatest.OutcomeOf.outcomeOf$(OutcomeOf.scala:83)
[info]   at org.scalatest.OutcomeOf$.outcomeOf(OutcomeOf.scala:104)
[info]   at org.scalatest.Transformer.apply(Transformer.scala:22)
[info]   at org.scalatest.Transformer.apply(Transformer.scala:20)
[info]   at org.scalatest.FunSuiteLike$$anon$1.apply(FunSuiteLike.scala:186)
[info]   ...
[info] - testing all/issues/silver/0026.vpr *** FAILED ***
[info]   java.lang.RuntimeException: Error occurred during translating: List(Parse error: Expected found ", S: Set[Int])\r\n  re", expected invalid identifier (could be a keyword) | "/*" ~ (!(StringIn("*/")) ~ AnyChar).rep ~ "*/" | "//" ~ CharsWhile(viper.silver.parser.FastParser$$$Lambda$333/0x000000080046e840@3449573d).? ~ ("\n" | End) | " " | "\t" | "\n" | "\r" | ")" at index 463
[info] method test6(x: Int, S: Set[Int])
[info]                    ^ (0026.vpr@31.20))
[info]   at scala.sys.package$.error(package.scala:26)
[info]   at FullSilverTests.parse(FullSilverTests.scala:77)
[info]   at FullSilverTests.$anonfun$testAFile$2(FullSilverTests.scala:46)
[info]   at scala.runtime.java8.JFunction0$mcV$sp.apply(JFunction0$mcV$sp.java:12)
[info]   at org.scalatest.OutcomeOf.outcomeOf(OutcomeOf.scala:85)
[info]   at org.scalatest.OutcomeOf.outcomeOf$(OutcomeOf.scala:83)
[info]   at org.scalatest.OutcomeOf$.outcomeOf(OutcomeOf.scala:104)
[info]   at org.scalatest.Transformer.apply(Transformer.scala:22)
[info]   at org.scalatest.Transformer.apply(Transformer.scala:20)
[info]   at org.scalatest.FunSuiteLike$$anon$1.apply(FunSuiteLike.scala:186)
[info]   ...
[info] - testing all/issues/silver/0029.vpr *** FAILED ***
[info]   java.lang.RuntimeException: Error occurred during translating: List(Parse error: Expected found "x: Set[Int], y: Set[", expected invalid identifier (could be a keyword) | "/*" ~ (!(StringIn("*/")) ~ AnyChar).rep ~ "*/" | "//" ~ CharsWhile(viper.silver.parser.FastParser$$$Lambda$333/0x000000080046e840@3449573d).? ~ ("\n" | End) | " " | "\t" | "\n" | "\r" | ")" at index 121
[info] method test(x: Set[Int], y: Set[
[info]             ^ (0029.vpr@4.13))
[info]   at scala.sys.package$.error(package.scala:26)
[info]   at FullSilverTests.parse(FullSilverTests.scala:77)
[info]   at FullSilverTests.$anonfun$testAFile$2(FullSilverTests.scala:46)
[info]   at scala.runtime.java8.JFunction0$mcV$sp.apply(JFunction0$mcV$sp.java:12)
[info]   at org.scalatest.OutcomeOf.outcomeOf(OutcomeOf.scala:85)
[info]   at org.scalatest.OutcomeOf.outcomeOf$(OutcomeOf.scala:83)
[info]   at org.scalatest.OutcomeOf$.outcomeOf(OutcomeOf.scala:104)
[info]   at org.scalatest.Transformer.apply(Transformer.scala:22)
[info]   at org.scalatest.Transformer.apply(Transformer.scala:20)
[info]   at org.scalatest.FunSuiteLike$$anon$1.apply(FunSuiteLike.scala:186)
[info]   ...
[info] - testing all/issues/silver/0031.vpr
[info] - testing all/issues/silver/0033.vpr *** FAILED ***
[info]   java.lang.RuntimeException: Error occurred during translating: List(Parse error: Expected found "xs: Set[Ref]) {\n  as", expected invalid identifier (could be a keyword) | "/*" ~ (!(StringIn("*/")) ~ AnyChar).rep ~ "*/" | "//" ~ CharsWhile(viper.silver.parser.FastParser$$$Lambda$333/0x000000080046e840@3449573d).? ~ ("\n" | End) | " " | "\t" | "\n" | "\r" | ")" at index 123
[info] method test01(xs: Set[Ref]) {
[info]               ^ (0033.vpr@4.15))
[info]   at scala.sys.package$.error(package.scala:26)
[info]   at FullSilverTests.parse(FullSilverTests.scala:77)
[info]   at FullSilverTests.$anonfun$testAFile$2(FullSilverTests.scala:46)
[info]   at scala.runtime.java8.JFunction0$mcV$sp.apply(JFunction0$mcV$sp.java:12)
[info]   at org.scalatest.OutcomeOf.outcomeOf(OutcomeOf.scala:85)
[info]   at org.scalatest.OutcomeOf.outcomeOf$(OutcomeOf.scala:83)
[info]   at org.scalatest.OutcomeOf$.outcomeOf(OutcomeOf.scala:104)
[info]   at org.scalatest.Transformer.apply(Transformer.scala:22)
[info]   at org.scalatest.Transformer.apply(Transformer.scala:20)
[info]   at org.scalatest.FunSuiteLike$$anon$1.apply(FunSuiteLike.scala:186)
[info]   ...
[info] - testing all/issues/silver/0035.vpr *** FAILED ***
[info]   java.lang.RuntimeException: Error occurred during translating: List(Parse error: Expected found ", wildcard)\n  //:: E", expected invalid identifier (could be a keyword) | ")" at index 303
[info]   requires acc(P(), wildcard)
[info]                   ^ (0035.vpr@13.19))
[info]   at scala.sys.package$.error(package.scala:26)
[info]   at FullSilverTests.parse(FullSilverTests.scala:77)
[info]   at FullSilverTests.$anonfun$testAFile$2(FullSilverTests.scala:46)
[info]   at scala.runtime.java8.JFunction0$mcV$sp.apply(JFunction0$mcV$sp.java:12)
[info]   at org.scalatest.OutcomeOf.outcomeOf(OutcomeOf.scala:85)
[info]   at org.scalatest.OutcomeOf.outcomeOf$(OutcomeOf.scala:83)
[info]   at org.scalatest.OutcomeOf$.outcomeOf(OutcomeOf.scala:104)
[info]   at org.scalatest.Transformer.apply(Transformer.scala:22)
[info]   at org.scalatest.Transformer.apply(Transformer.scala:20)
[info]   at org.scalatest.FunSuiteLike$$anon$1.apply(FunSuiteLike.scala:186)
[info]   ...
[info] - testing all/issues/silver/0036.vpr *** FAILED ***
[info]   java.lang.RuntimeException: Error occurred during translating: List(Parse error: Expected found "p: P) { /* Using P a", expected invalid identifier (could be a keyword) | "/*" ~ (!(StringIn("*/")) ~ AnyChar).rep ~ "*/" | "//" ~ CharsWhile(viper.silver.parser.FastParser$$$Lambda$333/0x000000080046e840@3449573d).? ~ ("\n" | End) | " " | "\t" | "\n" | "\r" | ")" at index 193
[info] method test(p: P) { /* Using P a
[info]             ^ (0036.vpr@7.13))
[info]   at scala.sys.package$.error(package.scala:26)
[info]   at FullSilverTests.parse(FullSilverTests.scala:77)
[info]   at FullSilverTests.$anonfun$testAFile$2(FullSilverTests.scala:46)
[info]   at scala.runtime.java8.JFunction0$mcV$sp.apply(JFunction0$mcV$sp.java:12)
[info]   at org.scalatest.OutcomeOf.outcomeOf(OutcomeOf.scala:85)
[info]   at org.scalatest.OutcomeOf.outcomeOf$(OutcomeOf.scala:83)
[info]   at org.scalatest.OutcomeOf$.outcomeOf(OutcomeOf.scala:104)
[info]   at org.scalatest.Transformer.apply(Transformer.scala:22)
[info]   at org.scalatest.Transformer.apply(Transformer.scala:20)
[info]   at org.scalatest.FunSuiteLike$$anon$1.apply(FunSuiteLike.scala:186)
[info]   ...
[info] - testing all/issues/silver/0037.vpr
[info] - testing all/issues/silver/0038.vpr *** FAILED ***
[info]   java.lang.RuntimeException: Error occurred during translating: List(Parse error: Expected found "bool\r\n//:: ExpectedO", expected invalid identifier (could be a keyword) | "Rational" ~ !(CharIn("0123456789ABCDEFGHIJKLMNOPQRSTUVWXYZabcdefghijklmnopqrstuvwxyz$_")) | StringIn("Int", "Bool", "Perm", "Ref") ~ !(CharIn("0123456789ABCDEFGHIJKLMNOPQRSTUVWXYZabcdefghijklmnopqrstuvwxyz$_")) at index 158
[info] field f: bool
[info]          ^ (0038.vpr@5.10))
[info]   at scala.sys.package$.error(package.scala:26)
[info]   at FullSilverTests.parse(FullSilverTests.scala:77)
[info]   at FullSilverTests.$anonfun$testAFile$2(FullSilverTests.scala:46)
[info]   at scala.runtime.java8.JFunction0$mcV$sp.apply(JFunction0$mcV$sp.java:12)
[info]   at org.scalatest.OutcomeOf.outcomeOf(OutcomeOf.scala:85)
[info]   at org.scalatest.OutcomeOf.outcomeOf$(OutcomeOf.scala:83)
[info]   at org.scalatest.OutcomeOf$.outcomeOf(OutcomeOf.scala:104)
[info]   at org.scalatest.Transformer.apply(Transformer.scala:22)
[info]   at org.scalatest.Transformer.apply(Transformer.scala:20)
[info]   at org.scalatest.FunSuiteLike$$anon$1.apply(FunSuiteLike.scala:186)
[info]   ...
[info] - testing all/issues/silver/0040.vpr *** FAILED ***
[info]   java.lang.RuntimeException: Error occurred during translating: List(expected field (0040.vpr@11.24))
[info]   at scala.sys.package$.error(package.scala:26)
[info]   at FullSilverTests.parse(FullSilverTests.scala:77)
[info]   at FullSilverTests.$anonfun$testAFile$2(FullSilverTests.scala:46)
[info]   at scala.runtime.java8.JFunction0$mcV$sp.apply(JFunction0$mcV$sp.java:12)
[info]   at org.scalatest.OutcomeOf.outcomeOf(OutcomeOf.scala:85)
[info]   at org.scalatest.OutcomeOf.outcomeOf$(OutcomeOf.scala:83)
[info]   at org.scalatest.OutcomeOf$.outcomeOf(OutcomeOf.scala:104)
[info]   at org.scalatest.Transformer.apply(Transformer.scala:22)
[info]   at org.scalatest.Transformer.apply(Transformer.scala:20)
[info]   at org.scalatest.FunSuiteLike$$anon$1.apply(FunSuiteLike.scala:186)
[info]   ...
[info] - testing all/issues/silver/0046a.vpr *** FAILED ***
[info]   java.lang.RuntimeException: Error occurred during translating: List(Parse error: Expected found "domain D1[T] { funct", expected Fail | preambleImport | fieldDecl | predicateDecl | methodDecl | Fail | End at index 109
[info] domain D1[T] { funct
[info] ^ (0046a.vpr@4.1))
[info]   at scala.sys.package$.error(package.scala:26)
[info]   at FullSilverTests.parse(FullSilverTests.scala:77)
[info]   at FullSilverTests.$anonfun$testAFile$2(FullSilverTests.scala:46)
[info]   at scala.runtime.java8.JFunction0$mcV$sp.apply(JFunction0$mcV$sp.java:12)
[info]   at org.scalatest.OutcomeOf.outcomeOf(OutcomeOf.scala:85)
[info]   at org.scalatest.OutcomeOf.outcomeOf$(OutcomeOf.scala:83)
[info]   at org.scalatest.OutcomeOf$.outcomeOf(OutcomeOf.scala:104)
[info]   at org.scalatest.Transformer.apply(Transformer.scala:22)
[info]   at org.scalatest.Transformer.apply(Transformer.scala:20)
[info]   at org.scalatest.FunSuiteLike$$anon$1.apply(FunSuiteLike.scala:186)
[info]   ...
[info] - testing all/issues/silver/0046b.vpr *** FAILED ***
[info]   java.lang.RuntimeException: Error occurred during translating: List(Parse error: Expected found "domain D1[T] {\r\n  fu", expected Fail | preambleImport | fieldDecl | predicateDecl | methodDecl | Fail | End at index 109
[info] domain D1[T] {
[info] ^ (0046b.vpr@4.1))
[info]   at scala.sys.package$.error(package.scala:26)
[info]   at FullSilverTests.parse(FullSilverTests.scala:77)
[info]   at FullSilverTests.$anonfun$testAFile$2(FullSilverTests.scala:46)
[info]   at scala.runtime.java8.JFunction0$mcV$sp.apply(JFunction0$mcV$sp.java:12)
[info]   at org.scalatest.OutcomeOf.outcomeOf(OutcomeOf.scala:85)
[info]   at org.scalatest.OutcomeOf.outcomeOf$(OutcomeOf.scala:83)
[info]   at org.scalatest.OutcomeOf$.outcomeOf(OutcomeOf.scala:104)
[info]   at org.scalatest.Transformer.apply(Transformer.scala:22)
[info]   at org.scalatest.Transformer.apply(Transformer.scala:20)
[info]   at org.scalatest.FunSuiteLike$$anon$1.apply(FunSuiteLike.scala:186)
[info]   ...
[info] - testing all/issues/silver/0047.vpr *** FAILED ***
[info]   java.lang.RuntimeException: Error occurred during translating: List(wrong number of arguments (0047.vpr@8.3), wrong number of arguments (0047.vpr@10.3))
[info]   at scala.sys.package$.error(package.scala:26)
[info]   at FullSilverTests.parse(FullSilverTests.scala:77)
[info]   at FullSilverTests.$anonfun$testAFile$2(FullSilverTests.scala:46)
[info]   at scala.runtime.java8.JFunction0$mcV$sp.apply(JFunction0$mcV$sp.java:12)
[info]   at org.scalatest.OutcomeOf.outcomeOf(OutcomeOf.scala:85)
[info]   at org.scalatest.OutcomeOf.outcomeOf$(OutcomeOf.scala:83)
[info]   at org.scalatest.OutcomeOf$.outcomeOf(OutcomeOf.scala:104)
[info]   at org.scalatest.Transformer.apply(Transformer.scala:22)
[info]   at org.scalatest.Transformer.apply(Transformer.scala:20)
[info]   at org.scalatest.FunSuiteLike$$anon$1.apply(FunSuiteLike.scala:186)
[info]   ...
[info] - testing all/issues/silver/0048.vpr *** FAILED ***
[info]   java.lang.RuntimeException: Error occurred during translating: List(Duplicate identifier `Bug' at 0048.vpr@5.8 and at 0048.vpr@6.8 (0048.vpr@5.8))
[info]   at scala.sys.package$.error(package.scala:26)
[info]   at FullSilverTests.parse(FullSilverTests.scala:77)
[info]   at FullSilverTests.$anonfun$testAFile$2(FullSilverTests.scala:46)
[info]   at scala.runtime.java8.JFunction0$mcV$sp.apply(JFunction0$mcV$sp.java:12)
[info]   at org.scalatest.OutcomeOf.outcomeOf(OutcomeOf.scala:85)
[info]   at org.scalatest.OutcomeOf.outcomeOf$(OutcomeOf.scala:83)
[info]   at org.scalatest.OutcomeOf$.outcomeOf(OutcomeOf.scala:104)
[info]   at org.scalatest.Transformer.apply(Transformer.scala:22)
[info]   at org.scalatest.Transformer.apply(Transformer.scala:20)
[info]   at org.scalatest.FunSuiteLike$$anon$1.apply(FunSuiteLike.scala:186)
[info]   ...
[info] - testing all/issues/silver/0050.vpr *** FAILED ***
[info]   java.lang.RuntimeException: Error occurred during translating: List(Identifier shadowing `x' at 0050.vpr@6.7 and at 0050.vpr@8.14 (0050.vpr@6.1), Identifier shadowing `x' at 0050.vpr@6.7 and at 0050.vpr@12.14 (0050.vpr@6.1))
[info]   at scala.sys.package$.error(package.scala:26)
[info]   at FullSilverTests.parse(FullSilverTests.scala:77)
[info]   at FullSilverTests.$anonfun$testAFile$2(FullSilverTests.scala:46)
[info]   at scala.runtime.java8.JFunction0$mcV$sp.apply(JFunction0$mcV$sp.java:12)
[info]   at org.scalatest.OutcomeOf.outcomeOf(OutcomeOf.scala:85)
[info]   at org.scalatest.OutcomeOf.outcomeOf$(OutcomeOf.scala:83)
[info]   at org.scalatest.OutcomeOf$.outcomeOf(OutcomeOf.scala:104)
[info]   at org.scalatest.Transformer.apply(Transformer.scala:22)
[info]   at org.scalatest.Transformer.apply(Transformer.scala:20)
[info]   at org.scalatest.FunSuiteLike$$anon$1.apply(FunSuiteLike.scala:186)
[info]   ...
[info] - testing all/issues/silver/0054.vpr *** FAILED ***
[info]   java.lang.RuntimeException: Error occurred during translating: List(Parse error: Expected found "k := wildcard\n\n    /", expected Fail | methodCall | fieldassign | localassign | fold | unfold | assertP | ifthnels | whle | varDecl | starredNewstmt | regularNewstmt | block | Fail | "}" at index 186
[info]     k := wildcard
[info]     ^ (0054.vpr@8.5))
[info]   at scala.sys.package$.error(package.scala:26)
[info]   at FullSilverTests.parse(FullSilverTests.scala:77)
[info]   at FullSilverTests.$anonfun$testAFile$2(FullSilverTests.scala:46)
[info]   at scala.runtime.java8.JFunction0$mcV$sp.apply(JFunction0$mcV$sp.java:12)
[info]   at org.scalatest.OutcomeOf.outcomeOf(OutcomeOf.scala:85)
[info]   at org.scalatest.OutcomeOf.outcomeOf$(OutcomeOf.scala:83)
[info]   at org.scalatest.OutcomeOf$.outcomeOf(OutcomeOf.scala:104)
[info]   at org.scalatest.Transformer.apply(Transformer.scala:22)
[info]   at org.scalatest.Transformer.apply(Transformer.scala:20)
[info]   at org.scalatest.FunSuiteLike$$anon$1.apply(FunSuiteLike.scala:186)
[info]   ...
[info] - testing all/issues/silver/0056.vpr *** FAILED ***
[info]   java.lang.RuntimeException: Error occurred during translating: List(identifier x not defined. (0056.vpr@6.14), identifier y not defined. (0056.vpr@14.13))
[info]   at scala.sys.package$.error(package.scala:26)
[info]   at FullSilverTests.parse(FullSilverTests.scala:77)
[info]   at FullSilverTests.$anonfun$testAFile$2(FullSilverTests.scala:46)
[info]   at scala.runtime.java8.JFunction0$mcV$sp.apply(JFunction0$mcV$sp.java:12)
[info]   at org.scalatest.OutcomeOf.outcomeOf(OutcomeOf.scala:85)
[info]   at org.scalatest.OutcomeOf.outcomeOf$(OutcomeOf.scala:83)
[info]   at org.scalatest.OutcomeOf$.outcomeOf(OutcomeOf.scala:104)
[info]   at org.scalatest.Transformer.apply(Transformer.scala:22)
[info]   at org.scalatest.Transformer.apply(Transformer.scala:20)
[info]   at org.scalatest.FunSuiteLike$$anon$1.apply(FunSuiteLike.scala:186)
[info]   ...
[info] - testing all/issues/silver/0059.vpr *** FAILED ***
[info]   java.lang.RuntimeException: Error occurred during translating: List(Parse error: Expected found "a: Seq[Int])\n  requi", expected invalid identifier (could be a keyword) | "/*" ~ (!(StringIn("*/")) ~ AnyChar).rep ~ "*/" | "//" ~ CharsWhile(viper.silver.parser.FastParser$$$Lambda$333/0x000000080046e840@3449573d).? ~ ("\n" | End) | " " | "\t" | "\n" | "\r" | ")" at index 118
[info] method m(a: Seq[Int])
[info]          ^ (0059.vpr@4.10))
[info]   at scala.sys.package$.error(package.scala:26)
[info]   at FullSilverTests.parse(FullSilverTests.scala:77)
[info]   at FullSilverTests.$anonfun$testAFile$2(FullSilverTests.scala:46)
[info]   at scala.runtime.java8.JFunction0$mcV$sp.apply(JFunction0$mcV$sp.java:12)
[info]   at org.scalatest.OutcomeOf.outcomeOf(OutcomeOf.scala:85)
[info]   at org.scalatest.OutcomeOf.outcomeOf$(OutcomeOf.scala:83)
[info]   at org.scalatest.OutcomeOf$.outcomeOf(OutcomeOf.scala:104)
[info]   at org.scalatest.Transformer.apply(Transformer.scala:22)
[info]   at org.scalatest.Transformer.apply(Transformer.scala:20)
[info]   at org.scalatest.FunSuiteLike$$anon$1.apply(FunSuiteLike.scala:186)
[info]   ...
[info] - testing all/issues/silver/0062.vpr *** FAILED ***
[info]   java.lang.RuntimeException: Error occurred during translating: List(Parse error: Expected found "domain Foo {\r\n  axio", expected Fail | preambleImport | fieldDecl | predicateDecl | methodDecl | Fail | End at index 109
[info] domain Foo {
[info] ^ (0062.vpr@4.1))
[info]   at scala.sys.package$.error(package.scala:26)
[info]   at FullSilverTests.parse(FullSilverTests.scala:77)
[info]   at FullSilverTests.$anonfun$testAFile$2(FullSilverTests.scala:46)
[info]   at scala.runtime.java8.JFunction0$mcV$sp.apply(JFunction0$mcV$sp.java:12)
[info]   at org.scalatest.OutcomeOf.outcomeOf(OutcomeOf.scala:85)
[info]   at org.scalatest.OutcomeOf.outcomeOf$(OutcomeOf.scala:83)
[info]   at org.scalatest.OutcomeOf$.outcomeOf(OutcomeOf.scala:104)
[info]   at org.scalatest.Transformer.apply(Transformer.scala:22)
[info]   at org.scalatest.Transformer.apply(Transformer.scala:20)
[info]   at org.scalatest.FunSuiteLike$$anon$1.apply(FunSuiteLike.scala:186)
[info]   ...
[info] - testing all/issues/silver/0063.vpr *** FAILED ***
[info]   java.lang.RuntimeException: Error occurred during translating: List(Parse error: Expected found "> none && i > 0\n{\n  ", expected Fail | preambleImport | fieldDecl | predicateDecl | methodDecl | Fail | End at index 184
[info]   requires p > none && i > 0
[info]              ^ (0063.vpr@7.14))
[info]   at scala.sys.package$.error(package.scala:26)
[info]   at FullSilverTests.parse(FullSilverTests.scala:77)
[info]   at FullSilverTests.$anonfun$testAFile$2(FullSilverTests.scala:46)
[info]   at scala.runtime.java8.JFunction0$mcV$sp.apply(JFunction0$mcV$sp.java:12)
[info]   at org.scalatest.OutcomeOf.outcomeOf(OutcomeOf.scala:85)
[info]   at org.scalatest.OutcomeOf.outcomeOf$(OutcomeOf.scala:83)
[info]   at org.scalatest.OutcomeOf$.outcomeOf(OutcomeOf.scala:104)
[info]   at org.scalatest.Transformer.apply(Transformer.scala:22)
[info]   at org.scalatest.Transformer.apply(Transformer.scala:20)
[info]   at org.scalatest.FunSuiteLike$$anon$1.apply(FunSuiteLike.scala:186)
[info]   ...
[info] - testing all/issues/silver/0065.vpr *** FAILED ***
[info]   java.lang.RuntimeException: Error occurred during translating: List(Parse error: Expected found "assume x != 0\r\n  ass", expected Fail | methodCall | fieldassign | localassign | fold | unfold | assertP | ifthnels | whle | varDecl | starredNewstmt | regularNewstmt | block | Fail | "}" at index 143
[info]   assume x != 0
[info]   ^ (0065.vpr@5.3))
[info]   at scala.sys.package$.error(package.scala:26)
[info]   at FullSilverTests.parse(FullSilverTests.scala:77)
[info]   at FullSilverTests.$anonfun$testAFile$2(FullSilverTests.scala:46)
[info]   at scala.runtime.java8.JFunction0$mcV$sp.apply(JFunction0$mcV$sp.java:12)
[info]   at org.scalatest.OutcomeOf.outcomeOf(OutcomeOf.scala:85)
[info]   at org.scalatest.OutcomeOf.outcomeOf$(OutcomeOf.scala:83)
[info]   at org.scalatest.OutcomeOf$.outcomeOf(OutcomeOf.scala:104)
[info]   at org.scalatest.Transformer.apply(Transformer.scala:22)
[info]   at org.scalatest.Transformer.apply(Transformer.scala:20)
[info]   at org.scalatest.FunSuiteLike$$anon$1.apply(FunSuiteLike.scala:186)
[info]   ...
[info] - testing all/issues/silver/0067.vpr *** FAILED ***
[info]   java.lang.RuntimeException: Error occurred during translating: List(Parse error: Expected found "domain IArray {\r\n  f", expected Fail | preambleImport | fieldDecl | predicateDecl | methodDecl | Fail | End at index 127
[info] domain IArray {
[info] ^ (0067.vpr@6.1))
[info]   at scala.sys.package$.error(package.scala:26)
[info]   at FullSilverTests.parse(FullSilverTests.scala:77)
[info]   at FullSilverTests.$anonfun$testAFile$2(FullSilverTests.scala:46)
[info]   at scala.runtime.java8.JFunction0$mcV$sp.apply(JFunction0$mcV$sp.java:12)
[info]   at org.scalatest.OutcomeOf.outcomeOf(OutcomeOf.scala:85)
[info]   at org.scalatest.OutcomeOf.outcomeOf$(OutcomeOf.scala:83)
[info]   at org.scalatest.OutcomeOf$.outcomeOf(OutcomeOf.scala:104)
[info]   at org.scalatest.Transformer.apply(Transformer.scala:22)
[info]   at org.scalatest.Transformer.apply(Transformer.scala:20)
[info]   at org.scalatest.FunSuiteLike$$anon$1.apply(FunSuiteLike.scala:186)
[info]   ...
[info] - testing all/issues/silver/0068.vpr *** FAILED ***
[info]   java.lang.RuntimeException: Error occurred during translating: List(Parse error: Expected found "xs: Set[Ref], ys: Se", expected invalid identifier (could be a keyword) | "/*" ~ (!(StringIn("*/")) ~ AnyChar).rep ~ "*/" | "//" ~ CharsWhile(viper.silver.parser.FastParser$$$Lambda$333/0x000000080046e840@3449573d).? ~ ("\n" | End) | " " | "\t" | "\n" | "\r" | ")" at index 122
[info] method test1(xs: Set[Ref], ys: Se
[info]              ^ (0068.vpr@4.14))
[info]   at scala.sys.package$.error(package.scala:26)
[info]   at FullSilverTests.parse(FullSilverTests.scala:77)
[info]   at FullSilverTests.$anonfun$testAFile$2(FullSilverTests.scala:46)
[info]   at scala.runtime.java8.JFunction0$mcV$sp.apply(JFunction0$mcV$sp.java:12)
[info]   at org.scalatest.OutcomeOf.outcomeOf(OutcomeOf.scala:85)
[info]   at org.scalatest.OutcomeOf.outcomeOf$(OutcomeOf.scala:83)
[info]   at org.scalatest.OutcomeOf$.outcomeOf(OutcomeOf.scala:104)
[info]   at org.scalatest.Transformer.apply(Transformer.scala:22)
[info]   at org.scalatest.Transformer.apply(Transformer.scala:20)
[info]   at org.scalatest.FunSuiteLike$$anon$1.apply(FunSuiteLike.scala:186)
[info]   ...
[info] - testing all/issues/silver/0072.vpr *** FAILED ***
[info]   java.lang.RuntimeException: Error occurred during translating: List(Parse error: Expected found ", (1/10))\n}\n\nmethod ", expected invalid identifier (could be a keyword) | ")" at index 232
[info]    fold acc(token(x), (1/10))
[info]                     ^ (0072.vpr@13.22))
[info]   at scala.sys.package$.error(package.scala:26)
[info]   at FullSilverTests.parse(FullSilverTests.scala:77)
[info]   at FullSilverTests.$anonfun$testAFile$2(FullSilverTests.scala:46)
[info]   at scala.runtime.java8.JFunction0$mcV$sp.apply(JFunction0$mcV$sp.java:12)
[info]   at org.scalatest.OutcomeOf.outcomeOf(OutcomeOf.scala:85)
[info]   at org.scalatest.OutcomeOf.outcomeOf$(OutcomeOf.scala:83)
[info]   at org.scalatest.OutcomeOf$.outcomeOf(OutcomeOf.scala:104)
[info]   at org.scalatest.Transformer.apply(Transformer.scala:22)
[info]   at org.scalatest.Transformer.apply(Transformer.scala:20)
[info]   at org.scalatest.FunSuiteLike$$anon$1.apply(FunSuiteLike.scala:186)
[info]   ...
[info] - testing all/issues/silver/0077.vpr
[info] - testing all/issues/silver/0081.vpr *** FAILED ***
[info]   java.lang.RuntimeException: Error occurred during translating: List(Parse error: Expected found "domain Process {\n  \n", expected Fail | preambleImport | fieldDecl | predicateDecl | methodDecl | Fail | End at index 109
[info] domain Process {
[info] ^ (0081.vpr@4.1))
[info]   at scala.sys.package$.error(package.scala:26)
[info]   at FullSilverTests.parse(FullSilverTests.scala:77)
[info]   at FullSilverTests.$anonfun$testAFile$2(FullSilverTests.scala:46)
[info]   at scala.runtime.java8.JFunction0$mcV$sp.apply(JFunction0$mcV$sp.java:12)
[info]   at org.scalatest.OutcomeOf.outcomeOf(OutcomeOf.scala:85)
[info]   at org.scalatest.OutcomeOf.outcomeOf$(OutcomeOf.scala:83)
[info]   at org.scalatest.OutcomeOf$.outcomeOf(OutcomeOf.scala:104)
[info]   at org.scalatest.Transformer.apply(Transformer.scala:22)
[info]   at org.scalatest.Transformer.apply(Transformer.scala:20)
[info]   at org.scalatest.FunSuiteLike$$anon$1.apply(FunSuiteLike.scala:186)
[info]   ...
[info] - testing all/issues/silver/0084.vpr
[info] - testing all/issues/silver/0085.vpr
[info] - testing all/issues/silver/0086.vpr *** FAILED ***
[info]   java.lang.RuntimeException: Error occurred during translating: List(identifier i not defined. (0086.vpr@11.9), identifier i not defined. (0086.vpr@14.5), identifier k not defined. (0086.vpr@30.13), identifier j not defined. (0086.vpr@34.9), identifier i not defined. (0086.vpr@37.5), identifier y not defined. (0086.vpr@49.13))
[info]   at scala.sys.package$.error(package.scala:26)
[info]   at FullSilverTests.parse(FullSilverTests.scala:77)
[info]   at FullSilverTests.$anonfun$testAFile$2(FullSilverTests.scala:46)
[info]   at scala.runtime.java8.JFunction0$mcV$sp.apply(JFunction0$mcV$sp.java:12)
[info]   at org.scalatest.OutcomeOf.outcomeOf(OutcomeOf.scala:85)
[info]   at org.scalatest.OutcomeOf.outcomeOf$(OutcomeOf.scala:83)
[info]   at org.scalatest.OutcomeOf$.outcomeOf(OutcomeOf.scala:104)
[info]   at org.scalatest.Transformer.apply(Transformer.scala:22)
[info]   at org.scalatest.Transformer.apply(Transformer.scala:20)
[info]   at org.scalatest.FunSuiteLike$$anon$1.apply(FunSuiteLike.scala:186)
[info]   ...
[info] - testing all/issues/silver/0088-1.vpr *** FAILED ***
[info]   java.lang.RuntimeException: Error occurred during translating: List(Parse error: Expected found "> none\r\n  requires w", expected Fail | preambleImport | fieldDecl | predicateDecl | methodDecl | Fail | End at index 204
[info]   requires k > none
[info]              ^ (0088-1.vpr@8.14))
[info]   at scala.sys.package$.error(package.scala:26)
[info]   at FullSilverTests.parse(FullSilverTests.scala:77)
[info]   at FullSilverTests.$anonfun$testAFile$2(FullSilverTests.scala:46)
[info]   at scala.runtime.java8.JFunction0$mcV$sp.apply(JFunction0$mcV$sp.java:12)
[info]   at org.scalatest.OutcomeOf.outcomeOf(OutcomeOf.scala:85)
[info]   at org.scalatest.OutcomeOf.outcomeOf$(OutcomeOf.scala:83)
[info]   at org.scalatest.OutcomeOf$.outcomeOf(OutcomeOf.scala:104)
[info]   at org.scalatest.Transformer.apply(Transformer.scala:22)
[info]   at org.scalatest.Transformer.apply(Transformer.scala:20)
[info]   at org.scalatest.FunSuiteLike$$anon$1.apply(FunSuiteLike.scala:186)
[info]   ...
[info] - testing all/issues/silver/0088.vpr
[info] - testing all/issues/silver/0090.vpr
[info] - testing all/issues/silver/0091.vpr *** FAILED ***
[info]   java.lang.RuntimeException: Error occurred during translating: List(Parse error: Expected found "B: Multiset[Int], x:", expected invalid identifier (could be a keyword) | "/*" ~ (!(StringIn("*/")) ~ AnyChar).rep ~ "*/" | "//" ~ CharsWhile(viper.silver.parser.FastParser$$$Lambda$333/0x000000080046e840@3449573d).? ~ ("\n" | End) | " " | "\t" | "\n" | "\r" | ")" at index 123
[info] method test09(B: Multiset[Int], x:
[info]               ^ (0091.vpr@4.15))
[info]   at scala.sys.package$.error(package.scala:26)
[info]   at FullSilverTests.parse(FullSilverTests.scala:77)
[info]   at FullSilverTests.$anonfun$testAFile$2(FullSilverTests.scala:46)
[info]   at scala.runtime.java8.JFunction0$mcV$sp.apply(JFunction0$mcV$sp.java:12)
[info]   at org.scalatest.OutcomeOf.outcomeOf(OutcomeOf.scala:85)
[info]   at org.scalatest.OutcomeOf.outcomeOf$(OutcomeOf.scala:83)
[info]   at org.scalatest.OutcomeOf$.outcomeOf(OutcomeOf.scala:104)
[info]   at org.scalatest.Transformer.apply(Transformer.scala:22)
[info]   at org.scalatest.Transformer.apply(Transformer.scala:20)
[info]   at org.scalatest.FunSuiteLike$$anon$1.apply(FunSuiteLike.scala:186)
[info]   ...
[info] - testing all/issues/silver/0092.vpr
[info] - testing all/issues/silver/0093.vpr *** FAILED ***
[info]   java.lang.RuntimeException: Error occurred during translating: List(Type error in the expression at 0093.vpr@[16.12-16.40] (0093.vpr@16.12))
[info]   at scala.sys.package$.error(package.scala:26)
[info]   at FullSilverTests.parse(FullSilverTests.scala:77)
[info]   at FullSilverTests.$anonfun$testAFile$2(FullSilverTests.scala:46)
[info]   at scala.runtime.java8.JFunction0$mcV$sp.apply(JFunction0$mcV$sp.java:12)
[info]   at org.scalatest.OutcomeOf.outcomeOf(OutcomeOf.scala:85)
[info]   at org.scalatest.OutcomeOf.outcomeOf$(OutcomeOf.scala:83)
[info]   at org.scalatest.OutcomeOf$.outcomeOf(OutcomeOf.scala:104)
[info]   at org.scalatest.Transformer.apply(Transformer.scala:22)
[info]   at org.scalatest.Transformer.apply(Transformer.scala:20)
[info]   at org.scalatest.FunSuiteLike$$anon$1.apply(FunSuiteLike.scala:186)
[info]   ...
[info] - testing all/issues/silver/0102.vpr *** FAILED ***
[info]   java.lang.RuntimeException: Error occurred during translating: List(Parse error: Expected found "(forall i: Int :: x ", expected predicateInstance | strInteger.filter(viper.silver.parser.FastParser$$$Lambda$517/0x0000000800542840@578f6550) | booltrue | boolfalse | nul | old | result | unExp | fapp | typedFapp | "(" ~ exp ~ ")" | accessPred | unfolding | applying | idnuse | Fail at index 190
[info]   assert (forall i: Int :: x
[info]          ^ (0102.vpr@6.10))
[info]   at scala.sys.package$.error(package.scala:26)
[info]   at FullSilverTests.parse(FullSilverTests.scala:77)
[info]   at FullSilverTests.$anonfun$testAFile$2(FullSilverTests.scala:46)
[info]   at scala.runtime.java8.JFunction0$mcV$sp.apply(JFunction0$mcV$sp.java:12)
[info]   at org.scalatest.OutcomeOf.outcomeOf(OutcomeOf.scala:85)
[info]   at org.scalatest.OutcomeOf.outcomeOf$(OutcomeOf.scala:83)
[info]   at org.scalatest.OutcomeOf$.outcomeOf(OutcomeOf.scala:104)
[info]   at org.scalatest.Transformer.apply(Transformer.scala:22)
[info]   at org.scalatest.Transformer.apply(Transformer.scala:20)
[info]   at org.scalatest.FunSuiteLike$$anon$1.apply(FunSuiteLike.scala:186)
[info]   ...
[info] - testing all/issues/silver/0105-1.vpr *** FAILED ***
[info]   java.lang.RuntimeException: Error occurred during translating: List(Parse error: Expected found "domain Process {\n  f", expected Fail | preambleImport | fieldDecl | predicateDecl | methodDecl | Fail | End at index 109
[info] domain Process {
[info] ^ (0105-1.vpr@4.1))
[info]   at scala.sys.package$.error(package.scala:26)
[info]   at FullSilverTests.parse(FullSilverTests.scala:77)
[info]   at FullSilverTests.$anonfun$testAFile$2(FullSilverTests.scala:46)
[info]   at scala.runtime.java8.JFunction0$mcV$sp.apply(JFunction0$mcV$sp.java:12)
[info]   at org.scalatest.OutcomeOf.outcomeOf(OutcomeOf.scala:85)
[info]   at org.scalatest.OutcomeOf.outcomeOf$(OutcomeOf.scala:83)
[info]   at org.scalatest.OutcomeOf$.outcomeOf(OutcomeOf.scala:104)
[info]   at org.scalatest.Transformer.apply(Transformer.scala:22)
[info]   at org.scalatest.Transformer.apply(Transformer.scala:20)
[info]   at org.scalatest.FunSuiteLike$$anon$1.apply(FunSuiteLike.scala:186)
[info]   ...
[info] - testing all/issues/silver/0105.vpr *** FAILED ***
[info]   java.lang.RuntimeException: Error occurred during translating: List(Parse error: Expected found "domain Process {\n  f", expected Fail | preambleImport | fieldDecl | predicateDecl | methodDecl | Fail | End at index 109
[info] domain Process {
[info] ^ (0105.vpr@4.1))
[info]   at scala.sys.package$.error(package.scala:26)
[info]   at FullSilverTests.parse(FullSilverTests.scala:77)
[info]   at FullSilverTests.$anonfun$testAFile$2(FullSilverTests.scala:46)
[info]   at scala.runtime.java8.JFunction0$mcV$sp.apply(JFunction0$mcV$sp.java:12)
[info]   at org.scalatest.OutcomeOf.outcomeOf(OutcomeOf.scala:85)
[info]   at org.scalatest.OutcomeOf.outcomeOf$(OutcomeOf.scala:83)
[info]   at org.scalatest.OutcomeOf$.outcomeOf(OutcomeOf.scala:104)
[info]   at org.scalatest.Transformer.apply(Transformer.scala:22)
[info]   at org.scalatest.Transformer.apply(Transformer.scala:20)
[info]   at org.scalatest.FunSuiteLike$$anon$1.apply(FunSuiteLike.scala:186)
[info]   ...
[info] - testing all/issues/silver/0106.vpr *** FAILED ***
[info]   java.lang.RuntimeException: Error occurred during translating: List(Parse error: Expected found "{\n\t//:: ExpectedOutp", expected Fail | preambleImport | fieldDecl | predicateDecl | methodDecl | Fail | End at index 158
[info] {
[info] ^ (0106.vpr@8.1))
[info]   at scala.sys.package$.error(package.scala:26)
[info]   at FullSilverTests.parse(FullSilverTests.scala:77)
[info]   at FullSilverTests.$anonfun$testAFile$2(FullSilverTests.scala:46)
[info]   at scala.runtime.java8.JFunction0$mcV$sp.apply(JFunction0$mcV$sp.java:12)
[info]   at org.scalatest.OutcomeOf.outcomeOf(OutcomeOf.scala:85)
[info]   at org.scalatest.OutcomeOf.outcomeOf$(OutcomeOf.scala:83)
[info]   at org.scalatest.OutcomeOf$.outcomeOf(OutcomeOf.scala:104)
[info]   at org.scalatest.Transformer.apply(Transformer.scala:22)
[info]   at org.scalatest.Transformer.apply(Transformer.scala:20)
[info]   at org.scalatest.FunSuiteLike$$anon$1.apply(FunSuiteLike.scala:186)
[info]   ...
[info] - testing all/issues/silver/0108.vpr
[info] - testing all/issues/silver/0114-1.vpr *** FAILED ***
[info]   java.lang.RuntimeException: Error occurred during translating: List(Parse error: Expected found "define foo(x) true\n\n", expected Fail | preambleImport | fieldDecl | predicateDecl | methodDecl | Fail | End at index 109
[info] define foo(x) true
[info] ^ (0114-1.vpr@4.1))
[info]   at scala.sys.package$.error(package.scala:26)
[info]   at FullSilverTests.parse(FullSilverTests.scala:77)
[info]   at FullSilverTests.$anonfun$testAFile$2(FullSilverTests.scala:46)
[info]   at scala.runtime.java8.JFunction0$mcV$sp.apply(JFunction0$mcV$sp.java:12)
[info]   at org.scalatest.OutcomeOf.outcomeOf(OutcomeOf.scala:85)
[info]   at org.scalatest.OutcomeOf.outcomeOf$(OutcomeOf.scala:83)
[info]   at org.scalatest.OutcomeOf$.outcomeOf(OutcomeOf.scala:104)
[info]   at org.scalatest.Transformer.apply(Transformer.scala:22)
[info]   at org.scalatest.Transformer.apply(Transformer.scala:20)
[info]   at org.scalatest.FunSuiteLike$$anon$1.apply(FunSuiteLike.scala:186)
[info]   ...
[info] - testing all/issues/silver/0114.vpr *** FAILED ***
[info]   java.lang.RuntimeException: Error occurred during translating: List(Parse error: Expected found "define B(x, res) tru", expected Fail | preambleImport | fieldDecl | predicateDecl | methodDecl | Fail | End at index 109
[info] define B(x, res) tru
[info] ^ (0114.vpr@4.1))
[info]   at scala.sys.package$.error(package.scala:26)
[info]   at FullSilverTests.parse(FullSilverTests.scala:77)
[info]   at FullSilverTests.$anonfun$testAFile$2(FullSilverTests.scala:46)
[info]   at scala.runtime.java8.JFunction0$mcV$sp.apply(JFunction0$mcV$sp.java:12)
[info]   at org.scalatest.OutcomeOf.outcomeOf(OutcomeOf.scala:85)
[info]   at org.scalatest.OutcomeOf.outcomeOf$(OutcomeOf.scala:83)
[info]   at org.scalatest.OutcomeOf$.outcomeOf(OutcomeOf.scala:104)
[info]   at org.scalatest.Transformer.apply(Transformer.scala:22)
[info]   at org.scalatest.Transformer.apply(Transformer.scala:20)
[info]   at org.scalatest.FunSuiteLike$$anon$1.apply(FunSuiteLike.scala:186)
[info]   ...
[info] - testing all/issues/silver/0116.vpr *** FAILED ***
[info]   java.lang.RuntimeException: Error occurred during translating: List(local variable a cannot be accessed before it is declared. (0116.vpr@7.2), identifier x not defined. (0116.vpr@20.15))
[info]   at scala.sys.package$.error(package.scala:26)
[info]   at FullSilverTests.parse(FullSilverTests.scala:77)
[info]   at FullSilverTests.$anonfun$testAFile$2(FullSilverTests.scala:46)
[info]   at scala.runtime.java8.JFunction0$mcV$sp.apply(JFunction0$mcV$sp.java:12)
[info]   at org.scalatest.OutcomeOf.outcomeOf(OutcomeOf.scala:85)
[info]   at org.scalatest.OutcomeOf.outcomeOf$(OutcomeOf.scala:83)
[info]   at org.scalatest.OutcomeOf$.outcomeOf(OutcomeOf.scala:104)
[info]   at org.scalatest.Transformer.apply(Transformer.scala:22)
[info]   at org.scalatest.Transformer.apply(Transformer.scala:20)
[info]   at org.scalatest.FunSuiteLike$$anon$1.apply(FunSuiteLike.scala:186)
[info]   ...
[info] - testing all/issues/silver/0117.vpr
[info] - testing all/issues/silver/0120.vpr *** FAILED ***
[info]   java.lang.RuntimeException: Error occurred during translating: List(Parse error: Expected found "r: Ref [r.f] :: acc(", expected Fail | methodCall | fieldassign | localassign | fold | unfold | assertP | ifthnels | whle | varDecl | starredNewstmt | regularNewstmt | block | Fail | "}" at index 238
[info] 	assert forperm r: Ref [r.f] :: acc(
[info]                 ^ (0120.vpr@11.17))
[info]   at scala.sys.package$.error(package.scala:26)
[info]   at FullSilverTests.parse(FullSilverTests.scala:77)
[info]   at FullSilverTests.$anonfun$testAFile$2(FullSilverTests.scala:46)
[info]   at scala.runtime.java8.JFunction0$mcV$sp.apply(JFunction0$mcV$sp.java:12)
[info]   at org.scalatest.OutcomeOf.outcomeOf(OutcomeOf.scala:85)
[info]   at org.scalatest.OutcomeOf.outcomeOf$(OutcomeOf.scala:83)
[info]   at org.scalatest.OutcomeOf$.outcomeOf(OutcomeOf.scala:104)
[info]   at org.scalatest.Transformer.apply(Transformer.scala:22)
[info]   at org.scalatest.Transformer.apply(Transformer.scala:20)
[info]   at org.scalatest.FunSuiteLike$$anon$1.apply(FunSuiteLike.scala:186)
[info]   ...
[info] - testing all/issues/silver/0129.vpr *** FAILED ***
[info]   java.lang.RuntimeException: Error occurred during translating: List(Parse error: Expected found "domain Process {\r\n  ", expected Fail | preambleImport | fieldDecl | predicateDecl | methodDecl | Fail | End at index 109
[info] domain Process {
[info] ^ (0129.vpr@4.1))
[info]   at scala.sys.package$.error(package.scala:26)
[info]   at FullSilverTests.parse(FullSilverTests.scala:77)
[info]   at FullSilverTests.$anonfun$testAFile$2(FullSilverTests.scala:46)
[info]   at scala.runtime.java8.JFunction0$mcV$sp.apply(JFunction0$mcV$sp.java:12)
[info]   at org.scalatest.OutcomeOf.outcomeOf(OutcomeOf.scala:85)
[info]   at org.scalatest.OutcomeOf.outcomeOf$(OutcomeOf.scala:83)
[info]   at org.scalatest.OutcomeOf$.outcomeOf(OutcomeOf.scala:104)
[info]   at org.scalatest.Transformer.apply(Transformer.scala:22)
[info]   at org.scalatest.Transformer.apply(Transformer.scala:20)
[info]   at org.scalatest.FunSuiteLike$$anon$1.apply(FunSuiteLike.scala:186)
[info]   ...
[info] - testing all/issues/silver/0132.vpr
[info] - testing all/issues/silver/0137.vpr *** FAILED ***
[info]   java.lang.RuntimeException: Error occurred during translating: List(expected function or predicate  (0137.vpr@9.18))
[info]   at scala.sys.package$.error(package.scala:26)
[info]   at FullSilverTests.parse(FullSilverTests.scala:77)
[info]   at FullSilverTests.$anonfun$testAFile$2(FullSilverTests.scala:46)
[info]   at scala.runtime.java8.JFunction0$mcV$sp.apply(JFunction0$mcV$sp.java:12)
[info]   at org.scalatest.OutcomeOf.outcomeOf(OutcomeOf.scala:85)
[info]   at org.scalatest.OutcomeOf.outcomeOf$(OutcomeOf.scala:83)
[info]   at org.scalatest.OutcomeOf$.outcomeOf(OutcomeOf.scala:104)
[info]   at org.scalatest.Transformer.apply(Transformer.scala:22)
[info]   at org.scalatest.Transformer.apply(Transformer.scala:20)
[info]   at org.scalatest.FunSuiteLike$$anon$1.apply(FunSuiteLike.scala:186)
[info]   ...
[info] - testing all/issues/silver/0138.vpr *** FAILED ***
[info]   java.lang.RuntimeException: Error occurred during translating: List(Parse error: Expected found "define outer\n//:: Ex", expected Fail | preambleImport | fieldDecl | predicateDecl | methodDecl | Fail | End at index 109
[info] define outer
[info] ^ (0138.vpr@4.1))
[info]   at scala.sys.package$.error(package.scala:26)
[info]   at FullSilverTests.parse(FullSilverTests.scala:77)
[info]   at FullSilverTests.$anonfun$testAFile$2(FullSilverTests.scala:46)
[info]   at scala.runtime.java8.JFunction0$mcV$sp.apply(JFunction0$mcV$sp.java:12)
[info]   at org.scalatest.OutcomeOf.outcomeOf(OutcomeOf.scala:85)
[info]   at org.scalatest.OutcomeOf.outcomeOf$(OutcomeOf.scala:83)
[info]   at org.scalatest.OutcomeOf$.outcomeOf(OutcomeOf.scala:104)
[info]   at org.scalatest.Transformer.apply(Transformer.scala:22)
[info]   at org.scalatest.Transformer.apply(Transformer.scala:20)
[info]   at org.scalatest.FunSuiteLike$$anon$1.apply(FunSuiteLike.scala:186)
[info]   ...
[info] - testing all/issues/silver/0139.vpr *** FAILED ***
[info]   java.lang.RuntimeException: Error occurred during translating: List(Parse error: Expected found "define S { assert tr", expected Fail | preambleImport | fieldDecl | predicateDecl | methodDecl | Fail | End at index 109
[info] define S { assert tr
[info] ^ (0139.vpr@4.1))
[info]   at scala.sys.package$.error(package.scala:26)
[info]   at FullSilverTests.parse(FullSilverTests.scala:77)
[info]   at FullSilverTests.$anonfun$testAFile$2(FullSilverTests.scala:46)
[info]   at scala.runtime.java8.JFunction0$mcV$sp.apply(JFunction0$mcV$sp.java:12)
[info]   at org.scalatest.OutcomeOf.outcomeOf(OutcomeOf.scala:85)
[info]   at org.scalatest.OutcomeOf.outcomeOf$(OutcomeOf.scala:83)
[info]   at org.scalatest.OutcomeOf$.outcomeOf(OutcomeOf.scala:104)
[info]   at org.scalatest.Transformer.apply(Transformer.scala:22)
[info]   at org.scalatest.Transformer.apply(Transformer.scala:20)
[info]   at org.scalatest.FunSuiteLike$$anon$1.apply(FunSuiteLike.scala:186)
[info]   ...
[info] - testing all/issues/silver/0142.vpr
[info] - testing all/issues/silver/0148.vpr *** FAILED ***
[info]   java.lang.RuntimeException: Error occurred during translating: List(Parse error: Expected found "domain MultiSet[T] {", expected Fail | preambleImport | fieldDecl | predicateDecl | methodDecl | Fail | End at index 109
[info] domain MultiSet[T] {
[info] ^ (0148.vpr@4.1))
[info]   at scala.sys.package$.error(package.scala:26)
[info]   at FullSilverTests.parse(FullSilverTests.scala:77)
[info]   at FullSilverTests.$anonfun$testAFile$2(FullSilverTests.scala:46)
[info]   at scala.runtime.java8.JFunction0$mcV$sp.apply(JFunction0$mcV$sp.java:12)
[info]   at org.scalatest.OutcomeOf.outcomeOf(OutcomeOf.scala:85)
[info]   at org.scalatest.OutcomeOf.outcomeOf$(OutcomeOf.scala:83)
[info]   at org.scalatest.OutcomeOf$.outcomeOf(OutcomeOf.scala:104)
[info]   at org.scalatest.Transformer.apply(Transformer.scala:22)
[info]   at org.scalatest.Transformer.apply(Transformer.scala:20)
[info]   at org.scalatest.FunSuiteLike$$anon$1.apply(FunSuiteLike.scala:186)
[info]   ...
[info] - testing all/issues/silver/0152.vpr
[info] - testing all/issues/silver/0158.vpr *** FAILED ***
[info]   java.lang.RuntimeException: Error occurred during translating: List(Parse error: Expected found "i : Int :: {} true\n}", expected Fail | methodCall | fieldassign | localassign | fold | unfold | assertP | ifthnels | whle | varDecl | starredNewstmt | regularNewstmt | block | Fail | "}" at index 183
[info]     assert forall i : Int :: {} true
[info]                   ^ (0158.vpr@7.19))
[info]   at scala.sys.package$.error(package.scala:26)
[info]   at FullSilverTests.parse(FullSilverTests.scala:77)
[info]   at FullSilverTests.$anonfun$testAFile$2(FullSilverTests.scala:46)
[info]   at scala.runtime.java8.JFunction0$mcV$sp.apply(JFunction0$mcV$sp.java:12)
[info]   at org.scalatest.OutcomeOf.outcomeOf(OutcomeOf.scala:85)
[info]   at org.scalatest.OutcomeOf.outcomeOf$(OutcomeOf.scala:83)
[info]   at org.scalatest.OutcomeOf$.outcomeOf(OutcomeOf.scala:104)
[info]   at org.scalatest.Transformer.apply(Transformer.scala:22)
[info]   at org.scalatest.Transformer.apply(Transformer.scala:20)
[info]   at org.scalatest.FunSuiteLike$$anon$1.apply(FunSuiteLike.scala:186)
[info]   ...
[info] - testing all/issues/silver/0159.vpr *** FAILED ***
[info]   java.lang.RuntimeException: Error occurred during translating: List(Parse error: Expected found "i: Int :: i < 4 && i", expected Fail | methodCall | fieldassign | localassign | fold | unfold | assertP | ifthnels | whle | varDecl | starredNewstmt | regularNewstmt | block | Fail | "}" at index 366
[info]   assert forall i: Int :: i < 4 && i
[info]                 ^ (0159.vpr@11.17))
[info]   at scala.sys.package$.error(package.scala:26)
[info]   at FullSilverTests.parse(FullSilverTests.scala:77)
[info]   at FullSilverTests.$anonfun$testAFile$2(FullSilverTests.scala:46)
[info]   at scala.runtime.java8.JFunction0$mcV$sp.apply(JFunction0$mcV$sp.java:12)
[info]   at org.scalatest.OutcomeOf.outcomeOf(OutcomeOf.scala:85)
[info]   at org.scalatest.OutcomeOf.outcomeOf$(OutcomeOf.scala:83)
[info]   at org.scalatest.OutcomeOf$.outcomeOf(OutcomeOf.scala:104)
[info]   at org.scalatest.Transformer.apply(Transformer.scala:22)
[info]   at org.scalatest.Transformer.apply(Transformer.scala:20)
[info]   at org.scalatest.FunSuiteLike$$anon$1.apply(FunSuiteLike.scala:186)
[info]   ...
[info] - testing all/issues/silver/0160.vpr *** FAILED ***
[info]   java.lang.RuntimeException: Error occurred during translating: List(Parse error: Expected found "define b 2\r\n\r\nmethod", expected Fail | preambleImport | fieldDecl | predicateDecl | methodDecl | Fail | End at index 109
[info] define b 2
[info] ^ (0160.vpr@4.1))
[info]   at scala.sys.package$.error(package.scala:26)
[info]   at FullSilverTests.parse(FullSilverTests.scala:77)
[info]   at FullSilverTests.$anonfun$testAFile$2(FullSilverTests.scala:46)
[info]   at scala.runtime.java8.JFunction0$mcV$sp.apply(JFunction0$mcV$sp.java:12)
[info]   at org.scalatest.OutcomeOf.outcomeOf(OutcomeOf.scala:85)
[info]   at org.scalatest.OutcomeOf.outcomeOf$(OutcomeOf.scala:83)
[info]   at org.scalatest.OutcomeOf$.outcomeOf(OutcomeOf.scala:104)
[info]   at org.scalatest.Transformer.apply(Transformer.scala:22)
[info]   at org.scalatest.Transformer.apply(Transformer.scala:20)
[info]   at org.scalatest.FunSuiteLike$$anon$1.apply(FunSuiteLike.scala:186)
[info]   ...
[info] - testing all/issues/silver/0162-1.vpr *** FAILED ***
[info]   java.lang.RuntimeException: Error occurred during translating: List(Parse error: Expected found "assume acc(y.f)\r\n  a", expected Fail | methodCall | fieldassign | localassign | fold | unfold | assertP | ifthnels | whle | varDecl | starredNewstmt | regularNewstmt | block | Fail | "}" at index 180
[info]   assume acc(y.f)
[info]   ^ (0162-1.vpr@9.3))
[info]   at scala.sys.package$.error(package.scala:26)
[info]   at FullSilverTests.parse(FullSilverTests.scala:77)
[info]   at FullSilverTests.$anonfun$testAFile$2(FullSilverTests.scala:46)
[info]   at scala.runtime.java8.JFunction0$mcV$sp.apply(JFunction0$mcV$sp.java:12)
[info]   at org.scalatest.OutcomeOf.outcomeOf(OutcomeOf.scala:85)
[info]   at org.scalatest.OutcomeOf.outcomeOf$(OutcomeOf.scala:83)
[info]   at org.scalatest.OutcomeOf$.outcomeOf(OutcomeOf.scala:104)
[info]   at org.scalatest.Transformer.apply(Transformer.scala:22)
[info]   at org.scalatest.Transformer.apply(Transformer.scala:20)
[info]   at org.scalatest.FunSuiteLike$$anon$1.apply(FunSuiteLike.scala:186)
[info]   ...
[info] - testing all/issues/silver/0162-2.vpr *** FAILED ***
[info]   java.lang.RuntimeException: Error occurred during translating: List(Parse error: Expected found "assume acc(x.f)\r\n  /", expected Fail | methodCall | fieldassign | localassign | fold | unfold | assertP | ifthnels | whle | varDecl | starredNewstmt | regularNewstmt | block | Fail | "}" at index 176
[info]   assume acc(x.f)
[info]   ^ (0162-2.vpr@9.3))
[info]   at scala.sys.package$.error(package.scala:26)
[info]   at FullSilverTests.parse(FullSilverTests.scala:77)
[info]   at FullSilverTests.$anonfun$testAFile$2(FullSilverTests.scala:46)
[info]   at scala.runtime.java8.JFunction0$mcV$sp.apply(JFunction0$mcV$sp.java:12)
[info]   at org.scalatest.OutcomeOf.outcomeOf(OutcomeOf.scala:85)
[info]   at org.scalatest.OutcomeOf.outcomeOf$(OutcomeOf.scala:83)
[info]   at org.scalatest.OutcomeOf$.outcomeOf(OutcomeOf.scala:104)
[info]   at org.scalatest.Transformer.apply(Transformer.scala:22)
[info]   at org.scalatest.Transformer.apply(Transformer.scala:20)
[info]   at org.scalatest.FunSuiteLike$$anon$1.apply(FunSuiteLike.scala:186)
[info]   ...
[info] - testing all/issues/silver/0164.vpr
[info] - testing all/issues/silver/0165.vpr *** FAILED ***
[info]   java.lang.RuntimeException: Error occurred during translating: List(Parse error: Expected found "Intmethod b () { }", expected invalid identifier (could be a keyword) | "Rational" ~ !(CharIn("0123456789ABCDEFGHIJKLMNOPQRSTUVWXYZabcdefghijklmnopqrstuvwxyz$_")) | StringIn("Int", "Bool", "Perm", "Ref") ~ !(CharIn("0123456789ABCDEFGHIJKLMNOPQRSTUVWXYZabcdefghijklmnopqrstuvwxyz$_")) at index 154
[info] field a : Intmethod b () { }
[info]           ^ (0165.vpr@5.11))
[info]   at scala.sys.package$.error(package.scala:26)
[info]   at FullSilverTests.parse(FullSilverTests.scala:77)
[info]   at FullSilverTests.$anonfun$testAFile$2(FullSilverTests.scala:46)
[info]   at scala.runtime.java8.JFunction0$mcV$sp.apply(JFunction0$mcV$sp.java:12)
[info]   at org.scalatest.OutcomeOf.outcomeOf(OutcomeOf.scala:85)
[info]   at org.scalatest.OutcomeOf.outcomeOf$(OutcomeOf.scala:83)
[info]   at org.scalatest.OutcomeOf$.outcomeOf(OutcomeOf.scala:104)
[info]   at org.scalatest.Transformer.apply(Transformer.scala:22)
[info]   at org.scalatest.Transformer.apply(Transformer.scala:20)
[info]   at org.scalatest.FunSuiteLike$$anon$1.apply(FunSuiteLike.scala:186)
[info]   ...
[info] - testing all/issues/silver/0167-1.vpr *** FAILED ***
[info]   java.lang.RuntimeException: Error occurred during translating: List(Parse error: Expected found "define P() 1\n//:: Ex", expected Fail | preambleImport | fieldDecl | predicateDecl | methodDecl | Fail | End at index 109
[info] define P() 1
[info] ^ (0167-1.vpr@4.1))
[info]   at scala.sys.package$.error(package.scala:26)
[info]   at FullSilverTests.parse(FullSilverTests.scala:77)
[info]   at FullSilverTests.$anonfun$testAFile$2(FullSilverTests.scala:46)
[info]   at scala.runtime.java8.JFunction0$mcV$sp.apply(JFunction0$mcV$sp.java:12)
[info]   at org.scalatest.OutcomeOf.outcomeOf(OutcomeOf.scala:85)
[info]   at org.scalatest.OutcomeOf.outcomeOf$(OutcomeOf.scala:83)
[info]   at org.scalatest.OutcomeOf$.outcomeOf(OutcomeOf.scala:104)
[info]   at org.scalatest.Transformer.apply(Transformer.scala:22)
[info]   at org.scalatest.Transformer.apply(Transformer.scala:20)
[info]   at org.scalatest.FunSuiteLike$$anon$1.apply(FunSuiteLike.scala:186)
[info]   ...
[info] - testing all/issues/silver/0167-2.vpr *** FAILED ***
[info]   java.lang.RuntimeException: Error occurred during translating: List(Parse error: Expected found "define x() 1\n", expected Fail | preambleImport | fieldDecl | predicateDecl | methodDecl | Fail | End at index 174
[info] define x() 1
[info] ^ (0167-2.vpr@9.1))
[info]   at scala.sys.package$.error(package.scala:26)
[info]   at FullSilverTests.parse(FullSilverTests.scala:77)
[info]   at FullSilverTests.$anonfun$testAFile$2(FullSilverTests.scala:46)
[info]   at scala.runtime.java8.JFunction0$mcV$sp.apply(JFunction0$mcV$sp.java:12)
[info]   at org.scalatest.OutcomeOf.outcomeOf(OutcomeOf.scala:85)
[info]   at org.scalatest.OutcomeOf.outcomeOf$(OutcomeOf.scala:83)
[info]   at org.scalatest.OutcomeOf$.outcomeOf(OutcomeOf.scala:104)
[info]   at org.scalatest.Transformer.apply(Transformer.scala:22)
[info]   at org.scalatest.Transformer.apply(Transformer.scala:20)
[info]   at org.scalatest.FunSuiteLike$$anon$1.apply(FunSuiteLike.scala:186)
[info]   ...
[info] - testing all/issues/silver/0168.vpr *** FAILED ***
[info]   java.lang.RuntimeException: Error occurred during translating: List(Parse error: Expected found "define P() true\n", expected Fail | preambleImport | fieldDecl | predicateDecl | methodDecl | Fail | End at index 106
[info] define P() true
[info] ^ (0168_lib.vpr@4.1))
[info]   at scala.sys.package$.error(package.scala:26)
[info]   at FullSilverTests.parse(FullSilverTests.scala:77)
[info]   at FullSilverTests.$anonfun$testAFile$2(FullSilverTests.scala:46)
[info]   at scala.runtime.java8.JFunction0$mcV$sp.apply(JFunction0$mcV$sp.java:12)
[info]   at org.scalatest.OutcomeOf.outcomeOf(OutcomeOf.scala:85)
[info]   at org.scalatest.OutcomeOf.outcomeOf$(OutcomeOf.scala:83)
[info]   at org.scalatest.OutcomeOf$.outcomeOf(OutcomeOf.scala:104)
[info]   at org.scalatest.Transformer.apply(Transformer.scala:22)
[info]   at org.scalatest.Transformer.apply(Transformer.scala:20)
[info]   at org.scalatest.FunSuiteLike$$anon$1.apply(FunSuiteLike.scala:186)
[info]   ...
[info] - testing all/issues/silver/0168_lib.vpr *** FAILED ***
[info]   java.lang.RuntimeException: Error occurred during translating: List(Parse error: Expected found "define P() true", expected Fail | preambleImport | fieldDecl | predicateDecl | methodDecl | Fail | End at index 109
[info] define P() true
[info] ^ (0168_lib.vpr@4.1))
[info]   at scala.sys.package$.error(package.scala:26)
[info]   at FullSilverTests.parse(FullSilverTests.scala:77)
[info]   at FullSilverTests.$anonfun$testAFile$2(FullSilverTests.scala:46)
[info]   at scala.runtime.java8.JFunction0$mcV$sp.apply(JFunction0$mcV$sp.java:12)
[info]   at org.scalatest.OutcomeOf.outcomeOf(OutcomeOf.scala:85)
[info]   at org.scalatest.OutcomeOf.outcomeOf$(OutcomeOf.scala:83)
[info]   at org.scalatest.OutcomeOf$.outcomeOf(OutcomeOf.scala:104)
[info]   at org.scalatest.Transformer.apply(Transformer.scala:22)
[info]   at org.scalatest.Transformer.apply(Transformer.scala:20)
[info]   at org.scalatest.FunSuiteLike$$anon$1.apply(FunSuiteLike.scala:186)
[info]   ...
[info] - testing all/issues/silver/0170.vpr *** FAILED ***
[info]   java.lang.RuntimeException: Error occurred during translating: List(Parse error: Expected found "define access(f) r.f", expected Fail | preambleImport | fieldDecl | predicateDecl | methodDecl | Fail | End at index 123
[info] define access(f) r.f
[info] ^ (0170.vpr@6.1))
[info]   at scala.sys.package$.error(package.scala:26)
[info]   at FullSilverTests.parse(FullSilverTests.scala:77)
[info]   at FullSilverTests.$anonfun$testAFile$2(FullSilverTests.scala:46)
[info]   at scala.runtime.java8.JFunction0$mcV$sp.apply(JFunction0$mcV$sp.java:12)
[info]   at org.scalatest.OutcomeOf.outcomeOf(OutcomeOf.scala:85)
[info]   at org.scalatest.OutcomeOf.outcomeOf$(OutcomeOf.scala:83)
[info]   at org.scalatest.OutcomeOf$.outcomeOf(OutcomeOf.scala:104)
[info]   at org.scalatest.Transformer.apply(Transformer.scala:22)
[info]   at org.scalatest.Transformer.apply(Transformer.scala:20)
[info]   at org.scalatest.FunSuiteLike$$anon$1.apply(FunSuiteLike.scala:186)
[info]   ...
[info] - testing all/issues/silver/0172.vpr *** FAILED ***
[info]   java.lang.RuntimeException: Error occurred during translating: List(Parse error: Expected found "Set[Int]\r\n\r\ndefine S", expected invalid identifier (could be a keyword) | "Rational" ~ !(CharIn("0123456789ABCDEFGHIJKLMNOPQRSTUVWXYZabcdefghijklmnopqrstuvwxyz$_")) | StringIn("Int", "Bool", "Perm", "Ref") ~ !(CharIn("0123456789ABCDEFGHIJKLMNOPQRSTUVWXYZabcdefghijklmnopqrstuvwxyz$_")) at index 151
[info] ield AcqInvariants: Set[Int]
[info]                     ^ (0172.vpr@5.22))
[info]   at scala.sys.package$.error(package.scala:26)
[info]   at FullSilverTests.parse(FullSilverTests.scala:77)
[info]   at FullSilverTests.$anonfun$testAFile$2(FullSilverTests.scala:46)
[info]   at scala.runtime.java8.JFunction0$mcV$sp.apply(JFunction0$mcV$sp.java:12)
[info]   at org.scalatest.OutcomeOf.outcomeOf(OutcomeOf.scala:85)
[info]   at org.scalatest.OutcomeOf.outcomeOf$(OutcomeOf.scala:83)
[info]   at org.scalatest.OutcomeOf$.outcomeOf(OutcomeOf.scala:104)
[info]   at org.scalatest.Transformer.apply(Transformer.scala:22)
[info]   at org.scalatest.Transformer.apply(Transformer.scala:20)
[info]   at org.scalatest.FunSuiteLike$$anon$1.apply(FunSuiteLike.scala:186)
[info]   ...
[info] - testing all/issues/silver/0173.vpr *** FAILED ***
[info]   java.lang.RuntimeException: Error occurred during translating: List(Parse error: Expected found "function trigger_iss", expected Fail | preambleImport | fieldDecl | predicateDecl | methodDecl | Fail | End at index 145
[info] function trigger_iss
[info] ^ (0173.vpr@5.1))
[info]   at scala.sys.package$.error(package.scala:26)
[info]   at FullSilverTests.parse(FullSilverTests.scala:77)
[info]   at FullSilverTests.$anonfun$testAFile$2(FullSilverTests.scala:46)
[info]   at scala.runtime.java8.JFunction0$mcV$sp.apply(JFunction0$mcV$sp.java:12)
[info]   at org.scalatest.OutcomeOf.outcomeOf(OutcomeOf.scala:85)
[info]   at org.scalatest.OutcomeOf.outcomeOf$(OutcomeOf.scala:83)
[info]   at org.scalatest.OutcomeOf$.outcomeOf(OutcomeOf.scala:104)
[info]   at org.scalatest.Transformer.apply(Transformer.scala:22)
[info]   at org.scalatest.Transformer.apply(Transformer.scala:20)
[info]   at org.scalatest.FunSuiteLike$$anon$1.apply(FunSuiteLike.scala:186)
[info]   ...
[info] - testing all/issues/silver/0174.vpr *** FAILED ***
[info]   java.lang.RuntimeException: Error occurred during translating: List(Parse error: Expected found "domain Foo {\n  axiom", expected Fail | preambleImport | fieldDecl | predicateDecl | methodDecl | Fail | End at index 125
[info] domain Foo {
[info] ^ (0174.vpr@6.1))
[info]   at scala.sys.package$.error(package.scala:26)
[info]   at FullSilverTests.parse(FullSilverTests.scala:77)
[info]   at FullSilverTests.$anonfun$testAFile$2(FullSilverTests.scala:46)
[info]   at scala.runtime.java8.JFunction0$mcV$sp.apply(JFunction0$mcV$sp.java:12)
[info]   at org.scalatest.OutcomeOf.outcomeOf(OutcomeOf.scala:85)
[info]   at org.scalatest.OutcomeOf.outcomeOf$(OutcomeOf.scala:83)
[info]   at org.scalatest.OutcomeOf$.outcomeOf(OutcomeOf.scala:104)
[info]   at org.scalatest.Transformer.apply(Transformer.scala:22)
[info]   at org.scalatest.Transformer.apply(Transformer.scala:20)
[info]   at org.scalatest.FunSuiteLike$$anon$1.apply(FunSuiteLike.scala:186)
[info]   ...
[info] - testing all/issues/silver/0175b.vpr *** FAILED ***
[info]   java.lang.RuntimeException: Error occurred during translating: List(Parse error: Expected found "xs: Set[Ref], ys: Se", expected invalid identifier (could be a keyword) | "/*" ~ (!(StringIn("*/")) ~ AnyChar).rep ~ "*/" | "//" ~ CharsWhile(viper.silver.parser.FastParser$$$Lambda$333/0x000000080046e840@3449573d).? ~ ("\n" | End) | " " | "\t" | "\n" | "\r" | ")" at index 135
[info] method test(xs: Set[Ref], ys: Se
[info]             ^ (0175b.vpr@6.13))
[info]   at scala.sys.package$.error(package.scala:26)
[info]   at FullSilverTests.parse(FullSilverTests.scala:77)
[info]   at FullSilverTests.$anonfun$testAFile$2(FullSilverTests.scala:46)
[info]   at scala.runtime.java8.JFunction0$mcV$sp.apply(JFunction0$mcV$sp.java:12)
[info]   at org.scalatest.OutcomeOf.outcomeOf(OutcomeOf.scala:85)
[info]   at org.scalatest.OutcomeOf.outcomeOf$(OutcomeOf.scala:83)
[info]   at org.scalatest.OutcomeOf$.outcomeOf(OutcomeOf.scala:104)
[info]   at org.scalatest.Transformer.apply(Transformer.scala:22)
[info]   at org.scalatest.Transformer.apply(Transformer.scala:20)
[info]   at org.scalatest.FunSuiteLike$$anon$1.apply(FunSuiteLike.scala:186)
[info]   ...
[info] - testing all/issues/silver/0176.vpr *** FAILED ***
[info]   java.lang.RuntimeException: Error occurred during translating: List(Parse error: Expected found "domain T {\n    axiom", expected Fail | preambleImport | fieldDecl | predicateDecl | methodDecl | Fail | End at index 109
[info] domain T {
[info] ^ (0176.vpr@4.1))
[info]   at scala.sys.package$.error(package.scala:26)
[info]   at FullSilverTests.parse(FullSilverTests.scala:77)
[info]   at FullSilverTests.$anonfun$testAFile$2(FullSilverTests.scala:46)
[info]   at scala.runtime.java8.JFunction0$mcV$sp.apply(JFunction0$mcV$sp.java:12)
[info]   at org.scalatest.OutcomeOf.outcomeOf(OutcomeOf.scala:85)
[info]   at org.scalatest.OutcomeOf.outcomeOf$(OutcomeOf.scala:83)
[info]   at org.scalatest.OutcomeOf$.outcomeOf(OutcomeOf.scala:104)
[info]   at org.scalatest.Transformer.apply(Transformer.scala:22)
[info]   at org.scalatest.Transformer.apply(Transformer.scala:20)
[info]   at org.scalatest.FunSuiteLike$$anon$1.apply(FunSuiteLike.scala:186)
[info]   ...
[info] - testing all/issues/silver/0177-1.vpr *** FAILED ***
[info]   java.lang.RuntimeException: Error occurred during translating: List(Parse error: Expected found "define deref(x) x.f\n", expected Fail | preambleImport | fieldDecl | predicateDecl | methodDecl | Fail | End at index 109
[info] define deref(x) x.f
[info] ^ (0177-1.vpr@4.1))
[info]   at scala.sys.package$.error(package.scala:26)
[info]   at FullSilverTests.parse(FullSilverTests.scala:77)
[info]   at FullSilverTests.$anonfun$testAFile$2(FullSilverTests.scala:46)
[info]   at scala.runtime.java8.JFunction0$mcV$sp.apply(JFunction0$mcV$sp.java:12)
[info]   at org.scalatest.OutcomeOf.outcomeOf(OutcomeOf.scala:85)
[info]   at org.scalatest.OutcomeOf.outcomeOf$(OutcomeOf.scala:83)
[info]   at org.scalatest.OutcomeOf$.outcomeOf(OutcomeOf.scala:104)
[info]   at org.scalatest.Transformer.apply(Transformer.scala:22)
[info]   at org.scalatest.Transformer.apply(Transformer.scala:20)
[info]   at org.scalatest.FunSuiteLike$$anon$1.apply(FunSuiteLike.scala:186)
[info]   ...
[info] - testing all/issues/silver/0177-2.vpr *** FAILED ***
[info]   java.lang.RuntimeException: Error occurred during translating: List(Parse error: Expected found ":= 1\n}\n", expected Fail | methodCall | fieldassign | localassign | fold | unfold | assertP | ifthnels | whle | varDecl | starredNewstmt | regularNewstmt | block | Fail | "}" at index 201
[info]     m1(r) := 1
[info]           ^ (0177-2.vpr@12.11))
[info]   at scala.sys.package$.error(package.scala:26)
[info]   at FullSilverTests.parse(FullSilverTests.scala:77)
[info]   at FullSilverTests.$anonfun$testAFile$2(FullSilverTests.scala:46)
[info]   at scala.runtime.java8.JFunction0$mcV$sp.apply(JFunction0$mcV$sp.java:12)
[info]   at org.scalatest.OutcomeOf.outcomeOf(OutcomeOf.scala:85)
[info]   at org.scalatest.OutcomeOf.outcomeOf$(OutcomeOf.scala:83)
[info]   at org.scalatest.OutcomeOf$.outcomeOf(OutcomeOf.scala:104)
[info]   at org.scalatest.Transformer.apply(Transformer.scala:22)
[info]   at org.scalatest.Transformer.apply(Transformer.scala:20)
[info]   at org.scalatest.FunSuiteLike$$anon$1.apply(FunSuiteLike.scala:186)
[info]   ...
[info] - testing all/issues/silver/0177-3.vpr *** FAILED ***
[info]   java.lang.RuntimeException: Error occurred during translating: List(Parse error: Expected found "define nonlhs() 3\n\nm", expected Fail | preambleImport | fieldDecl | predicateDecl | methodDecl | Fail | End at index 109
[info] define nonlhs() 3
[info] ^ (0177-3.vpr@4.1))
[info]   at scala.sys.package$.error(package.scala:26)
[info]   at FullSilverTests.parse(FullSilverTests.scala:77)
[info]   at FullSilverTests.$anonfun$testAFile$2(FullSilverTests.scala:46)
[info]   at scala.runtime.java8.JFunction0$mcV$sp.apply(JFunction0$mcV$sp.java:12)
[info]   at org.scalatest.OutcomeOf.outcomeOf(OutcomeOf.scala:85)
[info]   at org.scalatest.OutcomeOf.outcomeOf$(OutcomeOf.scala:83)
[info]   at org.scalatest.OutcomeOf$.outcomeOf(OutcomeOf.scala:104)
[info]   at org.scalatest.Transformer.apply(Transformer.scala:22)
[info]   at org.scalatest.Transformer.apply(Transformer.scala:20)
[info]   at org.scalatest.FunSuiteLike$$anon$1.apply(FunSuiteLike.scala:186)
[info]   ...
[info] - testing all/issues/silver/0178-1.vpr *** FAILED ***
[info]   java.lang.RuntimeException: Error occurred during translating: List(Parse error: Expected found "domain Pointers {\n  ", expected Fail | preambleImport | fieldDecl | predicateDecl | methodDecl | Fail | End at index 109
[info] domain Pointers {
[info] ^ (0178-1.vpr@4.1))
[info]   at scala.sys.package$.error(package.scala:26)
[info]   at FullSilverTests.parse(FullSilverTests.scala:77)
[info]   at FullSilverTests.$anonfun$testAFile$2(FullSilverTests.scala:46)
[info]   at scala.runtime.java8.JFunction0$mcV$sp.apply(JFunction0$mcV$sp.java:12)
[info]   at org.scalatest.OutcomeOf.outcomeOf(OutcomeOf.scala:85)
[info]   at org.scalatest.OutcomeOf.outcomeOf$(OutcomeOf.scala:83)
[info]   at org.scalatest.OutcomeOf$.outcomeOf(OutcomeOf.scala:104)
[info]   at org.scalatest.Transformer.apply(Transformer.scala:22)
[info]   at org.scalatest.Transformer.apply(Transformer.scala:20)
[info]   at org.scalatest.FunSuiteLike$$anon$1.apply(FunSuiteLike.scala:186)
[info]   ...
[info] - testing all/issues/silver/0178-2.vpr *** FAILED ***
[info]   java.lang.RuntimeException: Error occurred during translating: List(Parse error: Expected found "domain Pointers {\n  ", expected Fail | preambleImport | fieldDecl | predicateDecl | methodDecl | Fail | End at index 109
[info] domain Pointers {
[info] ^ (0178-2.vpr@4.1))
[info]   at scala.sys.package$.error(package.scala:26)
[info]   at FullSilverTests.parse(FullSilverTests.scala:77)
[info]   at FullSilverTests.$anonfun$testAFile$2(FullSilverTests.scala:46)
[info]   at scala.runtime.java8.JFunction0$mcV$sp.apply(JFunction0$mcV$sp.java:12)
[info]   at org.scalatest.OutcomeOf.outcomeOf(OutcomeOf.scala:85)
[info]   at org.scalatest.OutcomeOf.outcomeOf$(OutcomeOf.scala:83)
[info]   at org.scalatest.OutcomeOf$.outcomeOf(OutcomeOf.scala:104)
[info]   at org.scalatest.Transformer.apply(Transformer.scala:22)
[info]   at org.scalatest.Transformer.apply(Transformer.scala:20)
[info]   at org.scalatest.FunSuiteLike$$anon$1.apply(FunSuiteLike.scala:186)
[info]   ...
[info] - testing all/issues/silver/0178-3.vpr *** FAILED ***
[info]   java.lang.RuntimeException: Error occurred during translating: List(Parse error: Expected found "domain Pointers {\n  ", expected Fail | preambleImport | fieldDecl | predicateDecl | methodDecl | Fail | End at index 109
[info] domain Pointers {
[info] ^ (0178-3.vpr@4.1))
[info]   at scala.sys.package$.error(package.scala:26)
[info]   at FullSilverTests.parse(FullSilverTests.scala:77)
[info]   at FullSilverTests.$anonfun$testAFile$2(FullSilverTests.scala:46)
[info]   at scala.runtime.java8.JFunction0$mcV$sp.apply(JFunction0$mcV$sp.java:12)
[info]   at org.scalatest.OutcomeOf.outcomeOf(OutcomeOf.scala:85)
[info]   at org.scalatest.OutcomeOf.outcomeOf$(OutcomeOf.scala:83)
[info]   at org.scalatest.OutcomeOf$.outcomeOf(OutcomeOf.scala:104)
[info]   at org.scalatest.Transformer.apply(Transformer.scala:22)
[info]   at org.scalatest.Transformer.apply(Transformer.scala:20)
[info]   at org.scalatest.FunSuiteLike$$anon$1.apply(FunSuiteLike.scala:186)
[info]   ...
[info] - testing all/issues/silver/0179.vpr *** FAILED ***
[info]   java.lang.RuntimeException: Error occurred during translating: List(Parse error: Expected found "domain IntPointer {\n", expected Fail | preambleImport | fieldDecl | predicateDecl | methodDecl | Fail | End at index 109
[info] domain IntPointer {
[info] ^ (0179.vpr@4.1))
[info]   at scala.sys.package$.error(package.scala:26)
[info]   at FullSilverTests.parse(FullSilverTests.scala:77)
[info]   at FullSilverTests.$anonfun$testAFile$2(FullSilverTests.scala:46)
[info]   at scala.runtime.java8.JFunction0$mcV$sp.apply(JFunction0$mcV$sp.java:12)
[info]   at org.scalatest.OutcomeOf.outcomeOf(OutcomeOf.scala:85)
[info]   at org.scalatest.OutcomeOf.outcomeOf$(OutcomeOf.scala:83)
[info]   at org.scalatest.OutcomeOf$.outcomeOf(OutcomeOf.scala:104)
[info]   at org.scalatest.Transformer.apply(Transformer.scala:22)
[info]   at org.scalatest.Transformer.apply(Transformer.scala:20)
[info]   at org.scalatest.FunSuiteLike$$anon$1.apply(FunSuiteLike.scala:186)
[info]   ...
[info] - testing all/issues/silver/0180.vpr
[info] - testing all/issues/silver/0183-1.vpr *** FAILED ***
[info]   java.lang.RuntimeException: Error occurred during translating: List(Parse error: Expected found ". // misplaced dot\n ", expected Fail | methodCall | fieldassign | localassign | fold | unfold | assertP | ifthnels | whle | varDecl | starredNewstmt | regularNewstmt | block | Fail | "}" at index 183
[info]     . // misplaced dot
[info]     ^ (0183-1.vpr@9.5))
[info]   at scala.sys.package$.error(package.scala:26)
[info]   at FullSilverTests.parse(FullSilverTests.scala:77)
[info]   at FullSilverTests.$anonfun$testAFile$2(FullSilverTests.scala:46)
[info]   at scala.runtime.java8.JFunction0$mcV$sp.apply(JFunction0$mcV$sp.java:12)
[info]   at org.scalatest.OutcomeOf.outcomeOf(OutcomeOf.scala:85)
[info]   at org.scalatest.OutcomeOf.outcomeOf$(OutcomeOf.scala:83)
[info]   at org.scalatest.OutcomeOf$.outcomeOf(OutcomeOf.scala:104)
[info]   at org.scalatest.Transformer.apply(Transformer.scala:22)
[info]   at org.scalatest.Transformer.apply(Transformer.scala:20)
[info]   at org.scalatest.FunSuiteLike$$anon$1.apply(FunSuiteLike.scala:186)
[info]   ...
[info] - testing all/issues/silver/0183-2.vpr *** FAILED ***
[info]   java.lang.RuntimeException: Error occurred during translating: List(Parse error: Expected found "{\r\n  this != end ==>", expected Fail | preambleImport | fieldDecl | predicateDecl | methodDecl | Fail | End at index 372
[info] {
[info] ^ (0183-2.vpr@14.1))
[info]   at scala.sys.package$.error(package.scala:26)
[info]   at FullSilverTests.parse(FullSilverTests.scala:77)
[info]   at FullSilverTests.$anonfun$testAFile$2(FullSilverTests.scala:46)
[info]   at scala.runtime.java8.JFunction0$mcV$sp.apply(JFunction0$mcV$sp.java:12)
[info]   at org.scalatest.OutcomeOf.outcomeOf(OutcomeOf.scala:85)
[info]   at org.scalatest.OutcomeOf.outcomeOf$(OutcomeOf.scala:83)
[info]   at org.scalatest.OutcomeOf$.outcomeOf(OutcomeOf.scala:104)
[info]   at org.scalatest.Transformer.apply(Transformer.scala:22)
[info]   at org.scalatest.Transformer.apply(Transformer.scala:20)
[info]   at org.scalatest.FunSuiteLike$$anon$1.apply(FunSuiteLike.scala:186)
[info]   ...
[info] - testing all/issues/silver/0192.vpr
[info] - testing all/issues/silver/0193.vpr *** FAILED ***
[info]   java.lang.RuntimeException: Error occurred during translating: List(Parse error: Expected found "domain MyDomain {\r\n ", expected Fail | preambleImport | fieldDecl | predicateDecl | methodDecl | Fail | End at index 109
[info] domain MyDomain {
[info] ^ (0193.vpr@4.1))
[info]   at scala.sys.package$.error(package.scala:26)
[info]   at FullSilverTests.parse(FullSilverTests.scala:77)
[info]   at FullSilverTests.$anonfun$testAFile$2(FullSilverTests.scala:46)
[info]   at scala.runtime.java8.JFunction0$mcV$sp.apply(JFunction0$mcV$sp.java:12)
[info]   at org.scalatest.OutcomeOf.outcomeOf(OutcomeOf.scala:85)
[info]   at org.scalatest.OutcomeOf.outcomeOf$(OutcomeOf.scala:83)
[info]   at org.scalatest.OutcomeOf$.outcomeOf(OutcomeOf.scala:104)
[info]   at org.scalatest.Transformer.apply(Transformer.scala:22)
[info]   at org.scalatest.Transformer.apply(Transformer.scala:20)
[info]   at org.scalatest.FunSuiteLike$$anon$1.apply(FunSuiteLike.scala:186)
[info]   ...
[info] - testing all/issues/silver/0198.vpr *** FAILED ***
[info]   java.lang.RuntimeException: Error occurred during translating: List(Parse error: Expected found "domain Array {\r\n  fu", expected Fail | preambleImport | fieldDecl | predicateDecl | methodDecl | Fail | End at index 111
[info] domain Array {
[info] ^ (0198.vpr@5.1))
[info]   at scala.sys.package$.error(package.scala:26)
[info]   at FullSilverTests.parse(FullSilverTests.scala:77)
[info]   at FullSilverTests.$anonfun$testAFile$2(FullSilverTests.scala:46)
[info]   at scala.runtime.java8.JFunction0$mcV$sp.apply(JFunction0$mcV$sp.java:12)
[info]   at org.scalatest.OutcomeOf.outcomeOf(OutcomeOf.scala:85)
[info]   at org.scalatest.OutcomeOf.outcomeOf$(OutcomeOf.scala:83)
[info]   at org.scalatest.OutcomeOf$.outcomeOf(OutcomeOf.scala:104)
[info]   at org.scalatest.Transformer.apply(Transformer.scala:22)
[info]   at org.scalatest.Transformer.apply(Transformer.scala:20)
[info]   at org.scalatest.FunSuiteLike$$anon$1.apply(FunSuiteLike.scala:186)
[info]   ...
[info] - testing all/issues/silver/0202.vpr *** FAILED ***
[info]   java.lang.RuntimeException: Error occurred during translating: List(Parse error: Expected found "(forall i: Int :: {i", expected predicateInstance | strInteger.filter(viper.silver.parser.FastParser$$$Lambda$517/0x0000000800542840@578f6550) | booltrue | boolfalse | nul | old | result | unExp | fapp | typedFapp | "(" ~ exp ~ ")" | accessPred | unfolding | applying | idnuse | Fail at index 175
[info]   assert (forall i: Int :: {i
[info]          ^ (0202.vpr@7.10))
[info]   at scala.sys.package$.error(package.scala:26)
[info]   at FullSilverTests.parse(FullSilverTests.scala:77)
[info]   at FullSilverTests.$anonfun$testAFile$2(FullSilverTests.scala:46)
[info]   at scala.runtime.java8.JFunction0$mcV$sp.apply(JFunction0$mcV$sp.java:12)
[info]   at org.scalatest.OutcomeOf.outcomeOf(OutcomeOf.scala:85)
[info]   at org.scalatest.OutcomeOf.outcomeOf$(OutcomeOf.scala:83)
[info]   at org.scalatest.OutcomeOf$.outcomeOf(OutcomeOf.scala:104)
[info]   at org.scalatest.Transformer.apply(Transformer.scala:22)
[info]   at org.scalatest.Transformer.apply(Transformer.scala:20)
[info]   at org.scalatest.FunSuiteLike$$anon$1.apply(FunSuiteLike.scala:186)
[info]   ...
[info] - testing all/issues/silver/0205.vpr *** FAILED ***
[info]   java.lang.RuntimeException: Error occurred during translating: List(Parse error: Expected found "define D1() ( true )", expected Fail | preambleImport | fieldDecl | predicateDecl | methodDecl | Fail | End at index 109
[info] define D1() ( true )
[info] ^ (0205.vpr@4.1))
[info]   at scala.sys.package$.error(package.scala:26)
[info]   at FullSilverTests.parse(FullSilverTests.scala:77)
[info]   at FullSilverTests.$anonfun$testAFile$2(FullSilverTests.scala:46)
[info]   at scala.runtime.java8.JFunction0$mcV$sp.apply(JFunction0$mcV$sp.java:12)
[info]   at org.scalatest.OutcomeOf.outcomeOf(OutcomeOf.scala:85)
[info]   at org.scalatest.OutcomeOf.outcomeOf$(OutcomeOf.scala:83)
[info]   at org.scalatest.OutcomeOf$.outcomeOf(OutcomeOf.scala:104)
[info]   at org.scalatest.Transformer.apply(Transformer.scala:22)
[info]   at org.scalatest.Transformer.apply(Transformer.scala:20)
[info]   at org.scalatest.FunSuiteLike$$anon$1.apply(FunSuiteLike.scala:186)
[info]   ...
[info] - testing all/issues/silver/0207.vpr *** FAILED ***
[info]   java.lang.RuntimeException: Error occurred during translating: List(Parse error: Expected found "domain Foo {\r\n  func", expected Fail | preambleImport | fieldDecl | predicateDecl | methodDecl | Fail | End at index 109
[info] domain Foo {
[info] ^ (0207.vpr@4.1))
[info]   at scala.sys.package$.error(package.scala:26)
[info]   at FullSilverTests.parse(FullSilverTests.scala:77)
[info]   at FullSilverTests.$anonfun$testAFile$2(FullSilverTests.scala:46)
[info]   at scala.runtime.java8.JFunction0$mcV$sp.apply(JFunction0$mcV$sp.java:12)
[info]   at org.scalatest.OutcomeOf.outcomeOf(OutcomeOf.scala:85)
[info]   at org.scalatest.OutcomeOf.outcomeOf$(OutcomeOf.scala:83)
[info]   at org.scalatest.OutcomeOf$.outcomeOf(OutcomeOf.scala:104)
[info]   at org.scalatest.Transformer.apply(Transformer.scala:22)
[info]   at org.scalatest.Transformer.apply(Transformer.scala:20)
[info]   at org.scalatest.FunSuiteLike$$anon$1.apply(FunSuiteLike.scala:186)
[info]   ...
[info] - testing all/issues/silver/0208.vpr *** FAILED ***
[info]   java.lang.RuntimeException: Error occurred during translating: List(Parse error: Expected found "define inRangeUpTo(i", expected Fail | preambleImport | fieldDecl | predicateDecl | methodDecl | Fail | End at index 109
[info] define inRangeUpTo(i
[info] ^ (0208.vpr@4.1))
[info]   at scala.sys.package$.error(package.scala:26)
[info]   at FullSilverTests.parse(FullSilverTests.scala:77)
[info]   at FullSilverTests.$anonfun$testAFile$2(FullSilverTests.scala:46)
[info]   at scala.runtime.java8.JFunction0$mcV$sp.apply(JFunction0$mcV$sp.java:12)
[info]   at org.scalatest.OutcomeOf.outcomeOf(OutcomeOf.scala:85)
[info]   at org.scalatest.OutcomeOf.outcomeOf$(OutcomeOf.scala:83)
[info]   at org.scalatest.OutcomeOf$.outcomeOf(OutcomeOf.scala:104)
[info]   at org.scalatest.Transformer.apply(Transformer.scala:22)
[info]   at org.scalatest.Transformer.apply(Transformer.scala:20)
[info]   at org.scalatest.FunSuiteLike$$anon$1.apply(FunSuiteLike.scala:186)
[info]   ...
[info] - testing all/issues/silver/0209.vpr *** FAILED ***
[info]   java.lang.RuntimeException: Error occurred during translating: List(Parse error: Expected found "domain Qux {\r\n  func", expected Fail | preambleImport | fieldDecl | predicateDecl | methodDecl | Fail | End at index 109
[info] domain Qux {
[info] ^ (0209.vpr@4.1))
[info]   at scala.sys.package$.error(package.scala:26)
[info]   at FullSilverTests.parse(FullSilverTests.scala:77)
[info]   at FullSilverTests.$anonfun$testAFile$2(FullSilverTests.scala:46)
[info]   at scala.runtime.java8.JFunction0$mcV$sp.apply(JFunction0$mcV$sp.java:12)
[info]   at org.scalatest.OutcomeOf.outcomeOf(OutcomeOf.scala:85)
[info]   at org.scalatest.OutcomeOf.outcomeOf$(OutcomeOf.scala:83)
[info]   at org.scalatest.OutcomeOf$.outcomeOf(OutcomeOf.scala:104)
[info]   at org.scalatest.Transformer.apply(Transformer.scala:22)
[info]   at org.scalatest.Transformer.apply(Transformer.scala:20)
[info]   at org.scalatest.FunSuiteLike$$anon$1.apply(FunSuiteLike.scala:186)
[info]   ...
[info] - testing all/issues/silver/0210.vpr *** FAILED ***
[info]   java.lang.RuntimeException: Error occurred during translating: List(Parse error: Expected found "domain D {\n  functio", expected Fail | preambleImport | fieldDecl | predicateDecl | methodDecl | Fail | End at index 109
[info] domain D {
[info] ^ (0210.vpr@4.1))
[info]   at scala.sys.package$.error(package.scala:26)
[info]   at FullSilverTests.parse(FullSilverTests.scala:77)
[info]   at FullSilverTests.$anonfun$testAFile$2(FullSilverTests.scala:46)
[info]   at scala.runtime.java8.JFunction0$mcV$sp.apply(JFunction0$mcV$sp.java:12)
[info]   at org.scalatest.OutcomeOf.outcomeOf(OutcomeOf.scala:85)
[info]   at org.scalatest.OutcomeOf.outcomeOf$(OutcomeOf.scala:83)
[info]   at org.scalatest.OutcomeOf$.outcomeOf(OutcomeOf.scala:104)
[info]   at org.scalatest.Transformer.apply(Transformer.scala:22)
[info]   at org.scalatest.Transformer.apply(Transformer.scala:20)
[info]   at org.scalatest.FunSuiteLike$$anon$1.apply(FunSuiteLike.scala:186)
[info]   ...
[info] - testing all/issues/silver/0212.vpr *** FAILED ***
[info]   java.lang.RuntimeException: Error occurred during translating: List(Parse error: Expected found "Seq[Int] \r\n\r\n    var", expected invalid identifier (could be a keyword) | "Rational" ~ !(CharIn("0123456789ABCDEFGHIJKLMNOPQRSTUVWXYZabcdefghijklmnopqrstuvwxyz$_")) | StringIn("Int", "Bool", "Perm", "Ref") ~ !(CharIn("0123456789ABCDEFGHIJKLMNOPQRSTUVWXYZabcdefghijklmnopqrstuvwxyz$_")) at index 137
[info]     var seq: Seq[Int]
[info]              ^ (0212.vpr@6.14))
[info]   at scala.sys.package$.error(package.scala:26)
[info]   at FullSilverTests.parse(FullSilverTests.scala:77)
[info]   at FullSilverTests.$anonfun$testAFile$2(FullSilverTests.scala:46)
[info]   at scala.runtime.java8.JFunction0$mcV$sp.apply(JFunction0$mcV$sp.java:12)
[info]   at org.scalatest.OutcomeOf.outcomeOf(OutcomeOf.scala:85)
[info]   at org.scalatest.OutcomeOf.outcomeOf$(OutcomeOf.scala:83)
[info]   at org.scalatest.OutcomeOf$.outcomeOf(OutcomeOf.scala:104)
[info]   at org.scalatest.Transformer.apply(Transformer.scala:22)
[info]   at org.scalatest.Transformer.apply(Transformer.scala:20)
[info]   at org.scalatest.FunSuiteLike$$anon$1.apply(FunSuiteLike.scala:186)
[info]   ...
[info] - testing all/issues/silver/0213a.vpr *** FAILED ***
[info]   java.lang.RuntimeException: Error occurred during translating: List(Parse error: Expected found "define foo(x)\r\n    a", expected Fail | preambleImport | fieldDecl | predicateDecl | methodDecl | Fail | End at index 256
[info] define foo(x)
[info] ^ (0213a.vpr@11.1))
[info]   at scala.sys.package$.error(package.scala:26)
[info]   at FullSilverTests.parse(FullSilverTests.scala:77)
[info]   at FullSilverTests.$anonfun$testAFile$2(FullSilverTests.scala:46)
[info]   at scala.runtime.java8.JFunction0$mcV$sp.apply(JFunction0$mcV$sp.java:12)
[info]   at org.scalatest.OutcomeOf.outcomeOf(OutcomeOf.scala:85)
[info]   at org.scalatest.OutcomeOf.outcomeOf$(OutcomeOf.scala:83)
[info]   at org.scalatest.OutcomeOf$.outcomeOf(OutcomeOf.scala:104)
[info]   at org.scalatest.Transformer.apply(Transformer.scala:22)
[info]   at org.scalatest.Transformer.apply(Transformer.scala:20)
[info]   at org.scalatest.FunSuiteLike$$anon$1.apply(FunSuiteLike.scala:186)
[info]   ...
[info] - testing all/issues/silver/0213b.vpr *** FAILED ***
[info]   java.lang.RuntimeException: Error occurred during translating: List(Parse error: Expected found "define P() PP()\r\n\r\nm", expected Fail | preambleImport | fieldDecl | predicateDecl | methodDecl | Fail | End at index 125
[info] define P() PP()
[info] ^ (0213b.vpr@5.1))
[info]   at scala.sys.package$.error(package.scala:26)
[info]   at FullSilverTests.parse(FullSilverTests.scala:77)
[info]   at FullSilverTests.$anonfun$testAFile$2(FullSilverTests.scala:46)
[info]   at scala.runtime.java8.JFunction0$mcV$sp.apply(JFunction0$mcV$sp.java:12)
[info]   at org.scalatest.OutcomeOf.outcomeOf(OutcomeOf.scala:85)
[info]   at org.scalatest.OutcomeOf.outcomeOf$(OutcomeOf.scala:83)
[info]   at org.scalatest.OutcomeOf$.outcomeOf(OutcomeOf.scala:104)
[info]   at org.scalatest.Transformer.apply(Transformer.scala:22)
[info]   at org.scalatest.Transformer.apply(Transformer.scala:20)
[info]   at org.scalatest.FunSuiteLike$$anon$1.apply(FunSuiteLike.scala:186)
[info]   ...
[info] - testing all/issues/silver/0213c.vpr *** FAILED ***
[info]   java.lang.RuntimeException: Error occurred during translating: List(Parse error: Expected found "define Q() true\r\ndef", expected Fail | preambleImport | fieldDecl | predicateDecl | methodDecl | Fail | End at index 109
[info] define Q() true
[info] ^ (0213c.vpr@4.1))
[info]   at scala.sys.package$.error(package.scala:26)
[info]   at FullSilverTests.parse(FullSilverTests.scala:77)
[info]   at FullSilverTests.$anonfun$testAFile$2(FullSilverTests.scala:46)
[info]   at scala.runtime.java8.JFunction0$mcV$sp.apply(JFunction0$mcV$sp.java:12)
[info]   at org.scalatest.OutcomeOf.outcomeOf(OutcomeOf.scala:85)
[info]   at org.scalatest.OutcomeOf.outcomeOf$(OutcomeOf.scala:83)
[info]   at org.scalatest.OutcomeOf$.outcomeOf(OutcomeOf.scala:104)
[info]   at org.scalatest.Transformer.apply(Transformer.scala:22)
[info]   at org.scalatest.Transformer.apply(Transformer.scala:20)
[info]   at org.scalatest.FunSuiteLike$$anon$1.apply(FunSuiteLike.scala:186)
[info]   ...
[info] - testing all/issues/silver/0214.vpr *** FAILED ***
[info]   java.lang.RuntimeException: Error occurred during translating: List(Parse error: Expected found "domain Array {\n  fun", expected Fail | preambleImport | fieldDecl | predicateDecl | methodDecl | Fail | End at index 109
[info] domain Array {
[info] ^ (0214.vpr@4.1))
[info]   at scala.sys.package$.error(package.scala:26)
[info]   at FullSilverTests.parse(FullSilverTests.scala:77)
[info]   at FullSilverTests.$anonfun$testAFile$2(FullSilverTests.scala:46)
[info]   at scala.runtime.java8.JFunction0$mcV$sp.apply(JFunction0$mcV$sp.java:12)
[info]   at org.scalatest.OutcomeOf.outcomeOf(OutcomeOf.scala:85)
[info]   at org.scalatest.OutcomeOf.outcomeOf$(OutcomeOf.scala:83)
[info]   at org.scalatest.OutcomeOf$.outcomeOf(OutcomeOf.scala:104)
[info]   at org.scalatest.Transformer.apply(Transformer.scala:22)
[info]   at org.scalatest.Transformer.apply(Transformer.scala:20)
[info]   at org.scalatest.FunSuiteLike$$anon$1.apply(FunSuiteLike.scala:186)
[info]   ...
[info] - testing all/issues/silver/0217.vpr *** FAILED ***
[info]   java.lang.RuntimeException: Error occurred during translating: List(Parse error: Expected found "define P(x) x\r\n\r\nmet", expected Fail | preambleImport | fieldDecl | predicateDecl | methodDecl | Fail | End at index 109
[info] define P(x) x
[info] ^ (0217.vpr@4.1))
[info]   at scala.sys.package$.error(package.scala:26)
[info]   at FullSilverTests.parse(FullSilverTests.scala:77)
[info]   at FullSilverTests.$anonfun$testAFile$2(FullSilverTests.scala:46)
[info]   at scala.runtime.java8.JFunction0$mcV$sp.apply(JFunction0$mcV$sp.java:12)
[info]   at org.scalatest.OutcomeOf.outcomeOf(OutcomeOf.scala:85)
[info]   at org.scalatest.OutcomeOf.outcomeOf$(OutcomeOf.scala:83)
[info]   at org.scalatest.OutcomeOf$.outcomeOf(OutcomeOf.scala:104)
[info]   at org.scalatest.Transformer.apply(Transformer.scala:22)
[info]   at org.scalatest.Transformer.apply(Transformer.scala:20)
[info]   at org.scalatest.FunSuiteLike$$anon$1.apply(FunSuiteLike.scala:186)
[info]   ...
[info] - testing all/issues/silver/0218a.vpr *** FAILED ***
[info]   java.lang.RuntimeException: Error occurred during translating: List(Parse error: Expected found "define Q(x) P(x)\r\n\r\n", expected Fail | preambleImport | fieldDecl | predicateDecl | methodDecl | Fail | End at index 109
[info] define Q(x) P(x)
[info] ^ (0218a.vpr@4.1))
[info]   at scala.sys.package$.error(package.scala:26)
[info]   at FullSilverTests.parse(FullSilverTests.scala:77)
[info]   at FullSilverTests.$anonfun$testAFile$2(FullSilverTests.scala:46)
[info]   at scala.runtime.java8.JFunction0$mcV$sp.apply(JFunction0$mcV$sp.java:12)
[info]   at org.scalatest.OutcomeOf.outcomeOf(OutcomeOf.scala:85)
[info]   at org.scalatest.OutcomeOf.outcomeOf$(OutcomeOf.scala:83)
[info]   at org.scalatest.OutcomeOf$.outcomeOf(OutcomeOf.scala:104)
[info]   at org.scalatest.Transformer.apply(Transformer.scala:22)
[info]   at org.scalatest.Transformer.apply(Transformer.scala:20)
[info]   at org.scalatest.FunSuiteLike$$anon$1.apply(FunSuiteLike.scala:186)
[info]   ...
[info] - testing all/issues/silver/0218b.vpr *** FAILED ***
[info]   java.lang.RuntimeException: Error occurred during translating: List(Parse error: Expected found "define Q P\r\n//:: Exp", expected Fail | preambleImport | fieldDecl | predicateDecl | methodDecl | Fail | End at index 109
[info] define Q P
[info] ^ (0218b.vpr@4.1))
[info]   at scala.sys.package$.error(package.scala:26)
[info]   at FullSilverTests.parse(FullSilverTests.scala:77)
[info]   at FullSilverTests.$anonfun$testAFile$2(FullSilverTests.scala:46)
[info]   at scala.runtime.java8.JFunction0$mcV$sp.apply(JFunction0$mcV$sp.java:12)
[info]   at org.scalatest.OutcomeOf.outcomeOf(OutcomeOf.scala:85)
[info]   at org.scalatest.OutcomeOf.outcomeOf$(OutcomeOf.scala:83)
[info]   at org.scalatest.OutcomeOf$.outcomeOf(OutcomeOf.scala:104)
[info]   at org.scalatest.Transformer.apply(Transformer.scala:22)
[info]   at org.scalatest.Transformer.apply(Transformer.scala:20)
[info]   at org.scalatest.FunSuiteLike$$anon$1.apply(FunSuiteLike.scala:186)
[info]   ...
[info] - testing all/issues/silver/0219.vpr *** FAILED ***
[info]   java.lang.RuntimeException: Error occurred during translating: List(Parse error: Expected found "define checkThis(che", expected Fail | preambleImport | fieldDecl | predicateDecl | methodDecl | Fail | End at index 109
[info] define checkThis(che
[info] ^ (0219.vpr@4.1))
[info]   at scala.sys.package$.error(package.scala:26)
[info]   at FullSilverTests.parse(FullSilverTests.scala:77)
[info]   at FullSilverTests.$anonfun$testAFile$2(FullSilverTests.scala:46)
[info]   at scala.runtime.java8.JFunction0$mcV$sp.apply(JFunction0$mcV$sp.java:12)
[info]   at org.scalatest.OutcomeOf.outcomeOf(OutcomeOf.scala:85)
[info]   at org.scalatest.OutcomeOf.outcomeOf$(OutcomeOf.scala:83)
[info]   at org.scalatest.OutcomeOf$.outcomeOf(OutcomeOf.scala:104)
[info]   at org.scalatest.Transformer.apply(Transformer.scala:22)
[info]   at org.scalatest.Transformer.apply(Transformer.scala:20)
[info]   at org.scalatest.FunSuiteLike$$anon$1.apply(FunSuiteLike.scala:186)
[info]   ...
[info] - testing all/issues/silver/0235-1.vpr *** FAILED ***
[info]   java.lang.RuntimeException: Error occurred during translating: List(Parse error: Expected found ":= 1 0\n}\n\n", expected Fail | methodCall | fieldassign | localassign | fold | unfold | assertP | ifthnels | whle | varDecl | starredNewstmt | regularNewstmt | block | Fail | "}" at index 176
[info]     var x: Int := 1 0
[info]                ^ (0235-1.vpr@7.16))
[info]   at scala.sys.package$.error(package.scala:26)
[info]   at FullSilverTests.parse(FullSilverTests.scala:77)
[info]   at FullSilverTests.$anonfun$testAFile$2(FullSilverTests.scala:46)
[info]   at scala.runtime.java8.JFunction0$mcV$sp.apply(JFunction0$mcV$sp.java:12)
[info]   at org.scalatest.OutcomeOf.outcomeOf(OutcomeOf.scala:85)
[info]   at org.scalatest.OutcomeOf.outcomeOf$(OutcomeOf.scala:83)
[info]   at org.scalatest.OutcomeOf$.outcomeOf(OutcomeOf.scala:104)
[info]   at org.scalatest.Transformer.apply(Transformer.scala:22)
[info]   at org.scalatest.Transformer.apply(Transformer.scala:20)
[info]   at org.scalatest.FunSuiteLike$$anon$1.apply(FunSuiteLike.scala:186)
[info]   ...
[info] - testing all/issues/silver/0235-2.vpr *** FAILED ***
[info]   java.lang.RuntimeException: Error occurred during translating: List(Parse error: Expected found ":= 1    0\n}\n", expected Fail | methodCall | fieldassign | localassign | fold | unfold | assertP | ifthnels | whle | varDecl | starredNewstmt | regularNewstmt | block | Fail | "}" at index 176
[info]     var x: Int := 1    0
[info]                ^ (0235-2.vpr@7.16))
[info]   at scala.sys.package$.error(package.scala:26)
[info]   at FullSilverTests.parse(FullSilverTests.scala:77)
[info]   at FullSilverTests.$anonfun$testAFile$2(FullSilverTests.scala:46)
[info]   at scala.runtime.java8.JFunction0$mcV$sp.apply(JFunction0$mcV$sp.java:12)
[info]   at org.scalatest.OutcomeOf.outcomeOf(OutcomeOf.scala:85)
[info]   at org.scalatest.OutcomeOf.outcomeOf$(OutcomeOf.scala:83)
[info]   at org.scalatest.OutcomeOf$.outcomeOf(OutcomeOf.scala:104)
[info]   at org.scalatest.Transformer.apply(Transformer.scala:22)
[info]   at org.scalatest.Transformer.apply(Transformer.scala:20)
[info]   at org.scalatest.FunSuiteLike$$anon$1.apply(FunSuiteLike.scala:186)
[info]   ...
[info] - testing all/issues/silver/0235-3.vpr
[info] - testing all/issues/silver/0239-1.vpr *** FAILED ***
[info]   java.lang.RuntimeException: Error occurred during translating: List(Parse error: Expected found "define index(j) (0 <", expected Fail | preambleImport | fieldDecl | predicateDecl | methodDecl | Fail | End at index 109
[info] define index(j) (0 <
[info] ^ (0239-1.vpr@4.1))
[info]   at scala.sys.package$.error(package.scala:26)
[info]   at FullSilverTests.parse(FullSilverTests.scala:77)
[info]   at FullSilverTests.$anonfun$testAFile$2(FullSilverTests.scala:46)
[info]   at scala.runtime.java8.JFunction0$mcV$sp.apply(JFunction0$mcV$sp.java:12)
[info]   at org.scalatest.OutcomeOf.outcomeOf(OutcomeOf.scala:85)
[info]   at org.scalatest.OutcomeOf.outcomeOf$(OutcomeOf.scala:83)
[info]   at org.scalatest.OutcomeOf$.outcomeOf(OutcomeOf.scala:104)
[info]   at org.scalatest.Transformer.apply(Transformer.scala:22)
[info]   at org.scalatest.Transformer.apply(Transformer.scala:20)
[info]   at org.scalatest.FunSuiteLike$$anon$1.apply(FunSuiteLike.scala:186)
[info]   ...
[info] - testing all/issues/silver/0239-2.vpr *** FAILED ***
[info]   java.lang.RuntimeException: Error occurred during translating: List(Parse error: Expected found "define index(i) (0 <", expected Fail | preambleImport | fieldDecl | predicateDecl | methodDecl | Fail | End at index 109
[info] define index(i) (0 <
[info] ^ (0239-2.vpr@4.1))
[info]   at scala.sys.package$.error(package.scala:26)
[info]   at FullSilverTests.parse(FullSilverTests.scala:77)
[info]   at FullSilverTests.$anonfun$testAFile$2(FullSilverTests.scala:46)
[info]   at scala.runtime.java8.JFunction0$mcV$sp.apply(JFunction0$mcV$sp.java:12)
[info]   at org.scalatest.OutcomeOf.outcomeOf(OutcomeOf.scala:85)
[info]   at org.scalatest.OutcomeOf.outcomeOf$(OutcomeOf.scala:83)
[info]   at org.scalatest.OutcomeOf$.outcomeOf(OutcomeOf.scala:104)
[info]   at org.scalatest.Transformer.apply(Transformer.scala:22)
[info]   at org.scalatest.Transformer.apply(Transformer.scala:20)
[info]   at org.scalatest.FunSuiteLike$$anon$1.apply(FunSuiteLike.scala:186)
[info]   ...
[info] - testing all/issues/silver/0239-3.vpr *** FAILED ***
[info]   java.lang.RuntimeException: Error occurred during translating: List(Parse error: Expected found "define validIndex(a,", expected Fail | preambleImport | fieldDecl | predicateDecl | methodDecl | Fail | End at index 128
[info] define validIndex(a,
[info] ^ (0239-3.vpr@6.1))
[info]   at scala.sys.package$.error(package.scala:26)
[info]   at FullSilverTests.parse(FullSilverTests.scala:77)
[info]   at FullSilverTests.$anonfun$testAFile$2(FullSilverTests.scala:46)
[info]   at scala.runtime.java8.JFunction0$mcV$sp.apply(JFunction0$mcV$sp.java:12)
[info]   at org.scalatest.OutcomeOf.outcomeOf(OutcomeOf.scala:85)
[info]   at org.scalatest.OutcomeOf.outcomeOf$(OutcomeOf.scala:83)
[info]   at org.scalatest.OutcomeOf$.outcomeOf(OutcomeOf.scala:104)
[info]   at org.scalatest.Transformer.apply(Transformer.scala:22)
[info]   at org.scalatest.Transformer.apply(Transformer.scala:20)
[info]   at org.scalatest.FunSuiteLike$$anon$1.apply(FunSuiteLike.scala:186)
[info]   ...
[info] - testing all/issues/silver/0247.vpr *** FAILED ***
[info]   java.lang.RuntimeException: Error occurred during translating: List(expected a field as argument (0247.vpr@5.3), expected a field as argument (0247.vpr@8.3))
[info]   at scala.sys.package$.error(package.scala:26)
[info]   at FullSilverTests.parse(FullSilverTests.scala:77)
[info]   at FullSilverTests.$anonfun$testAFile$2(FullSilverTests.scala:46)
[info]   at scala.runtime.java8.JFunction0$mcV$sp.apply(JFunction0$mcV$sp.java:12)
[info]   at org.scalatest.OutcomeOf.outcomeOf(OutcomeOf.scala:85)
[info]   at org.scalatest.OutcomeOf.outcomeOf$(OutcomeOf.scala:83)
[info]   at org.scalatest.OutcomeOf$.outcomeOf(OutcomeOf.scala:104)
[info]   at org.scalatest.Transformer.apply(Transformer.scala:22)
[info]   at org.scalatest.Transformer.apply(Transformer.scala:20)
[info]   at org.scalatest.FunSuiteLike$$anon$1.apply(FunSuiteLike.scala:186)
[info]   ...
[info] - testing all/issues/silver/0258.vpr
[info] - testing all/issues/silver/0266-1.vpr *** FAILED ***
[info]   java.lang.RuntimeException: Error occurred during translating: List(Parse error: file "C:\Users\jacob\Desktop\REUSE\silver-gv\target\scala-2.12\test-classes\all\issues\silver\doesnotexist.vpr" does not exist (0266-2.vpr@6.1))
[info]   at scala.sys.package$.error(package.scala:26)
[info]   at FullSilverTests.parse(FullSilverTests.scala:77)
[info]   at FullSilverTests.$anonfun$testAFile$2(FullSilverTests.scala:46)
[info]   at scala.runtime.java8.JFunction0$mcV$sp.apply(JFunction0$mcV$sp.java:12)
[info]   at org.scalatest.OutcomeOf.outcomeOf(OutcomeOf.scala:85)
[info]   at org.scalatest.OutcomeOf.outcomeOf$(OutcomeOf.scala:83)
[info]   at org.scalatest.OutcomeOf$.outcomeOf(OutcomeOf.scala:104)
[info]   at org.scalatest.Transformer.apply(Transformer.scala:22)
[info]   at org.scalatest.Transformer.apply(Transformer.scala:20)
[info]   at org.scalatest.FunSuiteLike$$anon$1.apply(FunSuiteLike.scala:186)
[info]   ...
[info] - testing all/issues/silver/0266-2.vpr *** FAILED ***
[info]   java.lang.RuntimeException: Error occurred during translating: List(Parse error: file "C:\Users\jacob\Desktop\REUSE\silver-gv\target\scala-2.12\test-classes\all\issues\silver\doesnotexist.vpr" does not exist (0266-2.vpr@6.8))
[info]   at scala.sys.package$.error(package.scala:26)
[info]   at FullSilverTests.parse(FullSilverTests.scala:77)
[info]   at FullSilverTests.$anonfun$testAFile$2(FullSilverTests.scala:46)
[info]   at scala.runtime.java8.JFunction0$mcV$sp.apply(JFunction0$mcV$sp.java:12)
[info]   at org.scalatest.OutcomeOf.outcomeOf(OutcomeOf.scala:85)
[info]   at org.scalatest.OutcomeOf.outcomeOf$(OutcomeOf.scala:83)
[info]   at org.scalatest.OutcomeOf$.outcomeOf(OutcomeOf.scala:104)
[info]   at org.scalatest.Transformer.apply(Transformer.scala:22)
[info]   at org.scalatest.Transformer.apply(Transformer.scala:20)
[info]   at org.scalatest.FunSuiteLike$$anon$1.apply(FunSuiteLike.scala:186)
[info]   ...
[info] - testing all/issues/silver/0271-1.vpr *** FAILED ***
[info]   java.lang.RuntimeException: Error occurred during translating: List(Parse error: Expected found ":= - 1 // No whitesp", expected Fail | methodCall | fieldassign | localassign | fold | unfold | assertP | ifthnels | whle | varDecl | starredNewstmt | regularNewstmt | block | Fail | "}" at index 174
[info]   var i: Int := - 1 // No whitesp
[info]              ^ (0271-1.vpr@7.14))
[info]   at scala.sys.package$.error(package.scala:26)
[info]   at FullSilverTests.parse(FullSilverTests.scala:77)
[info]   at FullSilverTests.$anonfun$testAFile$2(FullSilverTests.scala:46)
[info]   at scala.runtime.java8.JFunction0$mcV$sp.apply(JFunction0$mcV$sp.java:12)
[info]   at org.scalatest.OutcomeOf.outcomeOf(OutcomeOf.scala:85)
[info]   at org.scalatest.OutcomeOf.outcomeOf$(OutcomeOf.scala:83)
[info]   at org.scalatest.OutcomeOf$.outcomeOf(OutcomeOf.scala:104)
[info]   at org.scalatest.Transformer.apply(Transformer.scala:22)
[info]   at org.scalatest.Transformer.apply(Transformer.scala:20)
[info]   at org.scalatest.FunSuiteLike$$anon$1.apply(FunSuiteLike.scala:186)
[info]   ...
[info] - testing all/issues/silver/0271-2.vpr *** FAILED ***
[info]   java.lang.RuntimeException: Error occurred during translating: List(Parse error: Expected found ":= ! true // No whit", expected Fail | methodCall | fieldassign | localassign | fold | unfold | assertP | ifthnels | whle | varDecl | starredNewstmt | regularNewstmt | block | Fail | "}" at index 175
[info]   var b: Bool := ! true // No whit
[info]               ^ (0271-2.vpr@7.15))
[info]   at scala.sys.package$.error(package.scala:26)
[info]   at FullSilverTests.parse(FullSilverTests.scala:77)
[info]   at FullSilverTests.$anonfun$testAFile$2(FullSilverTests.scala:46)
[info]   at scala.runtime.java8.JFunction0$mcV$sp.apply(JFunction0$mcV$sp.java:12)
[info]   at org.scalatest.OutcomeOf.outcomeOf(OutcomeOf.scala:85)
[info]   at org.scalatest.OutcomeOf.outcomeOf$(OutcomeOf.scala:83)
[info]   at org.scalatest.OutcomeOf$.outcomeOf(OutcomeOf.scala:104)
[info]   at org.scalatest.Transformer.apply(Transformer.scala:22)
[info]   at org.scalatest.Transformer.apply(Transformer.scala:20)
[info]   at org.scalatest.FunSuiteLike$$anon$1.apply(FunSuiteLike.scala:186)
[info]   ...
[info] - testing all/issues/silver/0274.vpr *** FAILED ***
[info]   java.lang.RuntimeException: Error occurred during translating: List(Parse error: Expected found "assume Tree(x) // sh", expected Fail | methodCall | fieldassign | localassign | fold | unfold | assertP | ifthnels | whle | varDecl | starredNewstmt | regularNewstmt | block | Fail | "}" at index 52
[info]   assume Tree(x) // sh
[info]   ^ (0274.vpr@4.3))
[info]   at scala.sys.package$.error(package.scala:26)
[info]   at FullSilverTests.parse(FullSilverTests.scala:77)
[info]   at FullSilverTests.$anonfun$testAFile$2(FullSilverTests.scala:46)
[info]   at scala.runtime.java8.JFunction0$mcV$sp.apply(JFunction0$mcV$sp.java:12)
[info]   at org.scalatest.OutcomeOf.outcomeOf(OutcomeOf.scala:85)
[info]   at org.scalatest.OutcomeOf.outcomeOf$(OutcomeOf.scala:83)
[info]   at org.scalatest.OutcomeOf$.outcomeOf(OutcomeOf.scala:104)
[info]   at org.scalatest.Transformer.apply(Transformer.scala:22)
[info]   at org.scalatest.Transformer.apply(Transformer.scala:20)
[info]   at org.scalatest.FunSuiteLike$$anon$1.apply(FunSuiteLike.scala:186)
[info]   ...
[info] - testing all/issues/silver/0282.vpr *** FAILED ***
[info]   java.lang.RuntimeException: Error occurred during translating: List(Parse error: Expected found "define bar Multiset(", expected Fail | preambleImport | fieldDecl | predicateDecl | methodDecl | Fail | End at index 37
[info] define bar Multiset(
[info] ^ (0282.vpr@2.1))
[info]   at scala.sys.package$.error(package.scala:26)
[info]   at FullSilverTests.parse(FullSilverTests.scala:77)
[info]   at FullSilverTests.$anonfun$testAFile$2(FullSilverTests.scala:46)
[info]   at scala.runtime.java8.JFunction0$mcV$sp.apply(JFunction0$mcV$sp.java:12)
[info]   at org.scalatest.OutcomeOf.outcomeOf(OutcomeOf.scala:85)
[info]   at org.scalatest.OutcomeOf.outcomeOf$(OutcomeOf.scala:83)
[info]   at org.scalatest.OutcomeOf$.outcomeOf(OutcomeOf.scala:104)
[info]   at org.scalatest.Transformer.apply(Transformer.scala:22)
[info]   at org.scalatest.Transformer.apply(Transformer.scala:20)
[info]   at org.scalatest.FunSuiteLike$$anon$1.apply(FunSuiteLike.scala:186)
[info]   ...
[info] - testing all/multisets/multisets.vpr *** FAILED ***
[info]   java.lang.RuntimeException: Error occurred during translating: List(Parse error: Expected found "Multiset[Int]\r\n  var", expected invalid identifier (could be a keyword) | "Rational" ~ !(CharIn("0123456789ABCDEFGHIJKLMNOPQRSTUVWXYZabcdefghijklmnopqrstuvwxyz$_")) | StringIn("Int", "Bool", "Perm", "Ref") ~ !(CharIn("0123456789ABCDEFGHIJKLMNOPQRSTUVWXYZabcdefghijklmnopqrstuvwxyz$_")) at index 138
[info]   var B1: Multiset[Int]
[info]           ^ (multisets.vpr@5.11))
[info]   at scala.sys.package$.error(package.scala:26)
[info]   at FullSilverTests.parse(FullSilverTests.scala:77)
[info]   at FullSilverTests.$anonfun$testAFile$2(FullSilverTests.scala:46)
[info]   at scala.runtime.java8.JFunction0$mcV$sp.apply(JFunction0$mcV$sp.java:12)
[info]   at org.scalatest.OutcomeOf.outcomeOf(OutcomeOf.scala:85)
[info]   at org.scalatest.OutcomeOf.outcomeOf$(OutcomeOf.scala:83)
[info]   at org.scalatest.OutcomeOf$.outcomeOf(OutcomeOf.scala:104)
[info]   at org.scalatest.Transformer.apply(Transformer.scala:22)
[info]   at org.scalatest.Transformer.apply(Transformer.scala:20)
[info]   at org.scalatest.FunSuiteLike$$anon$1.apply(FunSuiteLike.scala:186)
[info]   ...
[info] - testing all/old/old.vpr
[info] - testing all/permissions/forperm.vpr *** FAILED ***
[info]   java.lang.RuntimeException: Error occurred during translating: List(Parse error: Expected found ", b ? write : none)\n", expected invalid identifier (could be a keyword) | "." | ")" at index 185
[info]   requires acc(x.f, b ? write : none)
[info]                   ^ (forperm.vpr@8.19))
[info]   at scala.sys.package$.error(package.scala:26)
[info]   at FullSilverTests.parse(FullSilverTests.scala:77)
[info]   at FullSilverTests.$anonfun$testAFile$2(FullSilverTests.scala:46)
[info]   at scala.runtime.java8.JFunction0$mcV$sp.apply(JFunction0$mcV$sp.java:12)
[info]   at org.scalatest.OutcomeOf.outcomeOf(OutcomeOf.scala:85)
[info]   at org.scalatest.OutcomeOf.outcomeOf$(OutcomeOf.scala:83)
[info]   at org.scalatest.OutcomeOf$.outcomeOf(OutcomeOf.scala:104)
[info]   at org.scalatest.Transformer.apply(Transformer.scala:22)
[info]   at org.scalatest.Transformer.apply(Transformer.scala:20)
[info]   at org.scalatest.FunSuiteLike$$anon$1.apply(FunSuiteLike.scala:186)
[info]   ...
[info] - testing all/permissions/loops.vpr
[info] - testing all/permissions/negative_amounts.vpr *** FAILED ***
[info]   java.lang.RuntimeException: Error occurred during translating: List(Parse error: Expected found "assume none != k && ", expected Fail | methodCall | fieldassign | localassign | fold | unfold | assertP | ifthnels | whle | varDecl | starredNewstmt | regularNewstmt | block | Fail | "}" at index 376
[info]   assume none != k &&
[info]   ^ (negative_amounts.vpr@20.3))
[info]   at scala.sys.package$.error(package.scala:26)
[info]   at FullSilverTests.parse(FullSilverTests.scala:77)
[info]   at FullSilverTests.$anonfun$testAFile$2(FullSilverTests.scala:46)
[info]   at scala.runtime.java8.JFunction0$mcV$sp.apply(JFunction0$mcV$sp.java:12)
[info]   at org.scalatest.OutcomeOf.outcomeOf(OutcomeOf.scala:85)
[info]   at org.scalatest.OutcomeOf.outcomeOf$(OutcomeOf.scala:83)
[info]   at org.scalatest.OutcomeOf$.outcomeOf(OutcomeOf.scala:104)
[info]   at org.scalatest.Transformer.apply(Transformer.scala:22)
[info]   at org.scalatest.Transformer.apply(Transformer.scala:20)
[info]   at org.scalatest.FunSuiteLike$$anon$1.apply(FunSuiteLike.scala:186)
[info]   ...
[info] - testing all/permissions/perm.vpr *** FAILED ***
[info]   java.lang.RuntimeException: Error occurred during translating: List(Parse error: Expected found "/2) && acc(c2.val, 1", expected invalid identifier (could be a keyword) | ")" at index 182
[info] quires acc(c1.val, 1/2) && acc(c2.val, 1
[info]                     ^ (perm.vpr@7.25))
[info]   at scala.sys.package$.error(package.scala:26)
[info]   at FullSilverTests.parse(FullSilverTests.scala:77)
[info]   at FullSilverTests.$anonfun$testAFile$2(FullSilverTests.scala:46)
[info]   at scala.runtime.java8.JFunction0$mcV$sp.apply(JFunction0$mcV$sp.java:12)
[info]   at org.scalatest.OutcomeOf.outcomeOf(OutcomeOf.scala:85)
[info]   at org.scalatest.OutcomeOf.outcomeOf$(OutcomeOf.scala:83)
[info]   at org.scalatest.OutcomeOf$.outcomeOf(OutcomeOf.scala:104)
[info]   at org.scalatest.Transformer.apply(Transformer.scala:22)
[info]   at org.scalatest.Transformer.apply(Transformer.scala:20)
[info]   at org.scalatest.FunSuiteLike$$anon$1.apply(FunSuiteLike.scala:186)
[info]   ...
[info] - testing all/permissions/possibly_none_perms.vpr *** FAILED ***
[info]   java.lang.RuntimeException: Error occurred during translating: List(Parse error: Expected found ", b ? write : none)\r", expected invalid identifier (could be a keyword) | "." | ")" at index 175
[info]   requires acc(x.f, b ? write : none)
[info]                   ^ (possibly_none_perms.vpr@7.19))
[info]   at scala.sys.package$.error(package.scala:26)
[info]   at FullSilverTests.parse(FullSilverTests.scala:77)
[info]   at FullSilverTests.$anonfun$testAFile$2(FullSilverTests.scala:46)
[info]   at scala.runtime.java8.JFunction0$mcV$sp.apply(JFunction0$mcV$sp.java:12)
[info]   at org.scalatest.OutcomeOf.outcomeOf(OutcomeOf.scala:85)
[info]   at org.scalatest.OutcomeOf.outcomeOf$(OutcomeOf.scala:83)
[info]   at org.scalatest.OutcomeOf$.outcomeOf(OutcomeOf.scala:104)
[info]   at org.scalatest.Transformer.apply(Transformer.scala:22)
[info]   at org.scalatest.Transformer.apply(Transformer.scala:20)
[info]   at org.scalatest.FunSuiteLike$$anon$1.apply(FunSuiteLike.scala:186)
[info]   ...
[info] - testing all/permissions/various.vpr *** FAILED ***
[info]   java.lang.RuntimeException: Error occurred during translating: List(Parse error: Expected found ", p)\r\n{\r\n    t2(r, n", expected invalid identifier (could be a keyword) | "." | ")" at index 497
[info]     requires acc(r.f, p)
[info]                     ^ (various.vpr@25.21))
[info]   at scala.sys.package$.error(package.scala:26)
[info]   at FullSilverTests.parse(FullSilverTests.scala:77)
[info]   at FullSilverTests.$anonfun$testAFile$2(FullSilverTests.scala:46)
[info]   at scala.runtime.java8.JFunction0$mcV$sp.apply(JFunction0$mcV$sp.java:12)
[info]   at org.scalatest.OutcomeOf.outcomeOf(OutcomeOf.scala:85)
[info]   at org.scalatest.OutcomeOf.outcomeOf$(OutcomeOf.scala:83)
[info]   at org.scalatest.OutcomeOf$.outcomeOf(OutcomeOf.scala:104)
[info]   at org.scalatest.Transformer.apply(Transformer.scala:22)
[info]   at org.scalatest.Transformer.apply(Transformer.scala:20)
[info]   at org.scalatest.FunSuiteLike$$anon$1.apply(FunSuiteLike.scala:186)
[info]   ...
[info] - testing all/permission_introspection/forpermCheck.vpr *** FAILED ***
[info]   java.lang.RuntimeException: Error occurred during translating: List(Parse error: Expected found "r: Ref [r.f1] :: per", expected Fail | methodCall | fieldassign | localassign | fold | unfold | assertP | ifthnels | whle | varDecl | starredNewstmt | regularNewstmt | block | Fail | "}" at index 221
[info]   assert forperm r: Ref [r.f1] :: per
[info]                  ^ (forpermCheck.vpr@10.18))
[info]   at scala.sys.package$.error(package.scala:26)
[info]   at FullSilverTests.parse(FullSilverTests.scala:77)
[info]   at FullSilverTests.$anonfun$testAFile$2(FullSilverTests.scala:46)
[info]   at scala.runtime.java8.JFunction0$mcV$sp.apply(JFunction0$mcV$sp.java:12)
[info]   at org.scalatest.OutcomeOf.outcomeOf(OutcomeOf.scala:85)
[info]   at org.scalatest.OutcomeOf.outcomeOf$(OutcomeOf.scala:83)
[info]   at org.scalatest.OutcomeOf$.outcomeOf(OutcomeOf.scala:104)
[info]   at org.scalatest.Transformer.apply(Transformer.scala:22)
[info]   at org.scalatest.Transformer.apply(Transformer.scala:20)
[info]   at org.scalatest.FunSuiteLike$$anon$1.apply(FunSuiteLike.scala:186)
[info]   ...
[info] - testing all/permission_introspection/forpermFields.vpr *** FAILED ***
[info]   java.lang.RuntimeException: Error occurred during translating: List(Parse error: Expected found "r: Ref [r.f1] :: r.f", expected Fail | methodCall | fieldassign | localassign | fold | unfold | assertP | ifthnels | whle | varDecl | starredNewstmt | regularNewstmt | block | Fail | "}" at index 217
[info]   assert forperm r: Ref [r.f1] :: r.f
[info]                  ^ (forpermFields.vpr@12.18))
[info]   at scala.sys.package$.error(package.scala:26)
[info]   at FullSilverTests.parse(FullSilverTests.scala:77)
[info]   at FullSilverTests.$anonfun$testAFile$2(FullSilverTests.scala:46)
[info]   at scala.runtime.java8.JFunction0$mcV$sp.apply(JFunction0$mcV$sp.java:12)
[info]   at org.scalatest.OutcomeOf.outcomeOf(OutcomeOf.scala:85)
[info]   at org.scalatest.OutcomeOf.outcomeOf$(OutcomeOf.scala:83)
[info]   at org.scalatest.OutcomeOf$.outcomeOf(OutcomeOf.scala:104)
[info]   at org.scalatest.Transformer.apply(Transformer.scala:22)
[info]   at org.scalatest.Transformer.apply(Transformer.scala:20)
[info]   at org.scalatest.FunSuiteLike$$anon$1.apply(FunSuiteLike.scala:186)
[info]   ...
[info] - testing all/permission_introspection/forpermMisc.vpr *** FAILED ***
[info]   java.lang.RuntimeException: Error occurred during translating: List(Parse error: Expected found "r: Ref [r.val] :: r ", expected Fail | methodCall | fieldassign | localassign | fold | unfold | assertP | ifthnels | whle | varDecl | starredNewstmt | regularNewstmt | block | Fail | "}" at index 889
[info]   assert forperm r: Ref [r.val] :: r
[info]                  ^ (forpermMisc.vpr@33.18))
[info]   at scala.sys.package$.error(package.scala:26)
[info]   at FullSilverTests.parse(FullSilverTests.scala:77)
[info]   at FullSilverTests.$anonfun$testAFile$2(FullSilverTests.scala:46)
[info]   at scala.runtime.java8.JFunction0$mcV$sp.apply(JFunction0$mcV$sp.java:12)
[info]   at org.scalatest.OutcomeOf.outcomeOf(OutcomeOf.scala:85)
[info]   at org.scalatest.OutcomeOf.outcomeOf$(OutcomeOf.scala:83)
[info]   at org.scalatest.OutcomeOf$.outcomeOf(OutcomeOf.scala:104)
[info]   at org.scalatest.Transformer.apply(Transformer.scala:22)
[info]   at org.scalatest.Transformer.apply(Transformer.scala:20)
[info]   at org.scalatest.FunSuiteLike$$anon$1.apply(FunSuiteLike.scala:186)
[info]   ...
[info] - testing all/permission_introspection/forpermPredicatesSimple.vpr *** FAILED ***
[info]   java.lang.RuntimeException: Error occurred during translating: List(Parse error: Expected found "r: Ref [P1(r)] :: fa", expected Fail | methodCall | fieldassign | localassign | fold | unfold | assertP | ifthnels | whle | varDecl | starredNewstmt | regularNewstmt | block | Fail | "}" at index 258
[info]   assert forperm r: Ref [P1(r)] :: fa
[info]                  ^ (forpermPredicatesSimple.vpr@18.18))
[info]   at scala.sys.package$.error(package.scala:26)
[info]   at FullSilverTests.parse(FullSilverTests.scala:77)
[info]   at FullSilverTests.$anonfun$testAFile$2(FullSilverTests.scala:46)
[info]   at scala.runtime.java8.JFunction0$mcV$sp.apply(JFunction0$mcV$sp.java:12)
[info]   at org.scalatest.OutcomeOf.outcomeOf(OutcomeOf.scala:85)
[info]   at org.scalatest.OutcomeOf.outcomeOf$(OutcomeOf.scala:83)
[info]   at org.scalatest.OutcomeOf$.outcomeOf(OutcomeOf.scala:104)
[info]   at org.scalatest.Transformer.apply(Transformer.scala:22)
[info]   at org.scalatest.Transformer.apply(Transformer.scala:20)
[info]   at org.scalatest.FunSuiteLike$$anon$1.apply(FunSuiteLike.scala:186)
[info]   ...
[info] - testing all/predicates/arguments.vpr
[info] - testing all/predicates/different_field_types.vpr
[info] - testing all/predicates/receiverless.vpr
[info] - testing all/predicates/unfolding.vpr
[info] - testing all/sequences/binarySearchSeq.vpr *** FAILED ***
[info]   java.lang.RuntimeException: Error occurred during translating: List(Parse error: Expected found "array: Seq[Int], key", expected invalid identifier (could be a keyword) | "/*" ~ (!(StringIn("*/")) ~ AnyChar).rep ~ "*/" | "//" ~ CharsWhile(viper.silver.parser.FastParser$$$Lambda$333/0x000000080046e840@3449573d).? ~ ("\n" | End) | " " | "\t" | "\n" | "\r" | ")" at index 130
[info] ethod binary_search(array: Seq[Int], key
[info]                     ^ (binarySearchSeq.vpr@4.22))
[info]   at scala.sys.package$.error(package.scala:26)
[info]   at FullSilverTests.parse(FullSilverTests.scala:77)
[info]   at FullSilverTests.$anonfun$testAFile$2(FullSilverTests.scala:46)
[info]   at scala.runtime.java8.JFunction0$mcV$sp.apply(JFunction0$mcV$sp.java:12)
[info]   at org.scalatest.OutcomeOf.outcomeOf(OutcomeOf.scala:85)
[info]   at org.scalatest.OutcomeOf.outcomeOf$(OutcomeOf.scala:83)
[info]   at org.scalatest.OutcomeOf$.outcomeOf(OutcomeOf.scala:104)
[info]   at org.scalatest.Transformer.apply(Transformer.scala:22)
[info]   at org.scalatest.Transformer.apply(Transformer.scala:20)
[info]   at org.scalatest.FunSuiteLike$$anon$1.apply(FunSuiteLike.scala:186)
[info]   ...
[info] - testing all/sequences/nil.vpr *** FAILED ***
[info]   java.lang.RuntimeException: Error occurred during translating: List(Parse error: Expected found "Seq[Bool] := Seq[Boo", expected invalid identifier (could be a keyword) | "Rational" ~ !(CharIn("0123456789ABCDEFGHIJKLMNOPQRSTUVWXYZabcdefghijklmnopqrstuvwxyz$_")) | StringIn("Int", "Bool", "Perm", "Ref") ~ !(CharIn("0123456789ABCDEFGHIJKLMNOPQRSTUVWXYZabcdefghijklmnopqrstuvwxyz$_")) at index 139
[info]   var bs1: Seq[Bool] := Seq[Boo
[info]            ^ (nil.vpr@5.12))
[info]   at scala.sys.package$.error(package.scala:26)
[info]   at FullSilverTests.parse(FullSilverTests.scala:77)
[info]   at FullSilverTests.$anonfun$testAFile$2(FullSilverTests.scala:46)
[info]   at scala.runtime.java8.JFunction0$mcV$sp.apply(JFunction0$mcV$sp.java:12)
[info]   at org.scalatest.OutcomeOf.outcomeOf(OutcomeOf.scala:85)
[info]   at org.scalatest.OutcomeOf.outcomeOf$(OutcomeOf.scala:83)
[info]   at org.scalatest.OutcomeOf$.outcomeOf(OutcomeOf.scala:104)
[info]   at org.scalatest.Transformer.apply(Transformer.scala:22)
[info]   at org.scalatest.Transformer.apply(Transformer.scala:20)
[info]   at org.scalatest.FunSuiteLike$$anon$1.apply(FunSuiteLike.scala:186)
[info]   ...
[info] - testing all/sequences/sequences.vpr *** FAILED ***
[info]   java.lang.RuntimeException: Error occurred during translating: List(Parse error: Expected found ", xs: Seq[Int]) {\r\n ", expected invalid identifier (could be a keyword) | "/*" ~ (!(StringIn("*/")) ~ AnyChar).rep ~ "*/" | "//" ~ CharsWhile(viper.silver.parser.FastParser$$$Lambda$333/0x000000080046e840@3449573d).? ~ ("\n" | End) | " " | "\t" | "\n" | "\r" | ")" at index 125
[info] method t1(x: Int, xs: Seq[Int]) {
[info]                 ^ (sequences.vpr@4.17))
[info]   at scala.sys.package$.error(package.scala:26)
[info]   at FullSilverTests.parse(FullSilverTests.scala:77)
[info]   at FullSilverTests.$anonfun$testAFile$2(FullSilverTests.scala:46)
[info]   at scala.runtime.java8.JFunction0$mcV$sp.apply(JFunction0$mcV$sp.java:12)
[info]   at org.scalatest.OutcomeOf.outcomeOf(OutcomeOf.scala:85)
[info]   at org.scalatest.OutcomeOf.outcomeOf$(OutcomeOf.scala:83)
[info]   at org.scalatest.OutcomeOf$.outcomeOf(OutcomeOf.scala:104)
[info]   at org.scalatest.Transformer.apply(Transformer.scala:22)
[info]   at org.scalatest.Transformer.apply(Transformer.scala:20)
[info]   at org.scalatest.FunSuiteLike$$anon$1.apply(FunSuiteLike.scala:186)
[info]   ...
[info] - testing all/sets/sets.vpr *** FAILED ***
[info]   java.lang.RuntimeException: Error occurred during translating: List(Parse error: Expected found ", xs: Set[Int]) {\n  ", expected invalid identifier (could be a keyword) | "/*" ~ (!(StringIn("*/")) ~ AnyChar).rep ~ "*/" | "//" ~ CharsWhile(viper.silver.parser.FastParser$$$Lambda$333/0x000000080046e840@3449573d).? ~ ("\n" | End) | " " | "\t" | "\n" | "\r" | ")" at index 126
[info] method t1(x: Int, xs: Set[Int]) {
[info]                 ^ (sets.vpr@5.17))
[info]   at scala.sys.package$.error(package.scala:26)
[info]   at FullSilverTests.parse(FullSilverTests.scala:77)
[info]   at FullSilverTests.$anonfun$testAFile$2(FullSilverTests.scala:46)
[info]   at scala.runtime.java8.JFunction0$mcV$sp.apply(JFunction0$mcV$sp.java:12)
[info]   at org.scalatest.OutcomeOf.outcomeOf(OutcomeOf.scala:85)
[info]   at org.scalatest.OutcomeOf.outcomeOf$(OutcomeOf.scala:83)
[info]   at org.scalatest.OutcomeOf$.outcomeOf(OutcomeOf.scala:104)
[info]   at org.scalatest.Transformer.apply(Transformer.scala:22)
[info]   at org.scalatest.Transformer.apply(Transformer.scala:20)
[info]   at org.scalatest.FunSuiteLike$$anon$1.apply(FunSuiteLike.scala:186)
[info]   ...
[info] - testing all/third_party/loop-inv-bug.vpr *** FAILED ***
[info]   java.lang.RuntimeException: Error occurred during translating: List(Parse error: Expected found "assume i == n\n  assu", expected Fail | methodCall | fieldassign | localassign | fold | unfold | assertP | ifthnels | whle | varDecl | starredNewstmt | regularNewstmt | block | Fail | "}" at index 438
[info]   assume i == n
[info]   ^ (loop-inv-bug.vpr@15.3))
[info]   at scala.sys.package$.error(package.scala:26)
[info]   at FullSilverTests.parse(FullSilverTests.scala:77)
[info]   at FullSilverTests.$anonfun$testAFile$2(FullSilverTests.scala:46)
[info]   at scala.runtime.java8.JFunction0$mcV$sp.apply(JFunction0$mcV$sp.java:12)
[info]   at org.scalatest.OutcomeOf.outcomeOf(OutcomeOf.scala:85)
[info]   at org.scalatest.OutcomeOf.outcomeOf$(OutcomeOf.scala:83)
[info]   at org.scalatest.OutcomeOf$.outcomeOf(OutcomeOf.scala:104)
[info]   at org.scalatest.Transformer.apply(Transformer.scala:22)
[info]   at org.scalatest.Transformer.apply(Transformer.scala:20)
[info]   at org.scalatest.FunSuiteLike$$anon$1.apply(FunSuiteLike.scala:186)
[info]   ...
[info] - testing all/third_party/stefan_recent/testCollections.vpr *** FAILED ***
[info]   java.lang.RuntimeException: Error occurred during translating: List(Parse error: Expected found "Seq[Int]\n  var S: Se", expected invalid identifier (could be a keyword) | "Rational" ~ !(CharIn("0123456789ABCDEFGHIJKLMNOPQRSTUVWXYZabcdefghijklmnopqrstuvwxyz$_")) | StringIn("Int", "Bool", "Perm", "Ref") ~ !(CharIn("0123456789ABCDEFGHIJKLMNOPQRSTUVWXYZabcdefghijklmnopqrstuvwxyz$_")) at index 229
[info]   var L: Seq[Int]
[info]          ^ (testCollections.vpr@8.10))
[info]   at scala.sys.package$.error(package.scala:26)
[info]   at FullSilverTests.parse(FullSilverTests.scala:77)
[info]   at FullSilverTests.$anonfun$testAFile$2(FullSilverTests.scala:46)
[info]   at scala.runtime.java8.JFunction0$mcV$sp.apply(JFunction0$mcV$sp.java:12)
[info]   at org.scalatest.OutcomeOf.outcomeOf(OutcomeOf.scala:85)
[info]   at org.scalatest.OutcomeOf.outcomeOf$(OutcomeOf.scala:83)
[info]   at org.scalatest.OutcomeOf$.outcomeOf(OutcomeOf.scala:104)
[info]   at org.scalatest.Transformer.apply(Transformer.scala:22)
[info]   at org.scalatest.Transformer.apply(Transformer.scala:20)
[info]   at org.scalatest.FunSuiteLike$$anon$1.apply(FunSuiteLike.scala:186)
[info]   ...
[info] - testing all/third_party/stefan_recent/testPVLSyntax.vpr *** FAILED ***
[info]   java.lang.RuntimeException: Error occurred during translating: List(Parse error: Expected found "Seq[Ref]\n  L := Seq[", expected invalid identifier (could be a keyword) | "Rational" ~ !(CharIn("0123456789ABCDEFGHIJKLMNOPQRSTUVWXYZabcdefghijklmnopqrstuvwxyz$_")) | StringIn("Int", "Bool", "Perm", "Ref") ~ !(CharIn("0123456789ABCDEFGHIJKLMNOPQRSTUVWXYZabcdefghijklmnopqrstuvwxyz$_")) at index 401
[info]   var L: Seq[Ref]
[info]          ^ (testPVLSyntax.vpr@18.10))
[info]   at scala.sys.package$.error(package.scala:26)
[info]   at FullSilverTests.parse(FullSilverTests.scala:77)
[info]   at FullSilverTests.$anonfun$testAFile$2(FullSilverTests.scala:46)
[info]   at scala.runtime.java8.JFunction0$mcV$sp.apply(JFunction0$mcV$sp.java:12)
[info]   at org.scalatest.OutcomeOf.outcomeOf(OutcomeOf.scala:85)
[info]   at org.scalatest.OutcomeOf.outcomeOf$(OutcomeOf.scala:83)
[info]   at org.scalatest.OutcomeOf$.outcomeOf(OutcomeOf.scala:104)
[info]   at org.scalatest.Transformer.apply(Transformer.scala:22)
[info]   at org.scalatest.Transformer.apply(Transformer.scala:20)
[info]   at org.scalatest.FunSuiteLike$$anon$1.apply(FunSuiteLike.scala:186)
[info]   ...
[info] - testing all/third_party/stefan_recent/testValue1.vpr *** FAILED ***
[info]   java.lang.RuntimeException: Error occurred during translating: List(Parse error: Expected found ", wildcard)\n  requir", expected invalid identifier (could be a keyword) | "." | ")" at index 288
[info] es acc(t1.Test__next, wildcard)
[info]                     ^ (testValue1.vpr@9.29))
[info]   at scala.sys.package$.error(package.scala:26)
[info]   at FullSilverTests.parse(FullSilverTests.scala:77)
[info]   at FullSilverTests.$anonfun$testAFile$2(FullSilverTests.scala:46)
[info]   at scala.runtime.java8.JFunction0$mcV$sp.apply(JFunction0$mcV$sp.java:12)
[info]   at org.scalatest.OutcomeOf.outcomeOf(OutcomeOf.scala:85)
[info]   at org.scalatest.OutcomeOf.outcomeOf$(OutcomeOf.scala:83)
[info]   at org.scalatest.OutcomeOf$.outcomeOf(OutcomeOf.scala:104)
[info]   at org.scalatest.Transformer.apply(Transformer.scala:22)
[info]   at org.scalatest.Transformer.apply(Transformer.scala:20)
[info]   at org.scalatest.FunSuiteLike$$anon$1.apply(FunSuiteLike.scala:186)
[info]   ...
[info] - testing all/third_party/stefan_recent/testValue2.vpr *** FAILED ***
[info]   java.lang.RuntimeException: Error occurred during translating: List(Parse error: Expected found ", wildcard)\n  requir", expected invalid identifier (could be a keyword) | "." | ")" at index 288
[info] es acc(t1.Test__next, wildcard)
[info]                     ^ (testValue2.vpr@9.29))
[info]   at scala.sys.package$.error(package.scala:26)
[info]   at FullSilverTests.parse(FullSilverTests.scala:77)
[info]   at FullSilverTests.$anonfun$testAFile$2(FullSilverTests.scala:46)
[info]   at scala.runtime.java8.JFunction0$mcV$sp.apply(JFunction0$mcV$sp.java:12)
[info]   at org.scalatest.OutcomeOf.outcomeOf(OutcomeOf.scala:85)
[info]   at org.scalatest.OutcomeOf.outcomeOf$(OutcomeOf.scala:83)
[info]   at org.scalatest.OutcomeOf$.outcomeOf(OutcomeOf.scala:104)
[info]   at org.scalatest.Transformer.apply(Transformer.scala:22)
[info]   at org.scalatest.Transformer.apply(Transformer.scala:20)
[info]   at org.scalatest.FunSuiteLike$$anon$1.apply(FunSuiteLike.scala:186)
[info]   ...
[info] - testing all/third_party/stefan_recent/test_example2.vpr
[info] - testing all/third_party/stefan_recent/test_zero.vpr *** FAILED ***
[info]   java.lang.RuntimeException: Error occurred during translating: List(Parse error: Expected found "Seq[Ref]\n\nfield Ref_", expected invalid identifier (could be a keyword) | "Rational" ~ !(CharIn("0123456789ABCDEFGHIJKLMNOPQRSTUVWXYZabcdefghijklmnopqrstuvwxyz$_")) | StringIn("Int", "Bool", "Perm", "Ref") ~ !(CharIn("0123456789ABCDEFGHIJKLMNOPQRSTUVWXYZabcdefghijklmnopqrstuvwxyz$_")) at index 124
[info] field zero__x: Seq[Ref]
[info]                ^ (test_zero.vpr@4.16))
[info]   at scala.sys.package$.error(package.scala:26)
[info]   at FullSilverTests.parse(FullSilverTests.scala:77)
[info]   at FullSilverTests.$anonfun$testAFile$2(FullSilverTests.scala:46)
[info]   at scala.runtime.java8.JFunction0$mcV$sp.apply(JFunction0$mcV$sp.java:12)
[info]   at org.scalatest.OutcomeOf.outcomeOf(OutcomeOf.scala:85)
[info]   at org.scalatest.OutcomeOf.outcomeOf$(OutcomeOf.scala:83)
[info]   at org.scalatest.OutcomeOf$.outcomeOf(OutcomeOf.scala:104)
[info]   at org.scalatest.Transformer.apply(Transformer.scala:22)
[info]   at org.scalatest.Transformer.apply(Transformer.scala:20)
[info]   at org.scalatest.FunSuiteLike$$anon$1.apply(FunSuiteLike.scala:186)
[info]   ...
[info] - testing all/third_party/stefan_recent/test_zero_err.vpr *** FAILED ***
[info]   java.lang.RuntimeException: Error occurred during translating: List(Parse error: Expected found "Seq[Ref]\n\nfield Ref_", expected invalid identifier (could be a keyword) | "Rational" ~ !(CharIn("0123456789ABCDEFGHIJKLMNOPQRSTUVWXYZabcdefghijklmnopqrstuvwxyz$_")) | StringIn("Int", "Bool", "Perm", "Ref") ~ !(CharIn("0123456789ABCDEFGHIJKLMNOPQRSTUVWXYZabcdefghijklmnopqrstuvwxyz$_")) at index 124
[info] field zero__x: Seq[Ref]
[info]                ^ (test_zero_err.vpr@4.16))
[info]   at scala.sys.package$.error(package.scala:26)
[info]   at FullSilverTests.parse(FullSilverTests.scala:77)
[info]   at FullSilverTests.$anonfun$testAFile$2(FullSilverTests.scala:46)
[info]   at scala.runtime.java8.JFunction0$mcV$sp.apply(JFunction0$mcV$sp.java:12)
[info]   at org.scalatest.OutcomeOf.outcomeOf(OutcomeOf.scala:85)
[info]   at org.scalatest.OutcomeOf.outcomeOf$(OutcomeOf.scala:83)
[info]   at org.scalatest.OutcomeOf$.outcomeOf(OutcomeOf.scala:104)
[info]   at org.scalatest.Transformer.apply(Transformer.scala:22)
[info]   at org.scalatest.Transformer.apply(Transformer.scala:20)
[info]   at org.scalatest.FunSuiteLike$$anon$1.apply(FunSuiteLike.scala:186)
[info]   ...
[info] Run completed in 10 seconds, 995 milliseconds.
[info] Total number of tests run: 282
[info] Suites: completed 1, aborted 0
[info] Tests: succeeded 77, failed 205, canceled 0, ignored 0, pending 0
[info] *** 205 TESTS FAILED ***
[error] Failed tests:
[error] 	FullSilverTests
[error] (Test / testOnly) sbt.TestsFailedException: Tests unsuccessful
[error] Total time: 13 s, completed Jun 25, 2020, 12:32:19 PM
